[0.009s] Invoking command in '/home/itoon/Documents/GitHub/Fun4_RoboticDev/build/fun4_interfaces': CMAKE_PREFIX_PATH=${CMAKE_PREFIX_PATH}:/opt/ros/humble /usr/bin/cmake --build /home/itoon/Documents/GitHub/Fun4_RoboticDev/build/fun4_interfaces -- -j20 -l20
[0.028s] -- Found ament_cmake: 1.3.10 (/opt/ros/humble/share/ament_cmake/cmake)
[0.122s] -- Found ament_lint_auto: 0.12.11 (/opt/ros/humble/share/ament_lint_auto/cmake)
[0.166s] -- Found std_msgs: 4.2.4 (/opt/ros/humble/share/std_msgs/cmake)
[0.185s] -- Found rosidl_generator_c: 3.1.5 (/opt/ros/humble/share/rosidl_generator_c/cmake)
[0.188s] -- Found rosidl_adapter: 3.1.5 (/opt/ros/humble/share/rosidl_adapter/cmake)
[0.192s] -- Found rosidl_generator_cpp: 3.1.5 (/opt/ros/humble/share/rosidl_generator_cpp/cmake)
[0.200s] -- Using all available rosidl_typesupport_c: rosidl_typesupport_fastrtps_c;rosidl_typesupport_introspection_c
[0.209s] -- Using all available rosidl_typesupport_cpp: rosidl_typesupport_fastrtps_cpp;rosidl_typesupport_introspection_cpp
[0.225s] -- Found geometry_msgs: 4.2.4 (/opt/ros/humble/share/geometry_msgs/cmake)
[0.235s] -- Found rosidl_default_generators: 1.2.0 (/opt/ros/humble/share/rosidl_default_generators/cmake)
[0.382s] -- Found ament_cmake_ros: 0.10.0 (/opt/ros/humble/share/ament_cmake_ros/cmake)
[0.646s] -- Using all available rosidl_typesupport_c: rosidl_typesupport_fastrtps_c;rosidl_typesupport_introspection_c
[0.746s] -- Using all available rosidl_typesupport_cpp: rosidl_typesupport_fastrtps_cpp;rosidl_typesupport_introspection_cpp
[0.763s] -- Found python_cmake_module: 0.10.0 (/opt/ros/humble/share/python_cmake_module/cmake)
[0.779s] -- Using PYTHON_EXECUTABLE: /usr/bin/python3
[0.779s] -- Using PYTHON_INCLUDE_DIRS: /usr/include/python3.10
[0.779s] -- Using PYTHON_LIBRARIES: /usr/lib/x86_64-linux-gnu/libpython3.10.so
[0.804s] -- Added test 'lint_cmake' to check CMake code style
[0.805s] -- Added test 'xmllint' to check XML markup files
[0.809s] -- Configuring done
[0.833s] -- Generating done
[0.836s] -- Build files have been written to: /home/itoon/Documents/GitHub/Fun4_RoboticDev/build/fun4_interfaces
[0.853s] [  3%] [34m[1mGenerating C code for ROS interfaces[0m
[0.860s] [  6%] [34m[1mGenerating C++ code for ROS interfaces[0m
[0.865s] [  6%] Built target ament_cmake_python_copy_fun4_interfaces
[1.010s] running egg_info
[1.011s] writing fun4_interfaces.egg-info/PKG-INFO
[1.011s] writing dependency_links to fun4_interfaces.egg-info/dependency_links.txt
[1.011s] writing top-level names to fun4_interfaces.egg-info/top_level.txt
[1.012s] reading manifest file 'fun4_interfaces.egg-info/SOURCES.txt'
[1.013s] writing manifest file 'fun4_interfaces.egg-info/SOURCES.txt'
[1.020s] [  6%] Built target fun4_interfaces__cpp
[1.028s] [35m[1mConsolidate compiler generated dependencies of target fun4_interfaces__rosidl_generator_c[0m
[1.028s] [  9%] [34m[1mGenerating C++ type support dispatch for ROS interfaces[0m
[1.028s] [ 12%] [34m[1mGenerating C++ introspection for ROS interfaces[0m
[1.028s] [ 16%] [34m[1mGenerating C++ type support for eProsima Fast-RTPS[0m
[1.031s] [ 16%] Built target ament_cmake_python_build_fun4_interfaces_egg
[1.036s] [ 19%] [32mBuilding C object CMakeFiles/fun4_interfaces__rosidl_generator_c.dir/rosidl_generator_c/fun4_interfaces/srv/detail/mode__functions.c.o[0m
[1.064s] In file included from [01m[K/home/itoon/Documents/GitHub/Fun4_RoboticDev/build/fun4_interfaces/rosidl_generator_c/fun4_interfaces/srv/detail/mode__functions.h:19[m[K,
[1.064s]                  from [01m[K/home/itoon/Documents/GitHub/Fun4_RoboticDev/build/fun4_interfaces/rosidl_generator_c/fun4_interfaces/srv/detail/mode__functions.c:4[m[K:
[1.064s] [01m[K/home/itoon/Documents/GitHub/Fun4_RoboticDev/build/fun4_interfaces/rosidl_generator_c/fun4_interfaces/srv/detail/mode__struct.h:44:10:[m[K [01;31m[Kfatal error: [m[Kstd_msg/msg/detail/string__struct.h: No such file or directory
[1.064s]    44 | #include [01;31m[K"std_msg/msg/detail/string__struct.h"[m[K
[1.064s]       |          [01;31m[K^~~~~~~~~~~~~~~~~~~~~~~~~~~~~~~~~~~~~[m[K
[1.065s] compilation terminated.
[1.065s] gmake[2]: *** [CMakeFiles/fun4_interfaces__rosidl_generator_c.dir/build.make:165: CMakeFiles/fun4_interfaces__rosidl_generator_c.dir/rosidl_generator_c/fun4_interfaces/srv/detail/mode__functions.c.o] Error 1
[1.066s] gmake[1]: *** [CMakeFiles/Makefile2:213: CMakeFiles/fun4_interfaces__rosidl_generator_c.dir/all] Error 2
[1.066s] gmake[1]: *** Waiting for unfinished jobs....
[1.162s] [35m[1mConsolidate compiler generated dependencies of target fun4_interfaces__rosidl_typesupport_cpp[0m
[1.171s] [ 22%] [32mBuilding CXX object CMakeFiles/fun4_interfaces__rosidl_typesupport_cpp.dir/rosidl_typesupport_cpp/fun4_interfaces/srv/mode__type_support.cpp.o[0m
[1.175s] [35m[1mConsolidate compiler generated dependencies of target fun4_interfaces__rosidl_typesupport_introspection_cpp[0m
[1.185s] [ 25%] [32mBuilding CXX object CMakeFiles/fun4_interfaces__rosidl_typesupport_introspection_cpp.dir/rosidl_typesupport_introspection_cpp/fun4_interfaces/srv/detail/mode__type_support.cpp.o[0m
[1.193s] [35m[1mConsolidate compiler generated dependencies of target fun4_interfaces__rosidl_typesupport_fastrtps_cpp[0m
[1.203s] [ 29%] [32mBuilding CXX object CMakeFiles/fun4_interfaces__rosidl_typesupport_fastrtps_cpp.dir/rosidl_typesupport_fastrtps_cpp/fun4_interfaces/srv/detail/dds_fastrtps/mode__type_support.cpp.o[0m
[1.224s] In file included from [01m[K/home/itoon/Documents/GitHub/Fun4_RoboticDev/build/fun4_interfaces/rosidl_typesupport_cpp/fun4_interfaces/srv/mode__type_support.cpp:7[m[K:
[1.224s] [01m[K/home/itoon/Documents/GitHub/Fun4_RoboticDev/build/fun4_interfaces/rosidl_generator_cpp/fun4_interfaces/srv/detail/mode__struct.hpp:176:10:[m[K [01;31m[Kfatal error: [m[Kstd_msg/msg/detail/string__struct.hpp: No such file or directory
[1.224s]   176 | #include [01;31m[K"std_msg/msg/detail/string__struct.hpp"[m[K
[1.224s]       |          [01;31m[K^~~~~~~~~~~~~~~~~~~~~~~~~~~~~~~~~~~~~~~[m[K
[1.224s] compilation terminated.
[1.225s] gmake[2]: *** [CMakeFiles/fun4_interfaces__rosidl_typesupport_cpp.dir/build.make:146: CMakeFiles/fun4_interfaces__rosidl_typesupport_cpp.dir/rosidl_typesupport_cpp/fun4_interfaces/srv/mode__type_support.cpp.o] Error 1
[1.225s] gmake[1]: *** [CMakeFiles/Makefile2:395: CMakeFiles/fun4_interfaces__rosidl_typesupport_cpp.dir/all] Error 2
[1.234s] In file included from [01m[K/home/itoon/Documents/GitHub/Fun4_RoboticDev/build/fun4_interfaces/rosidl_typesupport_fastrtps_cpp/fun4_interfaces/srv/detail/mode__rosidl_typesupport_fastrtps_cpp.hpp:11[m[K,
[1.234s]                  from [01m[K/home/itoon/Documents/GitHub/Fun4_RoboticDev/build/fun4_interfaces/rosidl_typesupport_fastrtps_cpp/fun4_interfaces/srv/detail/dds_fastrtps/mode__type_support.cpp:4[m[K:
[1.234s] [01m[K/home/itoon/Documents/GitHub/Fun4_RoboticDev/build/fun4_interfaces/rosidl_generator_cpp/fun4_interfaces/srv/detail/mode__struct.hpp:176:10:[m[K [01;31m[Kfatal error: [m[Kstd_msg/msg/detail/string__struct.hpp: No such file or directory
[1.234s]   176 | #include [01;31m[K"std_msg/msg/detail/string__struct.hpp"[m[K
[1.234s]       |          [01;31m[K^~~~~~~~~~~~~~~~~~~~~~~~~~~~~~~~~~~~~~~[m[K
[1.234s] compilation terminated.
[1.235s] gmake[2]: *** [CMakeFiles/fun4_interfaces__rosidl_typesupport_fastrtps_cpp.dir/build.make:151: CMakeFiles/fun4_interfaces__rosidl_typesupport_fastrtps_cpp.dir/rosidl_typesupport_fastrtps_cpp/fun4_interfaces/srv/detail/dds_fastrtps/mode__type_support.cpp.o] Error 1
[1.235s] gmake[1]: *** [CMakeFiles/Makefile2:291: CMakeFiles/fun4_interfaces__rosidl_typesupport_fastrtps_cpp.dir/all] Error 2
[1.239s] In file included from [01m[K/home/itoon/Documents/GitHub/Fun4_RoboticDev/build/fun4_interfaces/rosidl_typesupport_introspection_cpp/fun4_interfaces/srv/detail/mode__type_support.cpp:12[m[K:
[1.239s] [01m[K/home/itoon/Documents/GitHub/Fun4_RoboticDev/build/fun4_interfaces/rosidl_generator_cpp/fun4_interfaces/srv/detail/mode__struct.hpp:176:10:[m[K [01;31m[Kfatal error: [m[Kstd_msg/msg/detail/string__struct.hpp: No such file or directory
[1.239s]   176 | #include [01;31m[K"std_msg/msg/detail/string__struct.hpp"[m[K
[1.239s]       |          [01;31m[K^~~~~~~~~~~~~~~~~~~~~~~~~~~~~~~~~~~~~~~[m[K
[1.240s] compilation terminated.
[1.241s] gmake[2]: *** [CMakeFiles/fun4_interfaces__rosidl_typesupport_introspection_cpp.dir/build.make:151: CMakeFiles/fun4_interfaces__rosidl_typesupport_introspection_cpp.dir/rosidl_typesupport_introspection_cpp/fun4_interfaces/srv/detail/mode__type_support.cpp.o] Error 1
[1.241s] gmake[1]: *** [CMakeFiles/Makefile2:369: CMakeFiles/fun4_interfaces__rosidl_typesupport_introspection_cpp.dir/all] Error 2
[1.241s] gmake: *** [Makefile:146: all] Error 2
[1.242s] Invoked command in '/home/itoon/Documents/GitHub/Fun4_RoboticDev/build/fun4_interfaces' returned '2': CMAKE_PREFIX_PATH=${CMAKE_PREFIX_PATH}:/opt/ros/humble /usr/bin/cmake --build /home/itoon/Documents/GitHub/Fun4_RoboticDev/build/fun4_interfaces -- -j20 -l20
