[0.011s] Invoking command in '/home/itoon/Documents/GitHub/Fun4_RoboticDev/build/example_description': CMAKE_PREFIX_PATH=${CMAKE_PREFIX_PATH}:/opt/ros/humble /usr/bin/cmake --build /home/itoon/Documents/GitHub/Fun4_RoboticDev/build/example_description -- -j20 -l20
[0.048s] [100%] Built target cpp_node_test
[0.057s] [100%] Built target ament_cmake_python_copy_example_description
[0.199s] running egg_info
[0.199s] writing example_description.egg-info/PKG-INFO
[0.199s] writing dependency_links to example_description.egg-info/dependency_links.txt
[0.199s] writing top-level names to example_description.egg-info/top_level.txt
[0.200s] reading manifest file 'example_description.egg-info/SOURCES.txt'
[0.200s] writing manifest file 'example_description.egg-info/SOURCES.txt'
[0.221s] [100%] Built target ament_cmake_python_build_example_description_egg
[0.232s] Invoked command in '/home/itoon/Documents/GitHub/Fun4_RoboticDev/build/example_description' returned '0': CMAKE_PREFIX_PATH=${CMAKE_PREFIX_PATH}:/opt/ros/humble /usr/bin/cmake --build /home/itoon/Documents/GitHub/Fun4_RoboticDev/build/example_description -- -j20 -l20
[0.258s] Invoking command in '/home/itoon/Documents/GitHub/Fun4_RoboticDev/build/example_description': CMAKE_PREFIX_PATH=${CMAKE_PREFIX_PATH}:/opt/ros/humble /usr/bin/cmake --install /home/itoon/Documents/GitHub/Fun4_RoboticDev/build/example_description
[0.264s] -- Install configuration: ""
[0.264s] -- Up-to-date: /home/itoon/Documents/GitHub/Fun4_RoboticDev/install/example_description/share/example_description/environment/pythonpath.sh
[0.264s] -- Up-to-date: /home/itoon/Documents/GitHub/Fun4_RoboticDev/install/example_description/share/example_description/environment/pythonpath.dsv
[0.264s] -- Up-to-date: /home/itoon/Documents/GitHub/Fun4_RoboticDev/install/example_description/local/lib/python3.10/dist-packages/example_description-0.0.0-py3.10.egg-info
[0.264s] -- Installing: /home/itoon/Documents/GitHub/Fun4_RoboticDev/install/example_description/local/lib/python3.10/dist-packages/example_description-0.0.0-py3.10.egg-info/dependency_links.txt
[0.264s] -- Installing: /home/itoon/Documents/GitHub/Fun4_RoboticDev/install/example_description/local/lib/python3.10/dist-packages/example_description-0.0.0-py3.10.egg-info/top_level.txt
[0.264s] -- Installing: /home/itoon/Documents/GitHub/Fun4_RoboticDev/install/example_description/local/lib/python3.10/dist-packages/example_description-0.0.0-py3.10.egg-info/PKG-INFO
[0.264s] -- Installing: /home/itoon/Documents/GitHub/Fun4_RoboticDev/install/example_description/local/lib/python3.10/dist-packages/example_description-0.0.0-py3.10.egg-info/SOURCES.txt
[0.264s] -- Up-to-date: /home/itoon/Documents/GitHub/Fun4_RoboticDev/install/example_description/local/lib/python3.10/dist-packages/example_description
[0.264s] -- Up-to-date: /home/itoon/Documents/GitHub/Fun4_RoboticDev/install/example_description/local/lib/python3.10/dist-packages/example_description/__init__.py
[0.264s] -- Up-to-date: /home/itoon/Documents/GitHub/Fun4_RoboticDev/install/example_description/local/lib/python3.10/dist-packages/example_description/dummy_module.py
[0.286s] Listing '/home/itoon/Documents/GitHub/Fun4_RoboticDev/install/example_description/local/lib/python3.10/dist-packages/example_description'...
[0.292s] -- Up-to-date: /home/itoon/Documents/GitHub/Fun4_RoboticDev/install/example_description/lib/example_description/dummy_script.py
[0.293s] -- Up-to-date: /home/itoon/Documents/GitHub/Fun4_RoboticDev/install/example_description/lib/example_description/cpp_node_test
[0.293s] -- Up-to-date: /home/itoon/Documents/GitHub/Fun4_RoboticDev/install/example_description/share/example_description/config
[0.293s] -- Up-to-date: /home/itoon/Documents/GitHub/Fun4_RoboticDev/install/example_description/share/example_description/launch
[0.293s] -- Up-to-date: /home/itoon/Documents/GitHub/Fun4_RoboticDev/install/example_description/share/example_description/launch/simple_display.launch.py
[0.293s] -- Installing: /home/itoon/Documents/GitHub/Fun4_RoboticDev/install/example_description/share/example_description/launch/fun.launch.py
[0.293s] -- Up-to-date: /home/itoon/Documents/GitHub/Fun4_RoboticDev/install/example_description/share/example_description/meshes
[0.294s] -- Up-to-date: /home/itoon/Documents/GitHub/Fun4_RoboticDev/install/example_description/share/example_description/meshes/link_0.stl
[0.294s] -- Up-to-date: /home/itoon/Documents/GitHub/Fun4_RoboticDev/install/example_description/share/example_description/meshes/end_effector.stl
[0.294s] -- Up-to-date: /home/itoon/Documents/GitHub/Fun4_RoboticDev/install/example_description/share/example_description/meshes/link_3.stl
[0.294s] -- Up-to-date: /home/itoon/Documents/GitHub/Fun4_RoboticDev/install/example_description/share/example_description/meshes/link_1.stl
[0.294s] -- Up-to-date: /home/itoon/Documents/GitHub/Fun4_RoboticDev/install/example_description/share/example_description/meshes/link_2.stl
[0.294s] -- Up-to-date: /home/itoon/Documents/GitHub/Fun4_RoboticDev/install/example_description/share/example_description/robot
[0.294s] -- Up-to-date: /home/itoon/Documents/GitHub/Fun4_RoboticDev/install/example_description/share/example_description/robot/visual
[0.294s] -- Up-to-date: /home/itoon/Documents/GitHub/Fun4_RoboticDev/install/example_description/share/example_description/robot/visual/my-robot.xacro
[0.294s] -- Up-to-date: /home/itoon/Documents/GitHub/Fun4_RoboticDev/install/example_description/share/example_description/robot/visual/01-myfirst.urdf
[0.294s] -- Up-to-date: /home/itoon/Documents/GitHub/Fun4_RoboticDev/install/example_description/share/ament_index/resource_index/package_run_dependencies/example_description
[0.294s] -- Up-to-date: /home/itoon/Documents/GitHub/Fun4_RoboticDev/install/example_description/share/ament_index/resource_index/parent_prefix_path/example_description
[0.295s] -- Up-to-date: /home/itoon/Documents/GitHub/Fun4_RoboticDev/install/example_description/share/example_description/environment/ament_prefix_path.sh
[0.295s] -- Up-to-date: /home/itoon/Documents/GitHub/Fun4_RoboticDev/install/example_description/share/example_description/environment/ament_prefix_path.dsv
[0.295s] -- Up-to-date: /home/itoon/Documents/GitHub/Fun4_RoboticDev/install/example_description/share/example_description/environment/path.sh
[0.295s] -- Up-to-date: /home/itoon/Documents/GitHub/Fun4_RoboticDev/install/example_description/share/example_description/environment/path.dsv
[0.295s] -- Up-to-date: /home/itoon/Documents/GitHub/Fun4_RoboticDev/install/example_description/share/example_description/local_setup.bash
[0.295s] -- Up-to-date: /home/itoon/Documents/GitHub/Fun4_RoboticDev/install/example_description/share/example_description/local_setup.sh
[0.295s] -- Up-to-date: /home/itoon/Documents/GitHub/Fun4_RoboticDev/install/example_description/share/example_description/local_setup.zsh
[0.295s] -- Up-to-date: /home/itoon/Documents/GitHub/Fun4_RoboticDev/install/example_description/share/example_description/local_setup.dsv
[0.295s] -- Installing: /home/itoon/Documents/GitHub/Fun4_RoboticDev/install/example_description/share/example_description/package.dsv
[0.295s] -- Up-to-date: /home/itoon/Documents/GitHub/Fun4_RoboticDev/install/example_description/share/ament_index/resource_index/packages/example_description
[0.295s] -- Up-to-date: /home/itoon/Documents/GitHub/Fun4_RoboticDev/install/example_description/share/example_description/cmake/example_descriptionConfig.cmake
[0.295s] -- Up-to-date: /home/itoon/Documents/GitHub/Fun4_RoboticDev/install/example_description/share/example_description/cmake/example_descriptionConfig-version.cmake
[0.295s] -- Up-to-date: /home/itoon/Documents/GitHub/Fun4_RoboticDev/install/example_description/share/example_description/package.xml
[0.295s] Invoked command in '/home/itoon/Documents/GitHub/Fun4_RoboticDev/build/example_description' returned '0': CMAKE_PREFIX_PATH=${CMAKE_PREFIX_PATH}:/opt/ros/humble /usr/bin/cmake --install /home/itoon/Documents/GitHub/Fun4_RoboticDev/build/example_description
