-- Found ament_cmake: 1.3.10 (/opt/ros/humble/share/ament_cmake/cmake)
-- Found rclcpp: 16.0.10 (/opt/ros/humble/share/rclcpp/cmake)
-- Found rosidl_generator_c: 3.1.5 (/opt/ros/humble/share/rosidl_generator_c/cmake)
-- Found rosidl_adapter: 3.1.5 (/opt/ros/humble/share/rosidl_adapter/cmake)
-- Found rosidl_generator_cpp: 3.1.5 (/opt/ros/humble/share/rosidl_generator_cpp/cmake)
-- Using all available rosidl_typesupport_c: rosidl_typesupport_fastrtps_c;rosidl_typesupport_introspection_c
-- Using all available rosidl_typesupport_cpp: rosidl_typesupport_fastrtps_cpp;rosidl_typesupport_introspection_cpp
-- Found rmw_implementation_cmake: 6.1.2 (/opt/ros/humble/share/rmw_implementation_cmake/cmake)
-- Found rmw_fastrtps_cpp: 6.2.7 (/opt/ros/humble/share/rmw_fastrtps_cpp/cmake)
-- Using RMW implementation 'rmw_fastrtps_cpp' as default
-- Found rclpy: 3.3.14 (/opt/ros/humble/share/rclpy/cmake)
-- Configuring done
-- Generating done
-- Build files have been written to: /home/itoon/Documents/GitHub/Fun4_RoboticDev/build/fun4_pkg
[35m[1mConsolidate compiler generated dependencies of target cpp_node_test[0m
[100%] Built target cpp_node_test
[100%] Built target ament_cmake_python_copy_fun4_pkg
running egg_info
writing fun4_pkg.egg-info/PKG-INFO
writing dependency_links to fun4_pkg.egg-info/dependency_links.txt
writing top-level names to fun4_pkg.egg-info/top_level.txt
reading manifest file 'fun4_pkg.egg-info/SOURCES.txt'
writing manifest file 'fun4_pkg.egg-info/SOURCES.txt'
[100%] Built target ament_cmake_python_build_fun4_pkg_egg
-- Install configuration: ""
-- Up-to-date: /home/itoon/Documents/GitHub/Fun4_RoboticDev/install/fun4_pkg/share/fun4_pkg/environment/pythonpath.sh
-- Installing: /home/itoon/Documents/GitHub/Fun4_RoboticDev/install/fun4_pkg/share/fun4_pkg/environment/pythonpath.dsv
-- Up-to-date: /home/itoon/Documents/GitHub/Fun4_RoboticDev/install/fun4_pkg/local/lib/python3.10/dist-packages/fun4_pkg-0.0.0-py3.10.egg-info
-- Installing: /home/itoon/Documents/GitHub/Fun4_RoboticDev/install/fun4_pkg/local/lib/python3.10/dist-packages/fun4_pkg-0.0.0-py3.10.egg-info/dependency_links.txt
-- Installing: /home/itoon/Documents/GitHub/Fun4_RoboticDev/install/fun4_pkg/local/lib/python3.10/dist-packages/fun4_pkg-0.0.0-py3.10.egg-info/top_level.txt
-- Installing: /home/itoon/Documents/GitHub/Fun4_RoboticDev/install/fun4_pkg/local/lib/python3.10/dist-packages/fun4_pkg-0.0.0-py3.10.egg-info/PKG-INFO
-- Installing: /home/itoon/Documents/GitHub/Fun4_RoboticDev/install/fun4_pkg/local/lib/python3.10/dist-packages/fun4_pkg-0.0.0-py3.10.egg-info/SOURCES.txt
-- Up-to-date: /home/itoon/Documents/GitHub/Fun4_RoboticDev/install/fun4_pkg/local/lib/python3.10/dist-packages/fun4_pkg
-- Up-to-date: /home/itoon/Documents/GitHub/Fun4_RoboticDev/install/fun4_pkg/local/lib/python3.10/dist-packages/fun4_pkg/__init__.py
-- Up-to-date: /home/itoon/Documents/GitHub/Fun4_RoboticDev/install/fun4_pkg/local/lib/python3.10/dist-packages/fun4_pkg/dummy_module.py
Listing '/home/itoon/Documents/GitHub/Fun4_RoboticDev/install/fun4_pkg/local/lib/python3.10/dist-packages/fun4_pkg'...
-- Up-to-date: /home/itoon/Documents/GitHub/Fun4_RoboticDev/install/fun4_pkg/lib/fun4_pkg/dummy_script.py
-- Installing: /home/itoon/Documents/GitHub/Fun4_RoboticDev/install/fun4_pkg/lib/fun4_pkg/mode_service.py
-- Up-to-date: /home/itoon/Documents/GitHub/Fun4_RoboticDev/install/fun4_pkg/lib/fun4_pkg/cpp_node_test
-- Up-to-date: /home/itoon/Documents/GitHub/Fun4_RoboticDev/install/fun4_pkg/share/fun4_pkg/config
-- Up-to-date: /home/itoon/Documents/GitHub/Fun4_RoboticDev/install/fun4_pkg/share/fun4_pkg/config/display.rviz
-- Up-to-date: /home/itoon/Documents/GitHub/Fun4_RoboticDev/install/fun4_pkg/share/fun4_pkg/launch
-- Up-to-date: /home/itoon/Documents/GitHub/Fun4_RoboticDev/install/fun4_pkg/share/fun4_pkg/launch/simple_display.launch.py
-- Up-to-date: /home/itoon/Documents/GitHub/Fun4_RoboticDev/install/fun4_pkg/share/fun4_pkg/launch/fun.launch.py
-- Up-to-date: /home/itoon/Documents/GitHub/Fun4_RoboticDev/install/fun4_pkg/share/fun4_pkg/meshes
-- Up-to-date: /home/itoon/Documents/GitHub/Fun4_RoboticDev/install/fun4_pkg/share/fun4_pkg/meshes/link_0.stl
-- Up-to-date: /home/itoon/Documents/GitHub/Fun4_RoboticDev/install/fun4_pkg/share/fun4_pkg/meshes/end_effector.stl
-- Up-to-date: /home/itoon/Documents/GitHub/Fun4_RoboticDev/install/fun4_pkg/share/fun4_pkg/meshes/link_3.stl
-- Up-to-date: /home/itoon/Documents/GitHub/Fun4_RoboticDev/install/fun4_pkg/share/fun4_pkg/meshes/link_1.stl
-- Up-to-date: /home/itoon/Documents/GitHub/Fun4_RoboticDev/install/fun4_pkg/share/fun4_pkg/meshes/link_2.stl
-- Up-to-date: /home/itoon/Documents/GitHub/Fun4_RoboticDev/install/fun4_pkg/share/fun4_pkg/robot
-- Up-to-date: /home/itoon/Documents/GitHub/Fun4_RoboticDev/install/fun4_pkg/share/fun4_pkg/robot/visual
-- Up-to-date: /home/itoon/Documents/GitHub/Fun4_RoboticDev/install/fun4_pkg/share/fun4_pkg/robot/visual/my-robot.xacro
-- Up-to-date: /home/itoon/Documents/GitHub/Fun4_RoboticDev/install/fun4_pkg/share/fun4_pkg/robot/visual/01-myfirst.urdf
-- Up-to-date: /home/itoon/Documents/GitHub/Fun4_RoboticDev/install/fun4_pkg/share/ament_index/resource_index/package_run_dependencies/fun4_pkg
-- Installing: /home/itoon/Documents/GitHub/Fun4_RoboticDev/install/fun4_pkg/share/ament_index/resource_index/parent_prefix_path/fun4_pkg
-- Up-to-date: /home/itoon/Documents/GitHub/Fun4_RoboticDev/install/fun4_pkg/share/fun4_pkg/environment/ament_prefix_path.sh
-- Installing: /home/itoon/Documents/GitHub/Fun4_RoboticDev/install/fun4_pkg/share/fun4_pkg/environment/ament_prefix_path.dsv
-- Up-to-date: /home/itoon/Documents/GitHub/Fun4_RoboticDev/install/fun4_pkg/share/fun4_pkg/environment/path.sh
-- Installing: /home/itoon/Documents/GitHub/Fun4_RoboticDev/install/fun4_pkg/share/fun4_pkg/environment/path.dsv
-- Up-to-date: /home/itoon/Documents/GitHub/Fun4_RoboticDev/install/fun4_pkg/share/fun4_pkg/local_setup.bash
-- Up-to-date: /home/itoon/Documents/GitHub/Fun4_RoboticDev/install/fun4_pkg/share/fun4_pkg/local_setup.sh
-- Up-to-date: /home/itoon/Documents/GitHub/Fun4_RoboticDev/install/fun4_pkg/share/fun4_pkg/local_setup.zsh
-- Installing: /home/itoon/Documents/GitHub/Fun4_RoboticDev/install/fun4_pkg/share/fun4_pkg/local_setup.dsv
-- Installing: /home/itoon/Documents/GitHub/Fun4_RoboticDev/install/fun4_pkg/share/fun4_pkg/package.dsv
-- Up-to-date: /home/itoon/Documents/GitHub/Fun4_RoboticDev/install/fun4_pkg/share/ament_index/resource_index/packages/fun4_pkg
-- Up-to-date: /home/itoon/Documents/GitHub/Fun4_RoboticDev/install/fun4_pkg/share/fun4_pkg/cmake/fun4_pkgConfig.cmake
-- Up-to-date: /home/itoon/Documents/GitHub/Fun4_RoboticDev/install/fun4_pkg/share/fun4_pkg/cmake/fun4_pkgConfig-version.cmake
-- Up-to-date: /home/itoon/Documents/GitHub/Fun4_RoboticDev/install/fun4_pkg/share/fun4_pkg/package.xml
