[0.007s] Invoking command in '/home/itoon/Documents/GitHub/Fun4_RoboticDev/build/fun4_pkg': CMAKE_PREFIX_PATH=${CMAKE_PREFIX_PATH}:/opt/ros/humble /usr/bin/cmake --build /home/itoon/Documents/GitHub/Fun4_RoboticDev/build/fun4_pkg -- -j20 -l20
[0.023s] -- Found ament_cmake: 1.3.10 (/opt/ros/humble/share/ament_cmake/cmake)
[0.117s] -- Found rclcpp: 16.0.10 (/opt/ros/humble/share/rclcpp/cmake)
[0.135s] -- Found rosidl_generator_c: 3.1.5 (/opt/ros/humble/share/rosidl_generator_c/cmake)
[0.136s] -- Found rosidl_adapter: 3.1.5 (/opt/ros/humble/share/rosidl_adapter/cmake)
[0.139s] -- Found rosidl_generator_cpp: 3.1.5 (/opt/ros/humble/share/rosidl_generator_cpp/cmake)
[0.144s] -- Using all available rosidl_typesupport_c: rosidl_typesupport_fastrtps_c;rosidl_typesupport_introspection_c
[0.150s] -- Using all available rosidl_typesupport_cpp: rosidl_typesupport_fastrtps_cpp;rosidl_typesupport_introspection_cpp
[0.175s] -- Found rmw_implementation_cmake: 6.1.2 (/opt/ros/humble/share/rmw_implementation_cmake/cmake)
[0.177s] -- Found rmw_fastrtps_cpp: 6.2.7 (/opt/ros/humble/share/rmw_fastrtps_cpp/cmake)
[0.250s] -- Using RMW implementation 'rmw_fastrtps_cpp' as default
[0.292s] -- Found rclpy: 3.3.14 (/opt/ros/humble/share/rclpy/cmake)
[0.373s] -- Configuring done
[0.378s] -- Generating done
[0.379s] -- Build files have been written to: /home/itoon/Documents/GitHub/Fun4_RoboticDev/build/fun4_pkg
[0.398s] [35m[1mConsolidate compiler generated dependencies of target cpp_node_test[0m
[0.406s] [100%] Built target cpp_node_test
[0.410s] [100%] Built target ament_cmake_python_copy_fun4_pkg
[0.545s] running egg_info
[0.545s] writing fun4_pkg.egg-info/PKG-INFO
[0.545s] writing dependency_links to fun4_pkg.egg-info/dependency_links.txt
[0.545s] writing top-level names to fun4_pkg.egg-info/top_level.txt
[0.547s] reading manifest file 'fun4_pkg.egg-info/SOURCES.txt'
[0.547s] writing manifest file 'fun4_pkg.egg-info/SOURCES.txt'
[0.565s] [100%] Built target ament_cmake_python_build_fun4_pkg_egg
[0.573s] Invoked command in '/home/itoon/Documents/GitHub/Fun4_RoboticDev/build/fun4_pkg' returned '0': CMAKE_PREFIX_PATH=${CMAKE_PREFIX_PATH}:/opt/ros/humble /usr/bin/cmake --build /home/itoon/Documents/GitHub/Fun4_RoboticDev/build/fun4_pkg -- -j20 -l20
[0.594s] Invoking command in '/home/itoon/Documents/GitHub/Fun4_RoboticDev/build/fun4_pkg': CMAKE_PREFIX_PATH=${CMAKE_PREFIX_PATH}:/opt/ros/humble /usr/bin/cmake --install /home/itoon/Documents/GitHub/Fun4_RoboticDev/build/fun4_pkg
[0.600s] -- Install configuration: ""
[0.600s] -- Up-to-date: /home/itoon/Documents/GitHub/Fun4_RoboticDev/install/fun4_pkg/share/fun4_pkg/environment/pythonpath.sh
[0.600s] -- Installing: /home/itoon/Documents/GitHub/Fun4_RoboticDev/install/fun4_pkg/share/fun4_pkg/environment/pythonpath.dsv
[0.601s] -- Up-to-date: /home/itoon/Documents/GitHub/Fun4_RoboticDev/install/fun4_pkg/local/lib/python3.10/dist-packages/fun4_pkg-0.0.0-py3.10.egg-info
[0.601s] -- Installing: /home/itoon/Documents/GitHub/Fun4_RoboticDev/install/fun4_pkg/local/lib/python3.10/dist-packages/fun4_pkg-0.0.0-py3.10.egg-info/dependency_links.txt
[0.601s] -- Installing: /home/itoon/Documents/GitHub/Fun4_RoboticDev/install/fun4_pkg/local/lib/python3.10/dist-packages/fun4_pkg-0.0.0-py3.10.egg-info/top_level.txt
[0.601s] -- Installing: /home/itoon/Documents/GitHub/Fun4_RoboticDev/install/fun4_pkg/local/lib/python3.10/dist-packages/fun4_pkg-0.0.0-py3.10.egg-info/PKG-INFO
[0.601s] -- Installing: /home/itoon/Documents/GitHub/Fun4_RoboticDev/install/fun4_pkg/local/lib/python3.10/dist-packages/fun4_pkg-0.0.0-py3.10.egg-info/SOURCES.txt
[0.601s] -- Up-to-date: /home/itoon/Documents/GitHub/Fun4_RoboticDev/install/fun4_pkg/local/lib/python3.10/dist-packages/fun4_pkg
[0.601s] -- Up-to-date: /home/itoon/Documents/GitHub/Fun4_RoboticDev/install/fun4_pkg/local/lib/python3.10/dist-packages/fun4_pkg/__init__.py
[0.601s] -- Up-to-date: /home/itoon/Documents/GitHub/Fun4_RoboticDev/install/fun4_pkg/local/lib/python3.10/dist-packages/fun4_pkg/dummy_module.py
[0.621s] Listing '/home/itoon/Documents/GitHub/Fun4_RoboticDev/install/fun4_pkg/local/lib/python3.10/dist-packages/fun4_pkg'...
[0.624s] -- Up-to-date: /home/itoon/Documents/GitHub/Fun4_RoboticDev/install/fun4_pkg/lib/fun4_pkg/dummy_script.py
[0.624s] -- Installing: /home/itoon/Documents/GitHub/Fun4_RoboticDev/install/fun4_pkg/lib/fun4_pkg/mode_service.py
[0.624s] -- Up-to-date: /home/itoon/Documents/GitHub/Fun4_RoboticDev/install/fun4_pkg/lib/fun4_pkg/check.py
[0.624s] -- Up-to-date: /home/itoon/Documents/GitHub/Fun4_RoboticDev/install/fun4_pkg/lib/fun4_pkg/random_target.py
[0.624s] -- Installing: /home/itoon/Documents/GitHub/Fun4_RoboticDev/install/fun4_pkg/lib/fun4_pkg/jointstate.py
[0.624s] -- Installing: /home/itoon/Documents/GitHub/Fun4_RoboticDev/install/fun4_pkg/lib/fun4_pkg/teleoperation.py
[0.624s] -- Up-to-date: /home/itoon/Documents/GitHub/Fun4_RoboticDev/install/fun4_pkg/lib/fun4_pkg/cpp_node_test
[0.625s] -- Up-to-date: /home/itoon/Documents/GitHub/Fun4_RoboticDev/install/fun4_pkg/share/fun4_pkg/config
[0.625s] -- Up-to-date: /home/itoon/Documents/GitHub/Fun4_RoboticDev/install/fun4_pkg/share/fun4_pkg/config/display.rviz
[0.625s] -- Up-to-date: /home/itoon/Documents/GitHub/Fun4_RoboticDev/install/fun4_pkg/share/fun4_pkg/launch
[0.625s] -- Up-to-date: /home/itoon/Documents/GitHub/Fun4_RoboticDev/install/fun4_pkg/share/fun4_pkg/launch/simple_display.launch.py
[0.625s] -- Installing: /home/itoon/Documents/GitHub/Fun4_RoboticDev/install/fun4_pkg/share/fun4_pkg/launch/fun.launch.py
[0.625s] -- Up-to-date: /home/itoon/Documents/GitHub/Fun4_RoboticDev/install/fun4_pkg/share/fun4_pkg/meshes
[0.625s] -- Up-to-date: /home/itoon/Documents/GitHub/Fun4_RoboticDev/install/fun4_pkg/share/fun4_pkg/meshes/link_0.stl
[0.625s] -- Up-to-date: /home/itoon/Documents/GitHub/Fun4_RoboticDev/install/fun4_pkg/share/fun4_pkg/meshes/end_effector.stl
[0.625s] -- Up-to-date: /home/itoon/Documents/GitHub/Fun4_RoboticDev/install/fun4_pkg/share/fun4_pkg/meshes/link_3.stl
[0.625s] -- Up-to-date: /home/itoon/Documents/GitHub/Fun4_RoboticDev/install/fun4_pkg/share/fun4_pkg/meshes/link_1.stl
[0.625s] -- Up-to-date: /home/itoon/Documents/GitHub/Fun4_RoboticDev/install/fun4_pkg/share/fun4_pkg/meshes/link_2.stl
[0.625s] -- Up-to-date: /home/itoon/Documents/GitHub/Fun4_RoboticDev/install/fun4_pkg/share/fun4_pkg/robot
[0.625s] -- Up-to-date: /home/itoon/Documents/GitHub/Fun4_RoboticDev/install/fun4_pkg/share/fun4_pkg/robot/visual
[0.625s] -- Up-to-date: /home/itoon/Documents/GitHub/Fun4_RoboticDev/install/fun4_pkg/share/fun4_pkg/robot/visual/my-robot.xacro
[0.625s] -- Up-to-date: /home/itoon/Documents/GitHub/Fun4_RoboticDev/install/fun4_pkg/share/fun4_pkg/robot/visual/01-myfirst.urdf
[0.625s] -- Up-to-date: /home/itoon/Documents/GitHub/Fun4_RoboticDev/install/fun4_pkg/share/ament_index/resource_index/package_run_dependencies/fun4_pkg
[0.625s] -- Up-to-date: /home/itoon/Documents/GitHub/Fun4_RoboticDev/install/fun4_pkg/share/ament_index/resource_index/parent_prefix_path/fun4_pkg
[0.626s] -- Up-to-date: /home/itoon/Documents/GitHub/Fun4_RoboticDev/install/fun4_pkg/share/fun4_pkg/environment/ament_prefix_path.sh
[0.626s] -- Installing: /home/itoon/Documents/GitHub/Fun4_RoboticDev/install/fun4_pkg/share/fun4_pkg/environment/ament_prefix_path.dsv
[0.626s] -- Up-to-date: /home/itoon/Documents/GitHub/Fun4_RoboticDev/install/fun4_pkg/share/fun4_pkg/environment/path.sh
[0.626s] -- Installing: /home/itoon/Documents/GitHub/Fun4_RoboticDev/install/fun4_pkg/share/fun4_pkg/environment/path.dsv
[0.626s] -- Up-to-date: /home/itoon/Documents/GitHub/Fun4_RoboticDev/install/fun4_pkg/share/fun4_pkg/local_setup.bash
[0.626s] -- Up-to-date: /home/itoon/Documents/GitHub/Fun4_RoboticDev/install/fun4_pkg/share/fun4_pkg/local_setup.sh
[0.626s] -- Up-to-date: /home/itoon/Documents/GitHub/Fun4_RoboticDev/install/fun4_pkg/share/fun4_pkg/local_setup.zsh
[0.628s] -- Installing: /home/itoon/Documents/GitHub/Fun4_RoboticDev/install/fun4_pkg/share/fun4_pkg/local_setup.dsv
[0.628s] -- Installing: /home/itoon/Documents/GitHub/Fun4_RoboticDev/install/fun4_pkg/share/fun4_pkg/package.dsv
[0.628s] -- Up-to-date: /home/itoon/Documents/GitHub/Fun4_RoboticDev/install/fun4_pkg/share/ament_index/resource_index/packages/fun4_pkg
[0.628s] -- Up-to-date: /home/itoon/Documents/GitHub/Fun4_RoboticDev/install/fun4_pkg/share/fun4_pkg/cmake/fun4_pkgConfig.cmake
[0.629s] -- Up-to-date: /home/itoon/Documents/GitHub/Fun4_RoboticDev/install/fun4_pkg/share/fun4_pkg/cmake/fun4_pkgConfig-version.cmake
[0.629s] -- Up-to-date: /home/itoon/Documents/GitHub/Fun4_RoboticDev/install/fun4_pkg/share/fun4_pkg/package.xml
[0.629s] Invoked command in '/home/itoon/Documents/GitHub/Fun4_RoboticDev/build/fun4_pkg' returned '0': CMAKE_PREFIX_PATH=${CMAKE_PREFIX_PATH}:/opt/ros/humble /usr/bin/cmake --install /home/itoon/Documents/GitHub/Fun4_RoboticDev/build/fun4_pkg
