[0.007s] Invoking command in '/home/itoon/Documents/GitHub/Fun4_RoboticDev/build/fun4_interfaces': CMAKE_PREFIX_PATH=${CMAKE_PREFIX_PATH}:/opt/ros/humble /usr/bin/cmake --build /home/itoon/Documents/GitHub/Fun4_RoboticDev/build/fun4_interfaces -- -j20 -l20
[0.024s] -- Found ament_cmake: 1.3.10 (/opt/ros/humble/share/ament_cmake/cmake)
[0.100s] -- Found ament_lint_auto: 0.12.11 (/opt/ros/humble/share/ament_lint_auto/cmake)
[0.142s] -- Found geometry_msgs: 4.2.4 (/opt/ros/humble/share/geometry_msgs/cmake)
[0.154s] -- Found rosidl_generator_c: 3.1.5 (/opt/ros/humble/share/rosidl_generator_c/cmake)
[0.155s] -- Found rosidl_adapter: 3.1.5 (/opt/ros/humble/share/rosidl_adapter/cmake)
[0.158s] -- Found rosidl_generator_cpp: 3.1.5 (/opt/ros/humble/share/rosidl_generator_cpp/cmake)
[0.163s] -- Using all available rosidl_typesupport_c: rosidl_typesupport_fastrtps_c;rosidl_typesupport_introspection_c
[0.169s] -- Using all available rosidl_typesupport_cpp: rosidl_typesupport_fastrtps_cpp;rosidl_typesupport_introspection_cpp
[0.186s] -- Found rosidl_default_generators: 1.2.0 (/opt/ros/humble/share/rosidl_default_generators/cmake)
[0.324s] -- Found ament_cmake_ros: 0.10.0 (/opt/ros/humble/share/ament_cmake_ros/cmake)
[0.584s] -- Using all available rosidl_typesupport_c: rosidl_typesupport_fastrtps_c;rosidl_typesupport_introspection_c
[0.682s] -- Using all available rosidl_typesupport_cpp: rosidl_typesupport_fastrtps_cpp;rosidl_typesupport_introspection_cpp
[0.696s] -- Found python_cmake_module: 0.10.0 (/opt/ros/humble/share/python_cmake_module/cmake)
[0.713s] -- Using PYTHON_EXECUTABLE: /usr/bin/python3
[0.713s] -- Using PYTHON_INCLUDE_DIRS: /usr/include/python3.10
[0.713s] -- Using PYTHON_LIBRARIES: /usr/lib/x86_64-linux-gnu/libpython3.10.so
[0.736s] -- Added test 'lint_cmake' to check CMake code style
[0.736s] -- Added test 'xmllint' to check XML markup files
[0.737s] -- Configuring done
[0.754s] -- Generating done
[0.755s] -- Build files have been written to: /home/itoon/Documents/GitHub/Fun4_RoboticDev/build/fun4_interfaces
[0.775s] [  3%] [34m[1mGenerating C code for ROS interfaces[0m
[0.783s] [  6%] [34m[1mGenerating C++ code for ROS interfaces[0m
[0.787s] [  6%] Built target ament_cmake_python_copy_fun4_interfaces
[0.925s] running egg_info
[0.925s] writing fun4_interfaces.egg-info/PKG-INFO
[0.925s] writing dependency_links to fun4_interfaces.egg-info/dependency_links.txt
[0.925s] writing top-level names to fun4_interfaces.egg-info/top_level.txt
[0.925s] [35m[1mConsolidate compiler generated dependencies of target fun4_interfaces__rosidl_generator_c[0m
[0.927s] reading manifest file 'fun4_interfaces.egg-info/SOURCES.txt'
[0.927s] writing manifest file 'fun4_interfaces.egg-info/SOURCES.txt'
[0.934s] [  9%] [32mBuilding C object CMakeFiles/fun4_interfaces__rosidl_generator_c.dir/rosidl_generator_c/fun4_interfaces/srv/detail/mode__functions.c.o[0m
[0.937s] [  9%] Built target fun4_interfaces__cpp
[0.944s] [ 12%] Built target ament_cmake_python_build_fun4_interfaces_egg
[0.944s] [ 12%] [34m[1mGenerating C++ type support for eProsima Fast-RTPS[0m
[0.945s] [ 16%] [34m[1mGenerating C++ type support dispatch for ROS interfaces[0m
[0.945s] [ 19%] [34m[1mGenerating C++ introspection for ROS interfaces[0m
[0.968s] [ 22%] [32m[1mLinking C shared library libfun4_interfaces__rosidl_generator_c.so[0m
[0.995s] [ 22%] Built target fun4_interfaces__rosidl_generator_c
[1.003s] [ 25%] [34m[1mGenerating C type support for eProsima Fast-RTPS[0m
[1.004s] [ 32%] [34m[1mGenerating C type support dispatch for ROS interfaces[0m
[1.004s] [ 32%] [34m[1mGenerating C introspection for ROS interfaces[0m
[1.086s] [35m[1mConsolidate compiler generated dependencies of target fun4_interfaces__rosidl_typesupport_cpp[0m
[1.089s] [35m[1mConsolidate compiler generated dependencies of target fun4_interfaces__rosidl_typesupport_introspection_cpp[0m
[1.090s] [35m[1mConsolidate compiler generated dependencies of target fun4_interfaces__rosidl_typesupport_fastrtps_cpp[0m
[1.096s] [ 35%] [32mBuilding CXX object CMakeFiles/fun4_interfaces__rosidl_typesupport_cpp.dir/rosidl_typesupport_cpp/fun4_interfaces/srv/mode__type_support.cpp.o[0m
[1.099s] [ 38%] [32mBuilding CXX object CMakeFiles/fun4_interfaces__rosidl_typesupport_introspection_cpp.dir/rosidl_typesupport_introspection_cpp/fun4_interfaces/srv/detail/mode__type_support.cpp.o[0m
[1.100s] [ 41%] [32mBuilding CXX object CMakeFiles/fun4_interfaces__rosidl_typesupport_fastrtps_cpp.dir/rosidl_typesupport_fastrtps_cpp/fun4_interfaces/srv/detail/dds_fastrtps/mode__type_support.cpp.o[0m
[1.139s] [35m[1mConsolidate compiler generated dependencies of target fun4_interfaces__rosidl_typesupport_c[0m
[1.143s] [35m[1mConsolidate compiler generated dependencies of target fun4_interfaces__rosidl_typesupport_introspection_c[0m
[1.146s] [ 45%] [32mBuilding CXX object CMakeFiles/fun4_interfaces__rosidl_typesupport_c.dir/rosidl_typesupport_c/fun4_interfaces/srv/mode__type_support.cpp.o[0m
[1.150s] [ 48%] [32mBuilding C object CMakeFiles/fun4_interfaces__rosidl_typesupport_introspection_c.dir/rosidl_typesupport_introspection_c/fun4_interfaces/srv/detail/mode__type_support.c.o[0m
[1.166s] [ 51%] [32m[1mLinking CXX shared library libfun4_interfaces__rosidl_typesupport_c.so[0m
[1.171s] [ 54%] [32m[1mLinking C shared library libfun4_interfaces__rosidl_typesupport_introspection_c.so[0m
[1.198s] [ 54%] Built target fun4_interfaces__rosidl_typesupport_introspection_c
[1.198s] [ 54%] Built target fun4_interfaces__rosidl_typesupport_c
[1.218s] [35m[1mConsolidate compiler generated dependencies of target fun4_interfaces__rosidl_typesupport_fastrtps_c[0m
[1.228s] [ 58%] [32mBuilding CXX object CMakeFiles/fun4_interfaces__rosidl_typesupport_fastrtps_c.dir/rosidl_typesupport_fastrtps_c/fun4_interfaces/srv/detail/mode__type_support_c.cpp.o[0m
[1.289s] [ 61%] [32m[1mLinking CXX shared library libfun4_interfaces__rosidl_typesupport_cpp.so[0m
[1.296s] [ 64%] [32m[1mLinking CXX shared library libfun4_interfaces__rosidl_typesupport_introspection_cpp.so[0m
[1.314s] [ 67%] [32m[1mLinking CXX shared library libfun4_interfaces__rosidl_typesupport_fastrtps_cpp.so[0m
[1.315s] [ 67%] Built target fun4_interfaces__rosidl_typesupport_cpp
[1.321s] [ 67%] Built target fun4_interfaces__rosidl_typesupport_introspection_cpp
[1.360s] [ 67%] Built target fun4_interfaces__rosidl_typesupport_fastrtps_cpp
[1.403s] [ 70%] [32m[1mLinking CXX shared library libfun4_interfaces__rosidl_typesupport_fastrtps_c.so[0m
[1.451s] [ 70%] Built target fun4_interfaces__rosidl_typesupport_fastrtps_c
[1.465s] [ 70%] Built target fun4_interfaces
[1.481s] [ 74%] [34m[1mGenerating Python code for ROS interfaces[0m
[1.667s] [ 74%] Built target fun4_interfaces__py
[1.673s] [35m[1mConsolidate compiler generated dependencies of target fun4_interfaces__rosidl_generator_py[0m
[1.684s] [ 77%] [32mBuilding C object CMakeFiles/fun4_interfaces__rosidl_generator_py.dir/rosidl_generator_py/fun4_interfaces/srv/_mode_s.c.o[0m
[1.740s] [ 80%] [32m[1mLinking C shared library rosidl_generator_py/fun4_interfaces/libfun4_interfaces__rosidl_generator_py.so[0m
[1.766s] [ 80%] Built target fun4_interfaces__rosidl_generator_py
[1.774s] [35m[1mConsolidate compiler generated dependencies of target fun4_interfaces__rosidl_typesupport_c__pyext[0m
[1.774s] [35m[1mConsolidate compiler generated dependencies of target fun4_interfaces__rosidl_typesupport_fastrtps_c__pyext[0m
[1.774s] [35m[1mConsolidate compiler generated dependencies of target fun4_interfaces__rosidl_typesupport_introspection_c__pyext[0m
[1.782s] [ 83%] [32mBuilding C object CMakeFiles/fun4_interfaces__rosidl_typesupport_c__pyext.dir/rosidl_generator_py/fun4_interfaces/_fun4_interfaces_s.ep.rosidl_typesupport_c.c.o[0m
[1.783s] [ 87%] [32mBuilding C object CMakeFiles/fun4_interfaces__rosidl_typesupport_fastrtps_c__pyext.dir/rosidl_generator_py/fun4_interfaces/_fun4_interfaces_s.ep.rosidl_typesupport_fastrtps_c.c.o[0m
[1.784s] [ 90%] [32mBuilding C object CMakeFiles/fun4_interfaces__rosidl_typesupport_introspection_c__pyext.dir/rosidl_generator_py/fun4_interfaces/_fun4_interfaces_s.ep.rosidl_typesupport_introspection_c.c.o[0m
[1.837s] [ 96%] [32m[1mLinking C shared library rosidl_generator_py/fun4_interfaces/fun4_interfaces_s__rosidl_typesupport_c.cpython-310-x86_64-linux-gnu.so[0m
[1.837s] [ 96%] [32m[1mLinking C shared library rosidl_generator_py/fun4_interfaces/fun4_interfaces_s__rosidl_typesupport_fastrtps_c.cpython-310-x86_64-linux-gnu.so[0m
[1.839s] [100%] [32m[1mLinking C shared library rosidl_generator_py/fun4_interfaces/fun4_interfaces_s__rosidl_typesupport_introspection_c.cpython-310-x86_64-linux-gnu.so[0m
[1.861s] [100%] Built target fun4_interfaces__rosidl_typesupport_c__pyext
[1.863s] [100%] Built target fun4_interfaces__rosidl_typesupport_fastrtps_c__pyext
[1.864s] [100%] Built target fun4_interfaces__rosidl_typesupport_introspection_c__pyext
[1.872s] Invoked command in '/home/itoon/Documents/GitHub/Fun4_RoboticDev/build/fun4_interfaces' returned '0': CMAKE_PREFIX_PATH=${CMAKE_PREFIX_PATH}:/opt/ros/humble /usr/bin/cmake --build /home/itoon/Documents/GitHub/Fun4_RoboticDev/build/fun4_interfaces -- -j20 -l20
[1.920s] Invoking command in '/home/itoon/Documents/GitHub/Fun4_RoboticDev/build/fun4_interfaces': CMAKE_PREFIX_PATH=${CMAKE_PREFIX_PATH}:/opt/ros/humble /usr/bin/cmake --install /home/itoon/Documents/GitHub/Fun4_RoboticDev/build/fun4_interfaces
[1.926s] -- Install configuration: ""
[1.926s] -- Up-to-date: /home/itoon/Documents/GitHub/Fun4_RoboticDev/install/fun4_interfaces/share/ament_index/resource_index/rosidl_interfaces/fun4_interfaces
[1.926s] -- Up-to-date: /home/itoon/Documents/GitHub/Fun4_RoboticDev/install/fun4_interfaces/include/fun4_interfaces/fun4_interfaces
[1.926s] -- Up-to-date: /home/itoon/Documents/GitHub/Fun4_RoboticDev/install/fun4_interfaces/include/fun4_interfaces/fun4_interfaces/msg
[1.926s] -- Up-to-date: /home/itoon/Documents/GitHub/Fun4_RoboticDev/install/fun4_interfaces/include/fun4_interfaces/fun4_interfaces/msg/rosidl_generator_c__visibility_control.h
[1.926s] -- Up-to-date: /home/itoon/Documents/GitHub/Fun4_RoboticDev/install/fun4_interfaces/include/fun4_interfaces/fun4_interfaces/srv
[1.926s] -- Installing: /home/itoon/Documents/GitHub/Fun4_RoboticDev/install/fun4_interfaces/include/fun4_interfaces/fun4_interfaces/srv/mode.h
[1.926s] -- Up-to-date: /home/itoon/Documents/GitHub/Fun4_RoboticDev/install/fun4_interfaces/include/fun4_interfaces/fun4_interfaces/srv/detail
[1.926s] -- Installing: /home/itoon/Documents/GitHub/Fun4_RoboticDev/install/fun4_interfaces/include/fun4_interfaces/fun4_interfaces/srv/detail/mode__functions.h
[1.926s] -- Installing: /home/itoon/Documents/GitHub/Fun4_RoboticDev/install/fun4_interfaces/include/fun4_interfaces/fun4_interfaces/srv/detail/mode__struct.h
[1.926s] -- Installing: /home/itoon/Documents/GitHub/Fun4_RoboticDev/install/fun4_interfaces/include/fun4_interfaces/fun4_interfaces/srv/detail/mode__type_support.h
[1.926s] -- Installing: /home/itoon/Documents/GitHub/Fun4_RoboticDev/install/fun4_interfaces/include/fun4_interfaces/fun4_interfaces/srv/detail/mode__functions.c
[1.926s] -- Up-to-date: /home/itoon/Documents/GitHub/Fun4_RoboticDev/install/fun4_interfaces/share/fun4_interfaces/environment/library_path.sh
[1.926s] -- Installing: /home/itoon/Documents/GitHub/Fun4_RoboticDev/install/fun4_interfaces/share/fun4_interfaces/environment/library_path.dsv
[1.926s] -- Installing: /home/itoon/Documents/GitHub/Fun4_RoboticDev/install/fun4_interfaces/lib/libfun4_interfaces__rosidl_generator_c.so
[1.926s] -- Set runtime path of "/home/itoon/Documents/GitHub/Fun4_RoboticDev/install/fun4_interfaces/lib/libfun4_interfaces__rosidl_generator_c.so" to ""
[1.926s] -- Up-to-date: /home/itoon/Documents/GitHub/Fun4_RoboticDev/install/fun4_interfaces/include/fun4_interfaces/fun4_interfaces
[1.926s] -- Up-to-date: /home/itoon/Documents/GitHub/Fun4_RoboticDev/install/fun4_interfaces/include/fun4_interfaces/fun4_interfaces/msg
[1.927s] -- Up-to-date: /home/itoon/Documents/GitHub/Fun4_RoboticDev/install/fun4_interfaces/include/fun4_interfaces/fun4_interfaces/msg/rosidl_typesupport_fastrtps_c__visibility_control.h
[1.927s] -- Up-to-date: /home/itoon/Documents/GitHub/Fun4_RoboticDev/install/fun4_interfaces/include/fun4_interfaces/fun4_interfaces/srv
[1.927s] -- Up-to-date: /home/itoon/Documents/GitHub/Fun4_RoboticDev/install/fun4_interfaces/include/fun4_interfaces/fun4_interfaces/srv/detail
[1.927s] -- Installing: /home/itoon/Documents/GitHub/Fun4_RoboticDev/install/fun4_interfaces/include/fun4_interfaces/fun4_interfaces/srv/detail/mode__rosidl_typesupport_fastrtps_c.h
[1.927s] -- Installing: /home/itoon/Documents/GitHub/Fun4_RoboticDev/install/fun4_interfaces/lib/libfun4_interfaces__rosidl_typesupport_fastrtps_c.so
[1.927s] -- Set runtime path of "/home/itoon/Documents/GitHub/Fun4_RoboticDev/install/fun4_interfaces/lib/libfun4_interfaces__rosidl_typesupport_fastrtps_c.so" to ""
[1.927s] -- Up-to-date: /home/itoon/Documents/GitHub/Fun4_RoboticDev/install/fun4_interfaces/include/fun4_interfaces/fun4_interfaces
[1.927s] -- Up-to-date: /home/itoon/Documents/GitHub/Fun4_RoboticDev/install/fun4_interfaces/include/fun4_interfaces/fun4_interfaces/srv
[1.927s] -- Up-to-date: /home/itoon/Documents/GitHub/Fun4_RoboticDev/install/fun4_interfaces/include/fun4_interfaces/fun4_interfaces/srv/detail
[1.927s] -- Installing: /home/itoon/Documents/GitHub/Fun4_RoboticDev/install/fun4_interfaces/include/fun4_interfaces/fun4_interfaces/srv/detail/mode__traits.hpp
[1.927s] -- Installing: /home/itoon/Documents/GitHub/Fun4_RoboticDev/install/fun4_interfaces/include/fun4_interfaces/fun4_interfaces/srv/detail/mode__builder.hpp
[1.927s] -- Installing: /home/itoon/Documents/GitHub/Fun4_RoboticDev/install/fun4_interfaces/include/fun4_interfaces/fun4_interfaces/srv/detail/mode__struct.hpp
[1.927s] -- Installing: /home/itoon/Documents/GitHub/Fun4_RoboticDev/install/fun4_interfaces/include/fun4_interfaces/fun4_interfaces/srv/mode.hpp
[1.927s] -- Up-to-date: /home/itoon/Documents/GitHub/Fun4_RoboticDev/install/fun4_interfaces/include/fun4_interfaces/fun4_interfaces
[1.927s] -- Up-to-date: /home/itoon/Documents/GitHub/Fun4_RoboticDev/install/fun4_interfaces/include/fun4_interfaces/fun4_interfaces/msg
[1.927s] -- Up-to-date: /home/itoon/Documents/GitHub/Fun4_RoboticDev/install/fun4_interfaces/include/fun4_interfaces/fun4_interfaces/msg/rosidl_typesupport_fastrtps_cpp__visibility_control.h
[1.927s] -- Up-to-date: /home/itoon/Documents/GitHub/Fun4_RoboticDev/install/fun4_interfaces/include/fun4_interfaces/fun4_interfaces/srv
[1.927s] -- Up-to-date: /home/itoon/Documents/GitHub/Fun4_RoboticDev/install/fun4_interfaces/include/fun4_interfaces/fun4_interfaces/srv/detail
[1.927s] -- Up-to-date: /home/itoon/Documents/GitHub/Fun4_RoboticDev/install/fun4_interfaces/include/fun4_interfaces/fun4_interfaces/srv/detail/dds_fastrtps
[1.927s] -- Installing: /home/itoon/Documents/GitHub/Fun4_RoboticDev/install/fun4_interfaces/include/fun4_interfaces/fun4_interfaces/srv/detail/mode__rosidl_typesupport_fastrtps_cpp.hpp
[1.927s] -- Installing: /home/itoon/Documents/GitHub/Fun4_RoboticDev/install/fun4_interfaces/lib/libfun4_interfaces__rosidl_typesupport_fastrtps_cpp.so
[1.927s] -- Set runtime path of "/home/itoon/Documents/GitHub/Fun4_RoboticDev/install/fun4_interfaces/lib/libfun4_interfaces__rosidl_typesupport_fastrtps_cpp.so" to ""
[1.927s] -- Up-to-date: /home/itoon/Documents/GitHub/Fun4_RoboticDev/install/fun4_interfaces/include/fun4_interfaces/fun4_interfaces
[1.927s] -- Up-to-date: /home/itoon/Documents/GitHub/Fun4_RoboticDev/install/fun4_interfaces/include/fun4_interfaces/fun4_interfaces/msg
[1.927s] -- Up-to-date: /home/itoon/Documents/GitHub/Fun4_RoboticDev/install/fun4_interfaces/include/fun4_interfaces/fun4_interfaces/msg/rosidl_typesupport_introspection_c__visibility_control.h
[1.927s] -- Up-to-date: /home/itoon/Documents/GitHub/Fun4_RoboticDev/install/fun4_interfaces/include/fun4_interfaces/fun4_interfaces/srv
[1.928s] -- Up-to-date: /home/itoon/Documents/GitHub/Fun4_RoboticDev/install/fun4_interfaces/include/fun4_interfaces/fun4_interfaces/srv/detail
[1.928s] -- Installing: /home/itoon/Documents/GitHub/Fun4_RoboticDev/install/fun4_interfaces/include/fun4_interfaces/fun4_interfaces/srv/detail/mode__type_support.c
[1.928s] -- Installing: /home/itoon/Documents/GitHub/Fun4_RoboticDev/install/fun4_interfaces/include/fun4_interfaces/fun4_interfaces/srv/detail/mode__rosidl_typesupport_introspection_c.h
[1.928s] -- Installing: /home/itoon/Documents/GitHub/Fun4_RoboticDev/install/fun4_interfaces/lib/libfun4_interfaces__rosidl_typesupport_introspection_c.so
[1.928s] -- Set runtime path of "/home/itoon/Documents/GitHub/Fun4_RoboticDev/install/fun4_interfaces/lib/libfun4_interfaces__rosidl_typesupport_introspection_c.so" to ""
[1.928s] -- Installing: /home/itoon/Documents/GitHub/Fun4_RoboticDev/install/fun4_interfaces/lib/libfun4_interfaces__rosidl_typesupport_c.so
[1.928s] -- Set runtime path of "/home/itoon/Documents/GitHub/Fun4_RoboticDev/install/fun4_interfaces/lib/libfun4_interfaces__rosidl_typesupport_c.so" to ""
[1.928s] -- Up-to-date: /home/itoon/Documents/GitHub/Fun4_RoboticDev/install/fun4_interfaces/include/fun4_interfaces/fun4_interfaces
[1.928s] -- Up-to-date: /home/itoon/Documents/GitHub/Fun4_RoboticDev/install/fun4_interfaces/include/fun4_interfaces/fun4_interfaces/srv
[1.928s] -- Up-to-date: /home/itoon/Documents/GitHub/Fun4_RoboticDev/install/fun4_interfaces/include/fun4_interfaces/fun4_interfaces/srv/detail
[1.928s] -- Installing: /home/itoon/Documents/GitHub/Fun4_RoboticDev/install/fun4_interfaces/include/fun4_interfaces/fun4_interfaces/srv/detail/mode__type_support.cpp
[1.928s] -- Installing: /home/itoon/Documents/GitHub/Fun4_RoboticDev/install/fun4_interfaces/include/fun4_interfaces/fun4_interfaces/srv/detail/mode__rosidl_typesupport_introspection_cpp.hpp
[1.928s] -- Installing: /home/itoon/Documents/GitHub/Fun4_RoboticDev/install/fun4_interfaces/lib/libfun4_interfaces__rosidl_typesupport_introspection_cpp.so
[1.928s] -- Set runtime path of "/home/itoon/Documents/GitHub/Fun4_RoboticDev/install/fun4_interfaces/lib/libfun4_interfaces__rosidl_typesupport_introspection_cpp.so" to ""
[1.928s] -- Installing: /home/itoon/Documents/GitHub/Fun4_RoboticDev/install/fun4_interfaces/lib/libfun4_interfaces__rosidl_typesupport_cpp.so
[1.929s] -- Set runtime path of "/home/itoon/Documents/GitHub/Fun4_RoboticDev/install/fun4_interfaces/lib/libfun4_interfaces__rosidl_typesupport_cpp.so" to ""
[1.929s] -- Up-to-date: /home/itoon/Documents/GitHub/Fun4_RoboticDev/install/fun4_interfaces/share/fun4_interfaces/environment/pythonpath.sh
[1.929s] -- Installing: /home/itoon/Documents/GitHub/Fun4_RoboticDev/install/fun4_interfaces/share/fun4_interfaces/environment/pythonpath.dsv
[1.929s] -- Up-to-date: /home/itoon/Documents/GitHub/Fun4_RoboticDev/install/fun4_interfaces/local/lib/python3.10/dist-packages/fun4_interfaces-0.0.0-py3.10.egg-info
[1.929s] -- Installing: /home/itoon/Documents/GitHub/Fun4_RoboticDev/install/fun4_interfaces/local/lib/python3.10/dist-packages/fun4_interfaces-0.0.0-py3.10.egg-info/dependency_links.txt
[1.929s] -- Installing: /home/itoon/Documents/GitHub/Fun4_RoboticDev/install/fun4_interfaces/local/lib/python3.10/dist-packages/fun4_interfaces-0.0.0-py3.10.egg-info/top_level.txt
[1.929s] -- Installing: /home/itoon/Documents/GitHub/Fun4_RoboticDev/install/fun4_interfaces/local/lib/python3.10/dist-packages/fun4_interfaces-0.0.0-py3.10.egg-info/PKG-INFO
[1.929s] -- Installing: /home/itoon/Documents/GitHub/Fun4_RoboticDev/install/fun4_interfaces/local/lib/python3.10/dist-packages/fun4_interfaces-0.0.0-py3.10.egg-info/SOURCES.txt
[1.930s] -- Up-to-date: /home/itoon/Documents/GitHub/Fun4_RoboticDev/install/fun4_interfaces/local/lib/python3.10/dist-packages/fun4_interfaces
[1.930s] -- Installing: /home/itoon/Documents/GitHub/Fun4_RoboticDev/install/fun4_interfaces/local/lib/python3.10/dist-packages/fun4_interfaces/__init__.py
[1.930s] -- Installing: /home/itoon/Documents/GitHub/Fun4_RoboticDev/install/fun4_interfaces/local/lib/python3.10/dist-packages/fun4_interfaces/fun4_interfaces_s__rosidl_typesupport_fastrtps_c.cpython-310-x86_64-linux-gnu.so
[1.930s] -- Installing: /home/itoon/Documents/GitHub/Fun4_RoboticDev/install/fun4_interfaces/local/lib/python3.10/dist-packages/fun4_interfaces/_fun4_interfaces_s.ep.rosidl_typesupport_c.c
[1.930s] -- Installing: /home/itoon/Documents/GitHub/Fun4_RoboticDev/install/fun4_interfaces/local/lib/python3.10/dist-packages/fun4_interfaces/_fun4_interfaces_s.ep.rosidl_typesupport_fastrtps_c.c
[1.930s] -- Installing: /home/itoon/Documents/GitHub/Fun4_RoboticDev/install/fun4_interfaces/local/lib/python3.10/dist-packages/fun4_interfaces/fun4_interfaces_s__rosidl_typesupport_c.cpython-310-x86_64-linux-gnu.so
[1.930s] -- Installing: /home/itoon/Documents/GitHub/Fun4_RoboticDev/install/fun4_interfaces/local/lib/python3.10/dist-packages/fun4_interfaces/libfun4_interfaces__rosidl_generator_py.so
[1.930s] -- Installing: /home/itoon/Documents/GitHub/Fun4_RoboticDev/install/fun4_interfaces/local/lib/python3.10/dist-packages/fun4_interfaces/fun4_interfaces_s__rosidl_typesupport_introspection_c.cpython-310-x86_64-linux-gnu.so
[1.930s] -- Installing: /home/itoon/Documents/GitHub/Fun4_RoboticDev/install/fun4_interfaces/local/lib/python3.10/dist-packages/fun4_interfaces/_fun4_interfaces_s.ep.rosidl_typesupport_introspection_c.c
[1.930s] -- Up-to-date: /home/itoon/Documents/GitHub/Fun4_RoboticDev/install/fun4_interfaces/local/lib/python3.10/dist-packages/fun4_interfaces/srv
[1.930s] -- Installing: /home/itoon/Documents/GitHub/Fun4_RoboticDev/install/fun4_interfaces/local/lib/python3.10/dist-packages/fun4_interfaces/srv/_mode.py
[1.930s] -- Installing: /home/itoon/Documents/GitHub/Fun4_RoboticDev/install/fun4_interfaces/local/lib/python3.10/dist-packages/fun4_interfaces/srv/__init__.py
[1.930s] -- Installing: /home/itoon/Documents/GitHub/Fun4_RoboticDev/install/fun4_interfaces/local/lib/python3.10/dist-packages/fun4_interfaces/srv/_mode_s.c
[1.952s] Listing '/home/itoon/Documents/GitHub/Fun4_RoboticDev/install/fun4_interfaces/local/lib/python3.10/dist-packages/fun4_interfaces'...
[1.952s] Compiling '/home/itoon/Documents/GitHub/Fun4_RoboticDev/install/fun4_interfaces/local/lib/python3.10/dist-packages/fun4_interfaces/__init__.py'...
[1.952s] Listing '/home/itoon/Documents/GitHub/Fun4_RoboticDev/install/fun4_interfaces/local/lib/python3.10/dist-packages/fun4_interfaces/srv'...
[1.952s] Compiling '/home/itoon/Documents/GitHub/Fun4_RoboticDev/install/fun4_interfaces/local/lib/python3.10/dist-packages/fun4_interfaces/srv/__init__.py'...
[1.952s] Compiling '/home/itoon/Documents/GitHub/Fun4_RoboticDev/install/fun4_interfaces/local/lib/python3.10/dist-packages/fun4_interfaces/srv/_mode.py'...
[1.955s] -- Installing: /home/itoon/Documents/GitHub/Fun4_RoboticDev/install/fun4_interfaces/local/lib/python3.10/dist-packages/fun4_interfaces/fun4_interfaces_s__rosidl_typesupport_fastrtps_c.cpython-310-x86_64-linux-gnu.so
[1.955s] -- Set runtime path of "/home/itoon/Documents/GitHub/Fun4_RoboticDev/install/fun4_interfaces/local/lib/python3.10/dist-packages/fun4_interfaces/fun4_interfaces_s__rosidl_typesupport_fastrtps_c.cpython-310-x86_64-linux-gnu.so" to ""
[1.955s] -- Installing: /home/itoon/Documents/GitHub/Fun4_RoboticDev/install/fun4_interfaces/local/lib/python3.10/dist-packages/fun4_interfaces/fun4_interfaces_s__rosidl_typesupport_introspection_c.cpython-310-x86_64-linux-gnu.so
[1.955s] -- Set runtime path of "/home/itoon/Documents/GitHub/Fun4_RoboticDev/install/fun4_interfaces/local/lib/python3.10/dist-packages/fun4_interfaces/fun4_interfaces_s__rosidl_typesupport_introspection_c.cpython-310-x86_64-linux-gnu.so" to ""
[1.955s] -- Installing: /home/itoon/Documents/GitHub/Fun4_RoboticDev/install/fun4_interfaces/local/lib/python3.10/dist-packages/fun4_interfaces/fun4_interfaces_s__rosidl_typesupport_c.cpython-310-x86_64-linux-gnu.so
[1.955s] -- Set runtime path of "/home/itoon/Documents/GitHub/Fun4_RoboticDev/install/fun4_interfaces/local/lib/python3.10/dist-packages/fun4_interfaces/fun4_interfaces_s__rosidl_typesupport_c.cpython-310-x86_64-linux-gnu.so" to ""
[1.955s] -- Installing: /home/itoon/Documents/GitHub/Fun4_RoboticDev/install/fun4_interfaces/lib/libfun4_interfaces__rosidl_generator_py.so
[1.955s] -- Set runtime path of "/home/itoon/Documents/GitHub/Fun4_RoboticDev/install/fun4_interfaces/lib/libfun4_interfaces__rosidl_generator_py.so" to ""
[1.955s] -- Installing: /home/itoon/Documents/GitHub/Fun4_RoboticDev/install/fun4_interfaces/share/fun4_interfaces/srv/Mode.idl
[1.955s] -- Installing: /home/itoon/Documents/GitHub/Fun4_RoboticDev/install/fun4_interfaces/share/fun4_interfaces/srv/Mode.srv
[1.955s] -- Installing: /home/itoon/Documents/GitHub/Fun4_RoboticDev/install/fun4_interfaces/share/fun4_interfaces/srv/Mode_Request.msg
[1.955s] -- Up-to-date: /home/itoon/Documents/GitHub/Fun4_RoboticDev/install/fun4_interfaces/share/fun4_interfaces/srv/Mode_Response.msg
[1.955s] -- Up-to-date: /home/itoon/Documents/GitHub/Fun4_RoboticDev/install/fun4_interfaces/share/ament_index/resource_index/package_run_dependencies/fun4_interfaces
[1.955s] -- Installing: /home/itoon/Documents/GitHub/Fun4_RoboticDev/install/fun4_interfaces/share/ament_index/resource_index/parent_prefix_path/fun4_interfaces
[1.956s] -- Up-to-date: /home/itoon/Documents/GitHub/Fun4_RoboticDev/install/fun4_interfaces/share/fun4_interfaces/environment/ament_prefix_path.sh
[1.956s] -- Installing: /home/itoon/Documents/GitHub/Fun4_RoboticDev/install/fun4_interfaces/share/fun4_interfaces/environment/ament_prefix_path.dsv
[1.956s] -- Up-to-date: /home/itoon/Documents/GitHub/Fun4_RoboticDev/install/fun4_interfaces/share/fun4_interfaces/environment/path.sh
[1.956s] -- Installing: /home/itoon/Documents/GitHub/Fun4_RoboticDev/install/fun4_interfaces/share/fun4_interfaces/environment/path.dsv
[1.956s] -- Up-to-date: /home/itoon/Documents/GitHub/Fun4_RoboticDev/install/fun4_interfaces/share/fun4_interfaces/local_setup.bash
[1.956s] -- Up-to-date: /home/itoon/Documents/GitHub/Fun4_RoboticDev/install/fun4_interfaces/share/fun4_interfaces/local_setup.sh
[1.956s] -- Up-to-date: /home/itoon/Documents/GitHub/Fun4_RoboticDev/install/fun4_interfaces/share/fun4_interfaces/local_setup.zsh
[1.956s] -- Installing: /home/itoon/Documents/GitHub/Fun4_RoboticDev/install/fun4_interfaces/share/fun4_interfaces/local_setup.dsv
[1.956s] -- Installing: /home/itoon/Documents/GitHub/Fun4_RoboticDev/install/fun4_interfaces/share/fun4_interfaces/package.dsv
[1.956s] -- Up-to-date: /home/itoon/Documents/GitHub/Fun4_RoboticDev/install/fun4_interfaces/share/ament_index/resource_index/packages/fun4_interfaces
[1.956s] -- Up-to-date: /home/itoon/Documents/GitHub/Fun4_RoboticDev/install/fun4_interfaces/share/fun4_interfaces/cmake/export_fun4_interfaces__rosidl_generator_cExport.cmake
[1.956s] -- Up-to-date: /home/itoon/Documents/GitHub/Fun4_RoboticDev/install/fun4_interfaces/share/fun4_interfaces/cmake/export_fun4_interfaces__rosidl_generator_cExport-noconfig.cmake
[1.956s] -- Up-to-date: /home/itoon/Documents/GitHub/Fun4_RoboticDev/install/fun4_interfaces/share/fun4_interfaces/cmake/export_fun4_interfaces__rosidl_typesupport_fastrtps_cExport.cmake
[1.956s] -- Up-to-date: /home/itoon/Documents/GitHub/Fun4_RoboticDev/install/fun4_interfaces/share/fun4_interfaces/cmake/export_fun4_interfaces__rosidl_typesupport_fastrtps_cExport-noconfig.cmake
[1.956s] -- Up-to-date: /home/itoon/Documents/GitHub/Fun4_RoboticDev/install/fun4_interfaces/share/fun4_interfaces/cmake/export_fun4_interfaces__rosidl_generator_cppExport.cmake
[1.956s] -- Up-to-date: /home/itoon/Documents/GitHub/Fun4_RoboticDev/install/fun4_interfaces/share/fun4_interfaces/cmake/export_fun4_interfaces__rosidl_typesupport_fastrtps_cppExport.cmake
[1.956s] -- Up-to-date: /home/itoon/Documents/GitHub/Fun4_RoboticDev/install/fun4_interfaces/share/fun4_interfaces/cmake/export_fun4_interfaces__rosidl_typesupport_fastrtps_cppExport-noconfig.cmake
[1.956s] -- Up-to-date: /home/itoon/Documents/GitHub/Fun4_RoboticDev/install/fun4_interfaces/share/fun4_interfaces/cmake/fun4_interfaces__rosidl_typesupport_introspection_cExport.cmake
[1.956s] -- Up-to-date: /home/itoon/Documents/GitHub/Fun4_RoboticDev/install/fun4_interfaces/share/fun4_interfaces/cmake/fun4_interfaces__rosidl_typesupport_introspection_cExport-noconfig.cmake
[1.956s] -- Up-to-date: /home/itoon/Documents/GitHub/Fun4_RoboticDev/install/fun4_interfaces/share/fun4_interfaces/cmake/fun4_interfaces__rosidl_typesupport_cExport.cmake
[1.956s] -- Up-to-date: /home/itoon/Documents/GitHub/Fun4_RoboticDev/install/fun4_interfaces/share/fun4_interfaces/cmake/fun4_interfaces__rosidl_typesupport_cExport-noconfig.cmake
[1.956s] -- Up-to-date: /home/itoon/Documents/GitHub/Fun4_RoboticDev/install/fun4_interfaces/share/fun4_interfaces/cmake/fun4_interfaces__rosidl_typesupport_introspection_cppExport.cmake
[1.956s] -- Up-to-date: /home/itoon/Documents/GitHub/Fun4_RoboticDev/install/fun4_interfaces/share/fun4_interfaces/cmake/fun4_interfaces__rosidl_typesupport_introspection_cppExport-noconfig.cmake
[1.956s] -- Up-to-date: /home/itoon/Documents/GitHub/Fun4_RoboticDev/install/fun4_interfaces/share/fun4_interfaces/cmake/fun4_interfaces__rosidl_typesupport_cppExport.cmake
[1.957s] -- Up-to-date: /home/itoon/Documents/GitHub/Fun4_RoboticDev/install/fun4_interfaces/share/fun4_interfaces/cmake/fun4_interfaces__rosidl_typesupport_cppExport-noconfig.cmake
[1.957s] -- Up-to-date: /home/itoon/Documents/GitHub/Fun4_RoboticDev/install/fun4_interfaces/share/fun4_interfaces/cmake/export_fun4_interfaces__rosidl_generator_pyExport.cmake
[1.957s] -- Up-to-date: /home/itoon/Documents/GitHub/Fun4_RoboticDev/install/fun4_interfaces/share/fun4_interfaces/cmake/export_fun4_interfaces__rosidl_generator_pyExport-noconfig.cmake
[1.957s] -- Up-to-date: /home/itoon/Documents/GitHub/Fun4_RoboticDev/install/fun4_interfaces/share/fun4_interfaces/cmake/rosidl_cmake-extras.cmake
[1.957s] -- Up-to-date: /home/itoon/Documents/GitHub/Fun4_RoboticDev/install/fun4_interfaces/share/fun4_interfaces/cmake/ament_cmake_export_dependencies-extras.cmake
[1.957s] -- Up-to-date: /home/itoon/Documents/GitHub/Fun4_RoboticDev/install/fun4_interfaces/share/fun4_interfaces/cmake/ament_cmake_export_include_directories-extras.cmake
[1.957s] -- Up-to-date: /home/itoon/Documents/GitHub/Fun4_RoboticDev/install/fun4_interfaces/share/fun4_interfaces/cmake/ament_cmake_export_libraries-extras.cmake
[1.957s] -- Up-to-date: /home/itoon/Documents/GitHub/Fun4_RoboticDev/install/fun4_interfaces/share/fun4_interfaces/cmake/ament_cmake_export_targets-extras.cmake
[1.957s] -- Up-to-date: /home/itoon/Documents/GitHub/Fun4_RoboticDev/install/fun4_interfaces/share/fun4_interfaces/cmake/rosidl_cmake_export_typesupport_targets-extras.cmake
[1.957s] -- Up-to-date: /home/itoon/Documents/GitHub/Fun4_RoboticDev/install/fun4_interfaces/share/fun4_interfaces/cmake/rosidl_cmake_export_typesupport_libraries-extras.cmake
[1.957s] -- Up-to-date: /home/itoon/Documents/GitHub/Fun4_RoboticDev/install/fun4_interfaces/share/fun4_interfaces/cmake/fun4_interfacesConfig.cmake
[1.957s] -- Up-to-date: /home/itoon/Documents/GitHub/Fun4_RoboticDev/install/fun4_interfaces/share/fun4_interfaces/cmake/fun4_interfacesConfig-version.cmake
[1.957s] -- Up-to-date: /home/itoon/Documents/GitHub/Fun4_RoboticDev/install/fun4_interfaces/share/fun4_interfaces/package.xml
[1.959s] Invoked command in '/home/itoon/Documents/GitHub/Fun4_RoboticDev/build/fun4_interfaces' returned '0': CMAKE_PREFIX_PATH=${CMAKE_PREFIX_PATH}:/opt/ros/humble /usr/bin/cmake --install /home/itoon/Documents/GitHub/Fun4_RoboticDev/build/fun4_interfaces
