[0.008s] Invoking command in '/home/itoon/Documents/GitHub/Fun4_RoboticDev/build/fun4_interfaces': CMAKE_PREFIX_PATH=${CMAKE_PREFIX_PATH}:/opt/ros/humble /usr/bin/cmake /home/itoon/Documents/GitHub/Fun4_RoboticDev/src/fun4_interfaces -DCMAKE_INSTALL_PREFIX=/home/itoon/Documents/GitHub/Fun4_RoboticDev/install/fun4_interfaces
[0.121s] -- The C compiler identification is GNU 11.4.0
[0.183s] -- The CXX compiler identification is GNU 11.4.0
[0.189s] -- Detecting C compiler ABI info
[0.239s] -- Detecting C compiler ABI info - done
[0.243s] -- Check for working C compiler: /usr/bin/cc - skipped
[0.243s] -- Detecting C compile features
[0.244s] -- Detecting C compile features - done
[0.246s] -- Detecting CXX compiler ABI info
[0.300s] -- Detecting CXX compiler ABI info - done
[0.305s] -- Check for working CXX compiler: /usr/bin/c++ - skipped
[0.305s] -- Detecting CXX compile features
[0.305s] -- Detecting CXX compile features - done
[0.307s] -- Found ament_cmake: 1.3.10 (/opt/ros/humble/share/ament_cmake/cmake)
[0.420s] -- Found Python3: /usr/bin/python3 (found version "3.10.12") found components: Interpreter 
[0.491s] -- Found ament_lint_auto: 0.12.11 (/opt/ros/humble/share/ament_lint_auto/cmake)
[0.547s] -- Found std_msgs: 4.2.4 (/opt/ros/humble/share/std_msgs/cmake)
[0.570s] -- Found rosidl_generator_c: 3.1.5 (/opt/ros/humble/share/rosidl_generator_c/cmake)
[0.573s] -- Found rosidl_adapter: 3.1.5 (/opt/ros/humble/share/rosidl_adapter/cmake)
[0.578s] -- Found rosidl_generator_cpp: 3.1.5 (/opt/ros/humble/share/rosidl_generator_cpp/cmake)
[0.585s] -- Using all available rosidl_typesupport_c: rosidl_typesupport_fastrtps_c;rosidl_typesupport_introspection_c
[0.594s] -- Using all available rosidl_typesupport_cpp: rosidl_typesupport_fastrtps_cpp;rosidl_typesupport_introspection_cpp
[0.614s] -- Found geometry_msgs: 4.2.4 (/opt/ros/humble/share/geometry_msgs/cmake)
[0.624s] -- Found rosidl_default_generators: 1.2.0 (/opt/ros/humble/share/rosidl_default_generators/cmake)
[0.786s] -- Found ament_cmake_ros: 0.10.0 (/opt/ros/humble/share/ament_cmake_ros/cmake)
[1.060s] -- Using all available rosidl_typesupport_c: rosidl_typesupport_fastrtps_c;rosidl_typesupport_introspection_c
[1.190s] -- Using all available rosidl_typesupport_cpp: rosidl_typesupport_fastrtps_cpp;rosidl_typesupport_introspection_cpp
[1.208s] -- Found PythonInterp: /usr/bin/python3 (found suitable version "3.10.12", minimum required is "3.6") 
[1.210s] -- Found python_cmake_module: 0.10.0 (/opt/ros/humble/share/python_cmake_module/cmake)
[1.233s] -- Found PythonLibs: /usr/lib/x86_64-linux-gnu/libpython3.10.so (found suitable version "3.10.12", minimum required is "3.5") 
[1.233s] -- Using PYTHON_EXECUTABLE: /usr/bin/python3
[1.233s] -- Using PYTHON_INCLUDE_DIRS: /usr/include/python3.10
[1.233s] -- Using PYTHON_LIBRARIES: /usr/lib/x86_64-linux-gnu/libpython3.10.so
[1.249s] -- Found PythonExtra: .so  
[1.292s] -- Added test 'lint_cmake' to check CMake code style
[1.294s] -- Added test 'xmllint' to check XML markup files
[1.299s] -- Configuring done
[1.316s] -- Generating done
[1.317s] -- Build files have been written to: /home/itoon/Documents/GitHub/Fun4_RoboticDev/build/fun4_interfaces
[1.322s] Invoked command in '/home/itoon/Documents/GitHub/Fun4_RoboticDev/build/fun4_interfaces' returned '0': CMAKE_PREFIX_PATH=${CMAKE_PREFIX_PATH}:/opt/ros/humble /usr/bin/cmake /home/itoon/Documents/GitHub/Fun4_RoboticDev/src/fun4_interfaces -DCMAKE_INSTALL_PREFIX=/home/itoon/Documents/GitHub/Fun4_RoboticDev/install/fun4_interfaces
[1.323s] Invoking command in '/home/itoon/Documents/GitHub/Fun4_RoboticDev/build/fun4_interfaces': CMAKE_PREFIX_PATH=${CMAKE_PREFIX_PATH}:/opt/ros/humble /usr/bin/cmake --build /home/itoon/Documents/GitHub/Fun4_RoboticDev/build/fun4_interfaces -- -j20 -l20
[1.352s] [  3%] [34m[1mGenerating C code for ROS interfaces[0m
[1.361s] [  6%] [34m[1mGenerating C++ code for ROS interfaces[0m
[1.364s] [  6%] Built target ament_cmake_python_copy_fun4_interfaces
[1.508s] running egg_info
[1.508s] creating fun4_interfaces.egg-info
[1.508s] writing fun4_interfaces.egg-info/PKG-INFO
[1.508s] writing dependency_links to fun4_interfaces.egg-info/dependency_links.txt
[1.509s] writing top-level names to fun4_interfaces.egg-info/top_level.txt
[1.509s] writing manifest file 'fun4_interfaces.egg-info/SOURCES.txt'
[1.510s] reading manifest file 'fun4_interfaces.egg-info/SOURCES.txt'
[1.510s] writing manifest file 'fun4_interfaces.egg-info/SOURCES.txt'
[1.515s] [  6%] Built target fun4_interfaces__cpp
[1.521s] [  9%] [34m[1mGenerating C++ introspection for ROS interfaces[0m
[1.521s] [ 12%] [32mBuilding C object CMakeFiles/fun4_interfaces__rosidl_generator_c.dir/rosidl_generator_c/fun4_interfaces/srv/detail/mode__functions.c.o[0m
[1.523s] [ 19%] [34m[1mGenerating C++ type support for eProsima Fast-RTPS[0m
[1.523s] [ 19%] [34m[1mGenerating C++ type support dispatch for ROS interfaces[0m
[1.528s] [ 19%] Built target ament_cmake_python_build_fun4_interfaces_egg
[1.573s] [ 22%] [32m[1mLinking C shared library libfun4_interfaces__rosidl_generator_c.so[0m
[1.601s] [ 22%] Built target fun4_interfaces__rosidl_generator_c
[1.609s] [ 25%] [34m[1mGenerating C type support dispatch for ROS interfaces[0m
[1.610s] [ 32%] [34m[1mGenerating C type support for eProsima Fast-RTPS[0m
[1.610s] [ 32%] [34m[1mGenerating C introspection for ROS interfaces[0m
[1.669s] [ 35%] [32mBuilding CXX object CMakeFiles/fun4_interfaces__rosidl_typesupport_cpp.dir/rosidl_typesupport_cpp/fun4_interfaces/srv/mode__type_support.cpp.o[0m
[1.678s] [ 38%] [32mBuilding CXX object CMakeFiles/fun4_interfaces__rosidl_typesupport_introspection_cpp.dir/rosidl_typesupport_introspection_cpp/fun4_interfaces/srv/detail/mode__type_support.cpp.o[0m
[1.685s] [ 41%] [32mBuilding CXX object CMakeFiles/fun4_interfaces__rosidl_typesupport_fastrtps_cpp.dir/rosidl_typesupport_fastrtps_cpp/fun4_interfaces/srv/detail/dds_fastrtps/mode__type_support.cpp.o[0m
[1.770s] [ 45%] [32mBuilding CXX object CMakeFiles/fun4_interfaces__rosidl_typesupport_c.dir/rosidl_typesupport_c/fun4_interfaces/srv/mode__type_support.cpp.o[0m
[1.777s] [ 48%] [32mBuilding CXX object CMakeFiles/fun4_interfaces__rosidl_typesupport_fastrtps_c.dir/rosidl_typesupport_fastrtps_c/fun4_interfaces/srv/detail/mode__type_support_c.cpp.o[0m
[1.790s] [ 51%] [32mBuilding C object CMakeFiles/fun4_interfaces__rosidl_typesupport_introspection_c.dir/rosidl_typesupport_introspection_c/fun4_interfaces/srv/detail/mode__type_support.c.o[0m
[1.792s] [ 54%] [32m[1mLinking CXX shared library libfun4_interfaces__rosidl_typesupport_c.so[0m
[1.819s] [ 54%] Built target fun4_interfaces__rosidl_typesupport_c
[1.820s] [ 58%] [32m[1mLinking C shared library libfun4_interfaces__rosidl_typesupport_introspection_c.so[0m
[1.844s] [ 58%] Built target fun4_interfaces__rosidl_typesupport_introspection_c
[1.903s] [ 61%] [32m[1mLinking CXX shared library libfun4_interfaces__rosidl_typesupport_cpp.so[0m
[1.907s] [ 64%] [32m[1mLinking CXX shared library libfun4_interfaces__rosidl_typesupport_introspection_cpp.so[0m
[1.918s] [ 67%] [32m[1mLinking CXX shared library libfun4_interfaces__rosidl_typesupport_fastrtps_cpp.so[0m
[1.932s] [ 67%] Built target fun4_interfaces__rosidl_typesupport_cpp
[1.953s] [ 67%] Built target fun4_interfaces__rosidl_typesupport_introspection_cpp
[1.964s] [ 70%] [32m[1mLinking CXX shared library libfun4_interfaces__rosidl_typesupport_fastrtps_c.so[0m
[1.969s] [ 70%] Built target fun4_interfaces__rosidl_typesupport_fastrtps_cpp
[2.021s] [ 70%] Built target fun4_interfaces__rosidl_typesupport_fastrtps_c
[2.037s] [ 70%] Built target fun4_interfaces
[2.054s] [ 74%] [34m[1mGenerating Python code for ROS interfaces[0m
[2.255s] [ 74%] Built target fun4_interfaces__py
[2.271s] [ 77%] [32mBuilding C object CMakeFiles/fun4_interfaces__rosidl_generator_py.dir/rosidl_generator_py/fun4_interfaces/srv/_mode_s.c.o[0m
[2.349s] [ 80%] [32m[1mLinking C shared library rosidl_generator_py/fun4_interfaces/libfun4_interfaces__rosidl_generator_py.so[0m
[2.379s] [ 80%] Built target fun4_interfaces__rosidl_generator_py
[2.396s] [ 90%] [32mBuilding C object CMakeFiles/fun4_interfaces__rosidl_typesupport_c__pyext.dir/rosidl_generator_py/fun4_interfaces/_fun4_interfaces_s.ep.rosidl_typesupport_c.c.o[0m
[2.396s] [ 90%] [32mBuilding C object CMakeFiles/fun4_interfaces__rosidl_typesupport_fastrtps_c__pyext.dir/rosidl_generator_py/fun4_interfaces/_fun4_interfaces_s.ep.rosidl_typesupport_fastrtps_c.c.o[0m
[2.396s] [ 90%] [32mBuilding C object CMakeFiles/fun4_interfaces__rosidl_typesupport_introspection_c__pyext.dir/rosidl_generator_py/fun4_interfaces/_fun4_interfaces_s.ep.rosidl_typesupport_introspection_c.c.o[0m
[2.456s] [ 93%] [32m[1mLinking C shared library rosidl_generator_py/fun4_interfaces/fun4_interfaces_s__rosidl_typesupport_c.cpython-310-x86_64-linux-gnu.so[0m
[2.460s] [ 96%] [32m[1mLinking C shared library rosidl_generator_py/fun4_interfaces/fun4_interfaces_s__rosidl_typesupport_introspection_c.cpython-310-x86_64-linux-gnu.so[0m
[2.460s] [100%] [32m[1mLinking C shared library rosidl_generator_py/fun4_interfaces/fun4_interfaces_s__rosidl_typesupport_fastrtps_c.cpython-310-x86_64-linux-gnu.so[0m
[2.484s] [100%] Built target fun4_interfaces__rosidl_typesupport_c__pyext
[2.486s] [100%] Built target fun4_interfaces__rosidl_typesupport_fastrtps_c__pyext
[2.488s] [100%] Built target fun4_interfaces__rosidl_typesupport_introspection_c__pyext
[2.496s] Invoked command in '/home/itoon/Documents/GitHub/Fun4_RoboticDev/build/fun4_interfaces' returned '0': CMAKE_PREFIX_PATH=${CMAKE_PREFIX_PATH}:/opt/ros/humble /usr/bin/cmake --build /home/itoon/Documents/GitHub/Fun4_RoboticDev/build/fun4_interfaces -- -j20 -l20
[2.541s] Invoking command in '/home/itoon/Documents/GitHub/Fun4_RoboticDev/build/fun4_interfaces': CMAKE_PREFIX_PATH=${CMAKE_PREFIX_PATH}:/opt/ros/humble /usr/bin/cmake --install /home/itoon/Documents/GitHub/Fun4_RoboticDev/build/fun4_interfaces
[2.546s] -- Install configuration: ""
[2.546s] -- Installing: /home/itoon/Documents/GitHub/Fun4_RoboticDev/install/fun4_interfaces/share/ament_index/resource_index/rosidl_interfaces/fun4_interfaces
[2.546s] -- Installing: /home/itoon/Documents/GitHub/Fun4_RoboticDev/install/fun4_interfaces/include/fun4_interfaces/fun4_interfaces
[2.546s] -- Installing: /home/itoon/Documents/GitHub/Fun4_RoboticDev/install/fun4_interfaces/include/fun4_interfaces/fun4_interfaces/msg
[2.546s] -- Installing: /home/itoon/Documents/GitHub/Fun4_RoboticDev/install/fun4_interfaces/include/fun4_interfaces/fun4_interfaces/msg/rosidl_generator_c__visibility_control.h
[2.546s] -- Installing: /home/itoon/Documents/GitHub/Fun4_RoboticDev/install/fun4_interfaces/include/fun4_interfaces/fun4_interfaces/srv
[2.547s] -- Installing: /home/itoon/Documents/GitHub/Fun4_RoboticDev/install/fun4_interfaces/include/fun4_interfaces/fun4_interfaces/srv/mode.h
[2.547s] -- Installing: /home/itoon/Documents/GitHub/Fun4_RoboticDev/install/fun4_interfaces/include/fun4_interfaces/fun4_interfaces/srv/detail
[2.547s] -- Installing: /home/itoon/Documents/GitHub/Fun4_RoboticDev/install/fun4_interfaces/include/fun4_interfaces/fun4_interfaces/srv/detail/mode__functions.h
[2.547s] -- Installing: /home/itoon/Documents/GitHub/Fun4_RoboticDev/install/fun4_interfaces/include/fun4_interfaces/fun4_interfaces/srv/detail/mode__struct.h
[2.547s] -- Installing: /home/itoon/Documents/GitHub/Fun4_RoboticDev/install/fun4_interfaces/include/fun4_interfaces/fun4_interfaces/srv/detail/mode__type_support.h
[2.547s] -- Installing: /home/itoon/Documents/GitHub/Fun4_RoboticDev/install/fun4_interfaces/include/fun4_interfaces/fun4_interfaces/srv/detail/mode__functions.c
[2.547s] -- Installing: /home/itoon/Documents/GitHub/Fun4_RoboticDev/install/fun4_interfaces/share/fun4_interfaces/environment/library_path.sh
[2.547s] -- Installing: /home/itoon/Documents/GitHub/Fun4_RoboticDev/install/fun4_interfaces/share/fun4_interfaces/environment/library_path.dsv
[2.547s] -- Installing: /home/itoon/Documents/GitHub/Fun4_RoboticDev/install/fun4_interfaces/lib/libfun4_interfaces__rosidl_generator_c.so
[2.547s] -- Set runtime path of "/home/itoon/Documents/GitHub/Fun4_RoboticDev/install/fun4_interfaces/lib/libfun4_interfaces__rosidl_generator_c.so" to ""
[2.547s] -- Up-to-date: /home/itoon/Documents/GitHub/Fun4_RoboticDev/install/fun4_interfaces/include/fun4_interfaces/fun4_interfaces
[2.547s] -- Up-to-date: /home/itoon/Documents/GitHub/Fun4_RoboticDev/install/fun4_interfaces/include/fun4_interfaces/fun4_interfaces/msg
[2.548s] -- Installing: /home/itoon/Documents/GitHub/Fun4_RoboticDev/install/fun4_interfaces/include/fun4_interfaces/fun4_interfaces/msg/rosidl_typesupport_fastrtps_c__visibility_control.h
[2.548s] -- Up-to-date: /home/itoon/Documents/GitHub/Fun4_RoboticDev/install/fun4_interfaces/include/fun4_interfaces/fun4_interfaces/srv
[2.548s] -- Up-to-date: /home/itoon/Documents/GitHub/Fun4_RoboticDev/install/fun4_interfaces/include/fun4_interfaces/fun4_interfaces/srv/detail
[2.548s] -- Installing: /home/itoon/Documents/GitHub/Fun4_RoboticDev/install/fun4_interfaces/include/fun4_interfaces/fun4_interfaces/srv/detail/mode__rosidl_typesupport_fastrtps_c.h
[2.548s] -- Installing: /home/itoon/Documents/GitHub/Fun4_RoboticDev/install/fun4_interfaces/lib/libfun4_interfaces__rosidl_typesupport_fastrtps_c.so
[2.548s] -- Set runtime path of "/home/itoon/Documents/GitHub/Fun4_RoboticDev/install/fun4_interfaces/lib/libfun4_interfaces__rosidl_typesupport_fastrtps_c.so" to ""
[2.548s] -- Up-to-date: /home/itoon/Documents/GitHub/Fun4_RoboticDev/install/fun4_interfaces/include/fun4_interfaces/fun4_interfaces
[2.548s] -- Up-to-date: /home/itoon/Documents/GitHub/Fun4_RoboticDev/install/fun4_interfaces/include/fun4_interfaces/fun4_interfaces/srv
[2.548s] -- Up-to-date: /home/itoon/Documents/GitHub/Fun4_RoboticDev/install/fun4_interfaces/include/fun4_interfaces/fun4_interfaces/srv/detail
[2.548s] -- Installing: /home/itoon/Documents/GitHub/Fun4_RoboticDev/install/fun4_interfaces/include/fun4_interfaces/fun4_interfaces/srv/detail/mode__traits.hpp
[2.548s] -- Installing: /home/itoon/Documents/GitHub/Fun4_RoboticDev/install/fun4_interfaces/include/fun4_interfaces/fun4_interfaces/srv/detail/mode__builder.hpp
[2.548s] -- Installing: /home/itoon/Documents/GitHub/Fun4_RoboticDev/install/fun4_interfaces/include/fun4_interfaces/fun4_interfaces/srv/detail/mode__struct.hpp
[2.548s] -- Installing: /home/itoon/Documents/GitHub/Fun4_RoboticDev/install/fun4_interfaces/include/fun4_interfaces/fun4_interfaces/srv/mode.hpp
[2.548s] -- Up-to-date: /home/itoon/Documents/GitHub/Fun4_RoboticDev/install/fun4_interfaces/include/fun4_interfaces/fun4_interfaces
[2.548s] -- Up-to-date: /home/itoon/Documents/GitHub/Fun4_RoboticDev/install/fun4_interfaces/include/fun4_interfaces/fun4_interfaces/msg
[2.549s] -- Installing: /home/itoon/Documents/GitHub/Fun4_RoboticDev/install/fun4_interfaces/include/fun4_interfaces/fun4_interfaces/msg/rosidl_typesupport_fastrtps_cpp__visibility_control.h
[2.549s] -- Up-to-date: /home/itoon/Documents/GitHub/Fun4_RoboticDev/install/fun4_interfaces/include/fun4_interfaces/fun4_interfaces/srv
[2.549s] -- Up-to-date: /home/itoon/Documents/GitHub/Fun4_RoboticDev/install/fun4_interfaces/include/fun4_interfaces/fun4_interfaces/srv/detail
[2.549s] -- Installing: /home/itoon/Documents/GitHub/Fun4_RoboticDev/install/fun4_interfaces/include/fun4_interfaces/fun4_interfaces/srv/detail/dds_fastrtps
[2.549s] -- Installing: /home/itoon/Documents/GitHub/Fun4_RoboticDev/install/fun4_interfaces/include/fun4_interfaces/fun4_interfaces/srv/detail/mode__rosidl_typesupport_fastrtps_cpp.hpp
[2.549s] -- Installing: /home/itoon/Documents/GitHub/Fun4_RoboticDev/install/fun4_interfaces/lib/libfun4_interfaces__rosidl_typesupport_fastrtps_cpp.so
[2.549s] -- Set runtime path of "/home/itoon/Documents/GitHub/Fun4_RoboticDev/install/fun4_interfaces/lib/libfun4_interfaces__rosidl_typesupport_fastrtps_cpp.so" to ""
[2.549s] -- Up-to-date: /home/itoon/Documents/GitHub/Fun4_RoboticDev/install/fun4_interfaces/include/fun4_interfaces/fun4_interfaces
[2.549s] -- Up-to-date: /home/itoon/Documents/GitHub/Fun4_RoboticDev/install/fun4_interfaces/include/fun4_interfaces/fun4_interfaces/msg
[2.549s] -- Installing: /home/itoon/Documents/GitHub/Fun4_RoboticDev/install/fun4_interfaces/include/fun4_interfaces/fun4_interfaces/msg/rosidl_typesupport_introspection_c__visibility_control.h
[2.549s] -- Up-to-date: /home/itoon/Documents/GitHub/Fun4_RoboticDev/install/fun4_interfaces/include/fun4_interfaces/fun4_interfaces/srv
[2.549s] -- Up-to-date: /home/itoon/Documents/GitHub/Fun4_RoboticDev/install/fun4_interfaces/include/fun4_interfaces/fun4_interfaces/srv/detail
[2.549s] -- Installing: /home/itoon/Documents/GitHub/Fun4_RoboticDev/install/fun4_interfaces/include/fun4_interfaces/fun4_interfaces/srv/detail/mode__type_support.c
[2.549s] -- Installing: /home/itoon/Documents/GitHub/Fun4_RoboticDev/install/fun4_interfaces/include/fun4_interfaces/fun4_interfaces/srv/detail/mode__rosidl_typesupport_introspection_c.h
[2.549s] -- Installing: /home/itoon/Documents/GitHub/Fun4_RoboticDev/install/fun4_interfaces/lib/libfun4_interfaces__rosidl_typesupport_introspection_c.so
[2.549s] -- Set runtime path of "/home/itoon/Documents/GitHub/Fun4_RoboticDev/install/fun4_interfaces/lib/libfun4_interfaces__rosidl_typesupport_introspection_c.so" to ""
[2.550s] -- Installing: /home/itoon/Documents/GitHub/Fun4_RoboticDev/install/fun4_interfaces/lib/libfun4_interfaces__rosidl_typesupport_c.so
[2.550s] -- Set runtime path of "/home/itoon/Documents/GitHub/Fun4_RoboticDev/install/fun4_interfaces/lib/libfun4_interfaces__rosidl_typesupport_c.so" to ""
[2.550s] -- Up-to-date: /home/itoon/Documents/GitHub/Fun4_RoboticDev/install/fun4_interfaces/include/fun4_interfaces/fun4_interfaces
[2.550s] -- Up-to-date: /home/itoon/Documents/GitHub/Fun4_RoboticDev/install/fun4_interfaces/include/fun4_interfaces/fun4_interfaces/srv
[2.550s] -- Up-to-date: /home/itoon/Documents/GitHub/Fun4_RoboticDev/install/fun4_interfaces/include/fun4_interfaces/fun4_interfaces/srv/detail
[2.550s] -- Installing: /home/itoon/Documents/GitHub/Fun4_RoboticDev/install/fun4_interfaces/include/fun4_interfaces/fun4_interfaces/srv/detail/mode__type_support.cpp
[2.550s] -- Installing: /home/itoon/Documents/GitHub/Fun4_RoboticDev/install/fun4_interfaces/include/fun4_interfaces/fun4_interfaces/srv/detail/mode__rosidl_typesupport_introspection_cpp.hpp
[2.550s] -- Installing: /home/itoon/Documents/GitHub/Fun4_RoboticDev/install/fun4_interfaces/lib/libfun4_interfaces__rosidl_typesupport_introspection_cpp.so
[2.550s] -- Set runtime path of "/home/itoon/Documents/GitHub/Fun4_RoboticDev/install/fun4_interfaces/lib/libfun4_interfaces__rosidl_typesupport_introspection_cpp.so" to ""
[2.550s] -- Installing: /home/itoon/Documents/GitHub/Fun4_RoboticDev/install/fun4_interfaces/lib/libfun4_interfaces__rosidl_typesupport_cpp.so
[2.550s] -- Set runtime path of "/home/itoon/Documents/GitHub/Fun4_RoboticDev/install/fun4_interfaces/lib/libfun4_interfaces__rosidl_typesupport_cpp.so" to ""
[2.550s] -- Installing: /home/itoon/Documents/GitHub/Fun4_RoboticDev/install/fun4_interfaces/share/fun4_interfaces/environment/pythonpath.sh
[2.550s] -- Installing: /home/itoon/Documents/GitHub/Fun4_RoboticDev/install/fun4_interfaces/share/fun4_interfaces/environment/pythonpath.dsv
[2.550s] -- Installing: /home/itoon/Documents/GitHub/Fun4_RoboticDev/install/fun4_interfaces/local/lib/python3.10/dist-packages/fun4_interfaces-0.0.0-py3.10.egg-info
[2.550s] -- Installing: /home/itoon/Documents/GitHub/Fun4_RoboticDev/install/fun4_interfaces/local/lib/python3.10/dist-packages/fun4_interfaces-0.0.0-py3.10.egg-info/dependency_links.txt
[2.550s] -- Installing: /home/itoon/Documents/GitHub/Fun4_RoboticDev/install/fun4_interfaces/local/lib/python3.10/dist-packages/fun4_interfaces-0.0.0-py3.10.egg-info/top_level.txt
[2.550s] -- Installing: /home/itoon/Documents/GitHub/Fun4_RoboticDev/install/fun4_interfaces/local/lib/python3.10/dist-packages/fun4_interfaces-0.0.0-py3.10.egg-info/PKG-INFO
[2.550s] -- Installing: /home/itoon/Documents/GitHub/Fun4_RoboticDev/install/fun4_interfaces/local/lib/python3.10/dist-packages/fun4_interfaces-0.0.0-py3.10.egg-info/SOURCES.txt
[2.550s] -- Installing: /home/itoon/Documents/GitHub/Fun4_RoboticDev/install/fun4_interfaces/local/lib/python3.10/dist-packages/fun4_interfaces
[2.550s] -- Installing: /home/itoon/Documents/GitHub/Fun4_RoboticDev/install/fun4_interfaces/local/lib/python3.10/dist-packages/fun4_interfaces/__init__.py
[2.551s] -- Installing: /home/itoon/Documents/GitHub/Fun4_RoboticDev/install/fun4_interfaces/local/lib/python3.10/dist-packages/fun4_interfaces/fun4_interfaces_s__rosidl_typesupport_fastrtps_c.cpython-310-x86_64-linux-gnu.so
[2.551s] -- Installing: /home/itoon/Documents/GitHub/Fun4_RoboticDev/install/fun4_interfaces/local/lib/python3.10/dist-packages/fun4_interfaces/_fun4_interfaces_s.ep.rosidl_typesupport_c.c
[2.551s] -- Installing: /home/itoon/Documents/GitHub/Fun4_RoboticDev/install/fun4_interfaces/local/lib/python3.10/dist-packages/fun4_interfaces/_fun4_interfaces_s.ep.rosidl_typesupport_fastrtps_c.c
[2.551s] -- Installing: /home/itoon/Documents/GitHub/Fun4_RoboticDev/install/fun4_interfaces/local/lib/python3.10/dist-packages/fun4_interfaces/fun4_interfaces_s__rosidl_typesupport_c.cpython-310-x86_64-linux-gnu.so
[2.551s] -- Installing: /home/itoon/Documents/GitHub/Fun4_RoboticDev/install/fun4_interfaces/local/lib/python3.10/dist-packages/fun4_interfaces/libfun4_interfaces__rosidl_generator_py.so
[2.551s] -- Installing: /home/itoon/Documents/GitHub/Fun4_RoboticDev/install/fun4_interfaces/local/lib/python3.10/dist-packages/fun4_interfaces/fun4_interfaces_s__rosidl_typesupport_introspection_c.cpython-310-x86_64-linux-gnu.so
[2.551s] -- Installing: /home/itoon/Documents/GitHub/Fun4_RoboticDev/install/fun4_interfaces/local/lib/python3.10/dist-packages/fun4_interfaces/_fun4_interfaces_s.ep.rosidl_typesupport_introspection_c.c
[2.551s] -- Installing: /home/itoon/Documents/GitHub/Fun4_RoboticDev/install/fun4_interfaces/local/lib/python3.10/dist-packages/fun4_interfaces/srv
[2.551s] -- Installing: /home/itoon/Documents/GitHub/Fun4_RoboticDev/install/fun4_interfaces/local/lib/python3.10/dist-packages/fun4_interfaces/srv/_mode.py
[2.551s] -- Installing: /home/itoon/Documents/GitHub/Fun4_RoboticDev/install/fun4_interfaces/local/lib/python3.10/dist-packages/fun4_interfaces/srv/__init__.py
[2.551s] -- Installing: /home/itoon/Documents/GitHub/Fun4_RoboticDev/install/fun4_interfaces/local/lib/python3.10/dist-packages/fun4_interfaces/srv/_mode_s.c
[2.572s] Listing '/home/itoon/Documents/GitHub/Fun4_RoboticDev/install/fun4_interfaces/local/lib/python3.10/dist-packages/fun4_interfaces'...
[2.572s] Compiling '/home/itoon/Documents/GitHub/Fun4_RoboticDev/install/fun4_interfaces/local/lib/python3.10/dist-packages/fun4_interfaces/__init__.py'...
[2.572s] Listing '/home/itoon/Documents/GitHub/Fun4_RoboticDev/install/fun4_interfaces/local/lib/python3.10/dist-packages/fun4_interfaces/srv'...
[2.572s] Compiling '/home/itoon/Documents/GitHub/Fun4_RoboticDev/install/fun4_interfaces/local/lib/python3.10/dist-packages/fun4_interfaces/srv/__init__.py'...
[2.572s] Compiling '/home/itoon/Documents/GitHub/Fun4_RoboticDev/install/fun4_interfaces/local/lib/python3.10/dist-packages/fun4_interfaces/srv/_mode.py'...
[2.575s] -- Installing: /home/itoon/Documents/GitHub/Fun4_RoboticDev/install/fun4_interfaces/local/lib/python3.10/dist-packages/fun4_interfaces/fun4_interfaces_s__rosidl_typesupport_fastrtps_c.cpython-310-x86_64-linux-gnu.so
[2.575s] -- Set runtime path of "/home/itoon/Documents/GitHub/Fun4_RoboticDev/install/fun4_interfaces/local/lib/python3.10/dist-packages/fun4_interfaces/fun4_interfaces_s__rosidl_typesupport_fastrtps_c.cpython-310-x86_64-linux-gnu.so" to ""
[2.575s] -- Installing: /home/itoon/Documents/GitHub/Fun4_RoboticDev/install/fun4_interfaces/local/lib/python3.10/dist-packages/fun4_interfaces/fun4_interfaces_s__rosidl_typesupport_introspection_c.cpython-310-x86_64-linux-gnu.so
[2.575s] -- Set runtime path of "/home/itoon/Documents/GitHub/Fun4_RoboticDev/install/fun4_interfaces/local/lib/python3.10/dist-packages/fun4_interfaces/fun4_interfaces_s__rosidl_typesupport_introspection_c.cpython-310-x86_64-linux-gnu.so" to ""
[2.576s] -- Installing: /home/itoon/Documents/GitHub/Fun4_RoboticDev/install/fun4_interfaces/local/lib/python3.10/dist-packages/fun4_interfaces/fun4_interfaces_s__rosidl_typesupport_c.cpython-310-x86_64-linux-gnu.so
[2.576s] -- Set runtime path of "/home/itoon/Documents/GitHub/Fun4_RoboticDev/install/fun4_interfaces/local/lib/python3.10/dist-packages/fun4_interfaces/fun4_interfaces_s__rosidl_typesupport_c.cpython-310-x86_64-linux-gnu.so" to ""
[2.576s] -- Installing: /home/itoon/Documents/GitHub/Fun4_RoboticDev/install/fun4_interfaces/lib/libfun4_interfaces__rosidl_generator_py.so
[2.576s] -- Set runtime path of "/home/itoon/Documents/GitHub/Fun4_RoboticDev/install/fun4_interfaces/lib/libfun4_interfaces__rosidl_generator_py.so" to ""
[2.576s] -- Installing: /home/itoon/Documents/GitHub/Fun4_RoboticDev/install/fun4_interfaces/share/fun4_interfaces/srv/Mode.idl
[2.576s] -- Installing: /home/itoon/Documents/GitHub/Fun4_RoboticDev/install/fun4_interfaces/share/fun4_interfaces/srv/Mode.srv
[2.576s] -- Installing: /home/itoon/Documents/GitHub/Fun4_RoboticDev/install/fun4_interfaces/share/fun4_interfaces/srv/Mode_Request.msg
[2.576s] -- Installing: /home/itoon/Documents/GitHub/Fun4_RoboticDev/install/fun4_interfaces/share/fun4_interfaces/srv/Mode_Response.msg
[2.576s] -- Installing: /home/itoon/Documents/GitHub/Fun4_RoboticDev/install/fun4_interfaces/share/ament_index/resource_index/package_run_dependencies/fun4_interfaces
[2.576s] -- Installing: /home/itoon/Documents/GitHub/Fun4_RoboticDev/install/fun4_interfaces/share/ament_index/resource_index/parent_prefix_path/fun4_interfaces
[2.576s] -- Installing: /home/itoon/Documents/GitHub/Fun4_RoboticDev/install/fun4_interfaces/share/fun4_interfaces/environment/ament_prefix_path.sh
[2.576s] -- Installing: /home/itoon/Documents/GitHub/Fun4_RoboticDev/install/fun4_interfaces/share/fun4_interfaces/environment/ament_prefix_path.dsv
[2.576s] -- Installing: /home/itoon/Documents/GitHub/Fun4_RoboticDev/install/fun4_interfaces/share/fun4_interfaces/environment/path.sh
[2.577s] -- Installing: /home/itoon/Documents/GitHub/Fun4_RoboticDev/install/fun4_interfaces/share/fun4_interfaces/environment/path.dsv
[2.577s] -- Installing: /home/itoon/Documents/GitHub/Fun4_RoboticDev/install/fun4_interfaces/share/fun4_interfaces/local_setup.bash
[2.577s] -- Installing: /home/itoon/Documents/GitHub/Fun4_RoboticDev/install/fun4_interfaces/share/fun4_interfaces/local_setup.sh
[2.577s] -- Installing: /home/itoon/Documents/GitHub/Fun4_RoboticDev/install/fun4_interfaces/share/fun4_interfaces/local_setup.zsh
[2.577s] -- Installing: /home/itoon/Documents/GitHub/Fun4_RoboticDev/install/fun4_interfaces/share/fun4_interfaces/local_setup.dsv
[2.577s] -- Installing: /home/itoon/Documents/GitHub/Fun4_RoboticDev/install/fun4_interfaces/share/fun4_interfaces/package.dsv
[2.577s] -- Installing: /home/itoon/Documents/GitHub/Fun4_RoboticDev/install/fun4_interfaces/share/ament_index/resource_index/packages/fun4_interfaces
[2.577s] -- Installing: /home/itoon/Documents/GitHub/Fun4_RoboticDev/install/fun4_interfaces/share/fun4_interfaces/cmake/export_fun4_interfaces__rosidl_generator_cExport.cmake
[2.577s] -- Installing: /home/itoon/Documents/GitHub/Fun4_RoboticDev/install/fun4_interfaces/share/fun4_interfaces/cmake/export_fun4_interfaces__rosidl_generator_cExport-noconfig.cmake
[2.577s] -- Installing: /home/itoon/Documents/GitHub/Fun4_RoboticDev/install/fun4_interfaces/share/fun4_interfaces/cmake/export_fun4_interfaces__rosidl_typesupport_fastrtps_cExport.cmake
[2.577s] -- Installing: /home/itoon/Documents/GitHub/Fun4_RoboticDev/install/fun4_interfaces/share/fun4_interfaces/cmake/export_fun4_interfaces__rosidl_typesupport_fastrtps_cExport-noconfig.cmake
[2.577s] -- Installing: /home/itoon/Documents/GitHub/Fun4_RoboticDev/install/fun4_interfaces/share/fun4_interfaces/cmake/export_fun4_interfaces__rosidl_generator_cppExport.cmake
[2.577s] -- Installing: /home/itoon/Documents/GitHub/Fun4_RoboticDev/install/fun4_interfaces/share/fun4_interfaces/cmake/export_fun4_interfaces__rosidl_typesupport_fastrtps_cppExport.cmake
[2.577s] -- Installing: /home/itoon/Documents/GitHub/Fun4_RoboticDev/install/fun4_interfaces/share/fun4_interfaces/cmake/export_fun4_interfaces__rosidl_typesupport_fastrtps_cppExport-noconfig.cmake
[2.577s] -- Installing: /home/itoon/Documents/GitHub/Fun4_RoboticDev/install/fun4_interfaces/share/fun4_interfaces/cmake/fun4_interfaces__rosidl_typesupport_introspection_cExport.cmake
[2.577s] -- Installing: /home/itoon/Documents/GitHub/Fun4_RoboticDev/install/fun4_interfaces/share/fun4_interfaces/cmake/fun4_interfaces__rosidl_typesupport_introspection_cExport-noconfig.cmake
[2.577s] -- Installing: /home/itoon/Documents/GitHub/Fun4_RoboticDev/install/fun4_interfaces/share/fun4_interfaces/cmake/fun4_interfaces__rosidl_typesupport_cExport.cmake
[2.577s] -- Installing: /home/itoon/Documents/GitHub/Fun4_RoboticDev/install/fun4_interfaces/share/fun4_interfaces/cmake/fun4_interfaces__rosidl_typesupport_cExport-noconfig.cmake
[2.578s] -- Installing: /home/itoon/Documents/GitHub/Fun4_RoboticDev/install/fun4_interfaces/share/fun4_interfaces/cmake/fun4_interfaces__rosidl_typesupport_introspection_cppExport.cmake
[2.578s] -- Installing: /home/itoon/Documents/GitHub/Fun4_RoboticDev/install/fun4_interfaces/share/fun4_interfaces/cmake/fun4_interfaces__rosidl_typesupport_introspection_cppExport-noconfig.cmake
[2.578s] -- Installing: /home/itoon/Documents/GitHub/Fun4_RoboticDev/install/fun4_interfaces/share/fun4_interfaces/cmake/fun4_interfaces__rosidl_typesupport_cppExport.cmake
[2.578s] -- Installing: /home/itoon/Documents/GitHub/Fun4_RoboticDev/install/fun4_interfaces/share/fun4_interfaces/cmake/fun4_interfaces__rosidl_typesupport_cppExport-noconfig.cmake
[2.578s] -- Installing: /home/itoon/Documents/GitHub/Fun4_RoboticDev/install/fun4_interfaces/share/fun4_interfaces/cmake/export_fun4_interfaces__rosidl_generator_pyExport.cmake
[2.578s] -- Installing: /home/itoon/Documents/GitHub/Fun4_RoboticDev/install/fun4_interfaces/share/fun4_interfaces/cmake/export_fun4_interfaces__rosidl_generator_pyExport-noconfig.cmake
[2.578s] -- Installing: /home/itoon/Documents/GitHub/Fun4_RoboticDev/install/fun4_interfaces/share/fun4_interfaces/cmake/rosidl_cmake-extras.cmake
[2.578s] -- Installing: /home/itoon/Documents/GitHub/Fun4_RoboticDev/install/fun4_interfaces/share/fun4_interfaces/cmake/ament_cmake_export_dependencies-extras.cmake
[2.578s] -- Installing: /home/itoon/Documents/GitHub/Fun4_RoboticDev/install/fun4_interfaces/share/fun4_interfaces/cmake/ament_cmake_export_include_directories-extras.cmake
[2.578s] -- Installing: /home/itoon/Documents/GitHub/Fun4_RoboticDev/install/fun4_interfaces/share/fun4_interfaces/cmake/ament_cmake_export_libraries-extras.cmake
[2.578s] -- Installing: /home/itoon/Documents/GitHub/Fun4_RoboticDev/install/fun4_interfaces/share/fun4_interfaces/cmake/ament_cmake_export_targets-extras.cmake
[2.578s] -- Installing: /home/itoon/Documents/GitHub/Fun4_RoboticDev/install/fun4_interfaces/share/fun4_interfaces/cmake/rosidl_cmake_export_typesupport_targets-extras.cmake
[2.578s] -- Installing: /home/itoon/Documents/GitHub/Fun4_RoboticDev/install/fun4_interfaces/share/fun4_interfaces/cmake/rosidl_cmake_export_typesupport_libraries-extras.cmake
[2.578s] -- Installing: /home/itoon/Documents/GitHub/Fun4_RoboticDev/install/fun4_interfaces/share/fun4_interfaces/cmake/fun4_interfacesConfig.cmake
[2.578s] -- Installing: /home/itoon/Documents/GitHub/Fun4_RoboticDev/install/fun4_interfaces/share/fun4_interfaces/cmake/fun4_interfacesConfig-version.cmake
[2.578s] -- Installing: /home/itoon/Documents/GitHub/Fun4_RoboticDev/install/fun4_interfaces/share/fun4_interfaces/package.xml
[2.579s] Invoked command in '/home/itoon/Documents/GitHub/Fun4_RoboticDev/build/fun4_interfaces' returned '0': CMAKE_PREFIX_PATH=${CMAKE_PREFIX_PATH}:/opt/ros/humble /usr/bin/cmake --install /home/itoon/Documents/GitHub/Fun4_RoboticDev/build/fun4_interfaces
