[0.008s] Invoking command in '/home/itoon/Documents/GitHub/Fun4_RoboticDev/build/fun4_interfaces': CMAKE_PREFIX_PATH=${CMAKE_PREFIX_PATH}:/opt/ros/humble /usr/bin/cmake --build /home/itoon/Documents/GitHub/Fun4_RoboticDev/build/fun4_interfaces -- -j20 -l20
[0.026s] -- Found ament_cmake: 1.3.10 (/opt/ros/humble/share/ament_cmake/cmake)
[0.101s] -- Found ament_lint_auto: 0.12.11 (/opt/ros/humble/share/ament_lint_auto/cmake)
[0.142s] -- Found geometry_msgs: 4.2.4 (/opt/ros/humble/share/geometry_msgs/cmake)
[0.155s] -- Found rosidl_generator_c: 3.1.5 (/opt/ros/humble/share/rosidl_generator_c/cmake)
[0.156s] -- Found rosidl_adapter: 3.1.5 (/opt/ros/humble/share/rosidl_adapter/cmake)
[0.159s] -- Found rosidl_generator_cpp: 3.1.5 (/opt/ros/humble/share/rosidl_generator_cpp/cmake)
[0.164s] -- Using all available rosidl_typesupport_c: rosidl_typesupport_fastrtps_c;rosidl_typesupport_introspection_c
[0.170s] -- Using all available rosidl_typesupport_cpp: rosidl_typesupport_fastrtps_cpp;rosidl_typesupport_introspection_cpp
[0.188s] -- Found rosidl_default_generators: 1.2.0 (/opt/ros/humble/share/rosidl_default_generators/cmake)
[0.325s] -- Found ament_cmake_ros: 0.10.0 (/opt/ros/humble/share/ament_cmake_ros/cmake)
[0.586s] -- Using all available rosidl_typesupport_c: rosidl_typesupport_fastrtps_c;rosidl_typesupport_introspection_c
[0.684s] -- Using all available rosidl_typesupport_cpp: rosidl_typesupport_fastrtps_cpp;rosidl_typesupport_introspection_cpp
[0.697s] -- Found python_cmake_module: 0.10.0 (/opt/ros/humble/share/python_cmake_module/cmake)
[0.713s] -- Using PYTHON_EXECUTABLE: /usr/bin/python3
[0.713s] -- Using PYTHON_INCLUDE_DIRS: /usr/include/python3.10
[0.713s] -- Using PYTHON_LIBRARIES: /usr/lib/x86_64-linux-gnu/libpython3.10.so
[0.735s] -- Added test 'lint_cmake' to check CMake code style
[0.735s] -- Added test 'xmllint' to check XML markup files
[0.736s] -- Configuring done
[0.751s] -- Generating done
[0.752s] -- Build files have been written to: /home/itoon/Documents/GitHub/Fun4_RoboticDev/build/fun4_interfaces
[0.771s] [  3%] [34m[1mGenerating C code for ROS interfaces[0m
[0.778s] [  6%] [34m[1mGenerating C++ code for ROS interfaces[0m
[0.784s] [  6%] Built target ament_cmake_python_copy_fun4_interfaces
[0.916s] running egg_info
[0.916s] writing fun4_interfaces.egg-info/PKG-INFO
[0.916s] writing dependency_links to fun4_interfaces.egg-info/dependency_links.txt
[0.916s] writing top-level names to fun4_interfaces.egg-info/top_level.txt
[0.918s] reading manifest file 'fun4_interfaces.egg-info/SOURCES.txt'
[0.918s] writing manifest file 'fun4_interfaces.egg-info/SOURCES.txt'
[0.924s] [35m[1mConsolidate compiler generated dependencies of target fun4_interfaces__rosidl_generator_c[0m
[0.924s] [  6%] Built target fun4_interfaces__cpp
[0.931s] [ 12%] [34m[1mGenerating C++ introspection for ROS interfaces[0m
[0.932s] [ 12%] [34m[1mGenerating C++ type support dispatch for ROS interfaces[0m
[0.932s] [ 16%] [34m[1mGenerating C++ type support for eProsima Fast-RTPS[0m
[0.933s] [ 19%] [32mBuilding C object CMakeFiles/fun4_interfaces__rosidl_generator_c.dir/rosidl_generator_c/fun4_interfaces/srv/detail/mode__functions.c.o[0m
[0.933s] [ 19%] Built target ament_cmake_python_build_fun4_interfaces_egg
[0.971s] [ 22%] [32m[1mLinking C shared library libfun4_interfaces__rosidl_generator_c.so[0m
[0.999s] [ 22%] Built target fun4_interfaces__rosidl_generator_c
[1.007s] [ 25%] [34m[1mGenerating C type support for eProsima Fast-RTPS[0m
[1.007s] [ 29%] [34m[1mGenerating C introspection for ROS interfaces[0m
[1.007s] [ 32%] [34m[1mGenerating C type support dispatch for ROS interfaces[0m
[1.057s] [35m[1mConsolidate compiler generated dependencies of target fun4_interfaces__rosidl_typesupport_cpp[0m
[1.067s] [ 35%] [32mBuilding CXX object CMakeFiles/fun4_interfaces__rosidl_typesupport_cpp.dir/rosidl_typesupport_cpp/fun4_interfaces/srv/mode__type_support.cpp.o[0m
[1.067s] [35m[1mConsolidate compiler generated dependencies of target fun4_interfaces__rosidl_typesupport_introspection_cpp[0m
[1.075s] [ 38%] [32mBuilding CXX object CMakeFiles/fun4_interfaces__rosidl_typesupport_introspection_cpp.dir/rosidl_typesupport_introspection_cpp/fun4_interfaces/srv/detail/mode__type_support.cpp.o[0m
[1.080s] [35m[1mConsolidate compiler generated dependencies of target fun4_interfaces__rosidl_typesupport_fastrtps_cpp[0m
[1.090s] [ 41%] [32mBuilding CXX object CMakeFiles/fun4_interfaces__rosidl_typesupport_fastrtps_cpp.dir/rosidl_typesupport_fastrtps_cpp/fun4_interfaces/srv/detail/dds_fastrtps/mode__type_support.cpp.o[0m
[1.149s] [35m[1mConsolidate compiler generated dependencies of target fun4_interfaces__rosidl_typesupport_c[0m
[1.153s] [35m[1mConsolidate compiler generated dependencies of target fun4_interfaces__rosidl_typesupport_fastrtps_c[0m
[1.158s] [ 45%] [32mBuilding CXX object CMakeFiles/fun4_interfaces__rosidl_typesupport_c.dir/rosidl_typesupport_c/fun4_interfaces/srv/mode__type_support.cpp.o[0m
[1.163s] [35m[1mConsolidate compiler generated dependencies of target fun4_interfaces__rosidl_typesupport_introspection_c[0m
[1.163s] [ 48%] [32mBuilding CXX object CMakeFiles/fun4_interfaces__rosidl_typesupport_fastrtps_c.dir/rosidl_typesupport_fastrtps_c/fun4_interfaces/srv/detail/mode__type_support_c.cpp.o[0m
[1.172s] [ 51%] [32mBuilding C object CMakeFiles/fun4_interfaces__rosidl_typesupport_introspection_c.dir/rosidl_typesupport_introspection_c/fun4_interfaces/srv/detail/mode__type_support.c.o[0m
[1.183s] [ 54%] [32m[1mLinking CXX shared library libfun4_interfaces__rosidl_typesupport_c.so[0m
[1.198s] [ 58%] [32m[1mLinking C shared library libfun4_interfaces__rosidl_typesupport_introspection_c.so[0m
[1.203s] [ 61%] [32m[1mLinking CXX shared library libfun4_interfaces__rosidl_typesupport_cpp.so[0m
[1.211s] [ 61%] Built target fun4_interfaces__rosidl_typesupport_c
[1.218s] [ 61%] Built target fun4_interfaces__rosidl_typesupport_introspection_c
[1.233s] [ 61%] Built target fun4_interfaces__rosidl_typesupport_cpp
[1.277s] [ 64%] [32m[1mLinking CXX shared library libfun4_interfaces__rosidl_typesupport_introspection_cpp.so[0m
[1.293s] [ 67%] [32m[1mLinking CXX shared library libfun4_interfaces__rosidl_typesupport_fastrtps_cpp.so[0m
[1.304s] [ 67%] Built target fun4_interfaces__rosidl_typesupport_introspection_cpp
[1.331s] [ 70%] [32m[1mLinking CXX shared library libfun4_interfaces__rosidl_typesupport_fastrtps_c.so[0m
[1.339s] [ 70%] Built target fun4_interfaces__rosidl_typesupport_fastrtps_cpp
[1.377s] [ 70%] Built target fun4_interfaces__rosidl_typesupport_fastrtps_c
[1.391s] [ 70%] Built target fun4_interfaces
[1.409s] [ 74%] [34m[1mGenerating Python code for ROS interfaces[0m
[1.582s] [ 74%] Built target fun4_interfaces__py
[1.589s] [35m[1mConsolidate compiler generated dependencies of target fun4_interfaces__rosidl_generator_py[0m
[1.600s] [ 77%] [32mBuilding C object CMakeFiles/fun4_interfaces__rosidl_generator_py.dir/rosidl_generator_py/fun4_interfaces/srv/_mode_s.c.o[0m
[1.661s] [ 80%] [32m[1mLinking C shared library rosidl_generator_py/fun4_interfaces/libfun4_interfaces__rosidl_generator_py.so[0m
[1.688s] [ 80%] Built target fun4_interfaces__rosidl_generator_py
[1.695s] [35m[1mConsolidate compiler generated dependencies of target fun4_interfaces__rosidl_typesupport_fastrtps_c__pyext[0m
[1.696s] [35m[1mConsolidate compiler generated dependencies of target fun4_interfaces__rosidl_typesupport_introspection_c__pyext[0m
[1.696s] [35m[1mConsolidate compiler generated dependencies of target fun4_interfaces__rosidl_typesupport_c__pyext[0m
[1.705s] [ 83%] [32mBuilding C object CMakeFiles/fun4_interfaces__rosidl_typesupport_fastrtps_c__pyext.dir/rosidl_generator_py/fun4_interfaces/_fun4_interfaces_s.ep.rosidl_typesupport_fastrtps_c.c.o[0m
[1.705s] [ 90%] [32mBuilding C object CMakeFiles/fun4_interfaces__rosidl_typesupport_introspection_c__pyext.dir/rosidl_generator_py/fun4_interfaces/_fun4_interfaces_s.ep.rosidl_typesupport_introspection_c.c.o[0m
[1.705s] [ 90%] [32mBuilding C object CMakeFiles/fun4_interfaces__rosidl_typesupport_c__pyext.dir/rosidl_generator_py/fun4_interfaces/_fun4_interfaces_s.ep.rosidl_typesupport_c.c.o[0m
[1.760s] [100%] [32m[1mLinking C shared library rosidl_generator_py/fun4_interfaces/fun4_interfaces_s__rosidl_typesupport_fastrtps_c.cpython-310-x86_64-linux-gnu.so[0m
[1.760s] [100%] [32m[1mLinking C shared library rosidl_generator_py/fun4_interfaces/fun4_interfaces_s__rosidl_typesupport_introspection_c.cpython-310-x86_64-linux-gnu.so[0m
[1.760s] [100%] [32m[1mLinking C shared library rosidl_generator_py/fun4_interfaces/fun4_interfaces_s__rosidl_typesupport_c.cpython-310-x86_64-linux-gnu.so[0m
[1.787s] [100%] Built target fun4_interfaces__rosidl_typesupport_fastrtps_c__pyext
[1.788s] [100%] Built target fun4_interfaces__rosidl_typesupport_introspection_c__pyext
[1.788s] [100%] Built target fun4_interfaces__rosidl_typesupport_c__pyext
[1.796s] Invoked command in '/home/itoon/Documents/GitHub/Fun4_RoboticDev/build/fun4_interfaces' returned '0': CMAKE_PREFIX_PATH=${CMAKE_PREFIX_PATH}:/opt/ros/humble /usr/bin/cmake --build /home/itoon/Documents/GitHub/Fun4_RoboticDev/build/fun4_interfaces -- -j20 -l20
[1.841s] Invoking command in '/home/itoon/Documents/GitHub/Fun4_RoboticDev/build/fun4_interfaces': CMAKE_PREFIX_PATH=${CMAKE_PREFIX_PATH}:/opt/ros/humble /usr/bin/cmake --install /home/itoon/Documents/GitHub/Fun4_RoboticDev/build/fun4_interfaces
[1.845s] -- Install configuration: ""
[1.845s] -- Up-to-date: /home/itoon/Documents/GitHub/Fun4_RoboticDev/install/fun4_interfaces/share/ament_index/resource_index/rosidl_interfaces/fun4_interfaces
[1.845s] -- Up-to-date: /home/itoon/Documents/GitHub/Fun4_RoboticDev/install/fun4_interfaces/include/fun4_interfaces/fun4_interfaces
[1.846s] -- Up-to-date: /home/itoon/Documents/GitHub/Fun4_RoboticDev/install/fun4_interfaces/include/fun4_interfaces/fun4_interfaces/msg
[1.846s] -- Up-to-date: /home/itoon/Documents/GitHub/Fun4_RoboticDev/install/fun4_interfaces/include/fun4_interfaces/fun4_interfaces/msg/rosidl_generator_c__visibility_control.h
[1.846s] -- Up-to-date: /home/itoon/Documents/GitHub/Fun4_RoboticDev/install/fun4_interfaces/include/fun4_interfaces/fun4_interfaces/srv
[1.846s] -- Installing: /home/itoon/Documents/GitHub/Fun4_RoboticDev/install/fun4_interfaces/include/fun4_interfaces/fun4_interfaces/srv/mode.h
[1.846s] -- Up-to-date: /home/itoon/Documents/GitHub/Fun4_RoboticDev/install/fun4_interfaces/include/fun4_interfaces/fun4_interfaces/srv/detail
[1.846s] -- Installing: /home/itoon/Documents/GitHub/Fun4_RoboticDev/install/fun4_interfaces/include/fun4_interfaces/fun4_interfaces/srv/detail/mode__functions.h
[1.846s] -- Installing: /home/itoon/Documents/GitHub/Fun4_RoboticDev/install/fun4_interfaces/include/fun4_interfaces/fun4_interfaces/srv/detail/mode__struct.h
[1.846s] -- Installing: /home/itoon/Documents/GitHub/Fun4_RoboticDev/install/fun4_interfaces/include/fun4_interfaces/fun4_interfaces/srv/detail/mode__type_support.h
[1.846s] -- Installing: /home/itoon/Documents/GitHub/Fun4_RoboticDev/install/fun4_interfaces/include/fun4_interfaces/fun4_interfaces/srv/detail/mode__functions.c
[1.846s] -- Up-to-date: /home/itoon/Documents/GitHub/Fun4_RoboticDev/install/fun4_interfaces/share/fun4_interfaces/environment/library_path.sh
[1.846s] -- Installing: /home/itoon/Documents/GitHub/Fun4_RoboticDev/install/fun4_interfaces/share/fun4_interfaces/environment/library_path.dsv
[1.846s] -- Installing: /home/itoon/Documents/GitHub/Fun4_RoboticDev/install/fun4_interfaces/lib/libfun4_interfaces__rosidl_generator_c.so
[1.846s] -- Set runtime path of "/home/itoon/Documents/GitHub/Fun4_RoboticDev/install/fun4_interfaces/lib/libfun4_interfaces__rosidl_generator_c.so" to ""
[1.846s] -- Up-to-date: /home/itoon/Documents/GitHub/Fun4_RoboticDev/install/fun4_interfaces/include/fun4_interfaces/fun4_interfaces
[1.846s] -- Up-to-date: /home/itoon/Documents/GitHub/Fun4_RoboticDev/install/fun4_interfaces/include/fun4_interfaces/fun4_interfaces/msg
[1.846s] -- Up-to-date: /home/itoon/Documents/GitHub/Fun4_RoboticDev/install/fun4_interfaces/include/fun4_interfaces/fun4_interfaces/msg/rosidl_typesupport_fastrtps_c__visibility_control.h
[1.846s] -- Up-to-date: /home/itoon/Documents/GitHub/Fun4_RoboticDev/install/fun4_interfaces/include/fun4_interfaces/fun4_interfaces/srv
[1.846s] -- Up-to-date: /home/itoon/Documents/GitHub/Fun4_RoboticDev/install/fun4_interfaces/include/fun4_interfaces/fun4_interfaces/srv/detail
[1.846s] -- Installing: /home/itoon/Documents/GitHub/Fun4_RoboticDev/install/fun4_interfaces/include/fun4_interfaces/fun4_interfaces/srv/detail/mode__rosidl_typesupport_fastrtps_c.h
[1.846s] -- Installing: /home/itoon/Documents/GitHub/Fun4_RoboticDev/install/fun4_interfaces/lib/libfun4_interfaces__rosidl_typesupport_fastrtps_c.so
[1.846s] -- Set runtime path of "/home/itoon/Documents/GitHub/Fun4_RoboticDev/install/fun4_interfaces/lib/libfun4_interfaces__rosidl_typesupport_fastrtps_c.so" to ""
[1.846s] -- Up-to-date: /home/itoon/Documents/GitHub/Fun4_RoboticDev/install/fun4_interfaces/include/fun4_interfaces/fun4_interfaces
[1.846s] -- Up-to-date: /home/itoon/Documents/GitHub/Fun4_RoboticDev/install/fun4_interfaces/include/fun4_interfaces/fun4_interfaces/srv
[1.846s] -- Up-to-date: /home/itoon/Documents/GitHub/Fun4_RoboticDev/install/fun4_interfaces/include/fun4_interfaces/fun4_interfaces/srv/detail
[1.846s] -- Installing: /home/itoon/Documents/GitHub/Fun4_RoboticDev/install/fun4_interfaces/include/fun4_interfaces/fun4_interfaces/srv/detail/mode__traits.hpp
[1.846s] -- Installing: /home/itoon/Documents/GitHub/Fun4_RoboticDev/install/fun4_interfaces/include/fun4_interfaces/fun4_interfaces/srv/detail/mode__builder.hpp
[1.846s] -- Installing: /home/itoon/Documents/GitHub/Fun4_RoboticDev/install/fun4_interfaces/include/fun4_interfaces/fun4_interfaces/srv/detail/mode__struct.hpp
[1.846s] -- Installing: /home/itoon/Documents/GitHub/Fun4_RoboticDev/install/fun4_interfaces/include/fun4_interfaces/fun4_interfaces/srv/mode.hpp
[1.846s] -- Up-to-date: /home/itoon/Documents/GitHub/Fun4_RoboticDev/install/fun4_interfaces/include/fun4_interfaces/fun4_interfaces
[1.846s] -- Up-to-date: /home/itoon/Documents/GitHub/Fun4_RoboticDev/install/fun4_interfaces/include/fun4_interfaces/fun4_interfaces/msg
[1.846s] -- Up-to-date: /home/itoon/Documents/GitHub/Fun4_RoboticDev/install/fun4_interfaces/include/fun4_interfaces/fun4_interfaces/msg/rosidl_typesupport_fastrtps_cpp__visibility_control.h
[1.846s] -- Up-to-date: /home/itoon/Documents/GitHub/Fun4_RoboticDev/install/fun4_interfaces/include/fun4_interfaces/fun4_interfaces/srv
[1.846s] -- Up-to-date: /home/itoon/Documents/GitHub/Fun4_RoboticDev/install/fun4_interfaces/include/fun4_interfaces/fun4_interfaces/srv/detail
[1.846s] -- Up-to-date: /home/itoon/Documents/GitHub/Fun4_RoboticDev/install/fun4_interfaces/include/fun4_interfaces/fun4_interfaces/srv/detail/dds_fastrtps
[1.846s] -- Installing: /home/itoon/Documents/GitHub/Fun4_RoboticDev/install/fun4_interfaces/include/fun4_interfaces/fun4_interfaces/srv/detail/mode__rosidl_typesupport_fastrtps_cpp.hpp
[1.846s] -- Installing: /home/itoon/Documents/GitHub/Fun4_RoboticDev/install/fun4_interfaces/lib/libfun4_interfaces__rosidl_typesupport_fastrtps_cpp.so
[1.847s] -- Set runtime path of "/home/itoon/Documents/GitHub/Fun4_RoboticDev/install/fun4_interfaces/lib/libfun4_interfaces__rosidl_typesupport_fastrtps_cpp.so" to ""
[1.847s] -- Up-to-date: /home/itoon/Documents/GitHub/Fun4_RoboticDev/install/fun4_interfaces/include/fun4_interfaces/fun4_interfaces
[1.847s] -- Up-to-date: /home/itoon/Documents/GitHub/Fun4_RoboticDev/install/fun4_interfaces/include/fun4_interfaces/fun4_interfaces/msg
[1.847s] -- Up-to-date: /home/itoon/Documents/GitHub/Fun4_RoboticDev/install/fun4_interfaces/include/fun4_interfaces/fun4_interfaces/msg/rosidl_typesupport_introspection_c__visibility_control.h
[1.847s] -- Up-to-date: /home/itoon/Documents/GitHub/Fun4_RoboticDev/install/fun4_interfaces/include/fun4_interfaces/fun4_interfaces/srv
[1.847s] -- Up-to-date: /home/itoon/Documents/GitHub/Fun4_RoboticDev/install/fun4_interfaces/include/fun4_interfaces/fun4_interfaces/srv/detail
[1.847s] -- Installing: /home/itoon/Documents/GitHub/Fun4_RoboticDev/install/fun4_interfaces/include/fun4_interfaces/fun4_interfaces/srv/detail/mode__type_support.c
[1.847s] -- Installing: /home/itoon/Documents/GitHub/Fun4_RoboticDev/install/fun4_interfaces/include/fun4_interfaces/fun4_interfaces/srv/detail/mode__rosidl_typesupport_introspection_c.h
[1.847s] -- Installing: /home/itoon/Documents/GitHub/Fun4_RoboticDev/install/fun4_interfaces/lib/libfun4_interfaces__rosidl_typesupport_introspection_c.so
[1.847s] -- Set runtime path of "/home/itoon/Documents/GitHub/Fun4_RoboticDev/install/fun4_interfaces/lib/libfun4_interfaces__rosidl_typesupport_introspection_c.so" to ""
[1.847s] -- Installing: /home/itoon/Documents/GitHub/Fun4_RoboticDev/install/fun4_interfaces/lib/libfun4_interfaces__rosidl_typesupport_c.so
[1.847s] -- Set runtime path of "/home/itoon/Documents/GitHub/Fun4_RoboticDev/install/fun4_interfaces/lib/libfun4_interfaces__rosidl_typesupport_c.so" to ""
[1.847s] -- Up-to-date: /home/itoon/Documents/GitHub/Fun4_RoboticDev/install/fun4_interfaces/include/fun4_interfaces/fun4_interfaces
[1.847s] -- Up-to-date: /home/itoon/Documents/GitHub/Fun4_RoboticDev/install/fun4_interfaces/include/fun4_interfaces/fun4_interfaces/srv
[1.847s] -- Up-to-date: /home/itoon/Documents/GitHub/Fun4_RoboticDev/install/fun4_interfaces/include/fun4_interfaces/fun4_interfaces/srv/detail
[1.847s] -- Installing: /home/itoon/Documents/GitHub/Fun4_RoboticDev/install/fun4_interfaces/include/fun4_interfaces/fun4_interfaces/srv/detail/mode__type_support.cpp
[1.847s] -- Installing: /home/itoon/Documents/GitHub/Fun4_RoboticDev/install/fun4_interfaces/include/fun4_interfaces/fun4_interfaces/srv/detail/mode__rosidl_typesupport_introspection_cpp.hpp
[1.847s] -- Installing: /home/itoon/Documents/GitHub/Fun4_RoboticDev/install/fun4_interfaces/lib/libfun4_interfaces__rosidl_typesupport_introspection_cpp.so
[1.847s] -- Set runtime path of "/home/itoon/Documents/GitHub/Fun4_RoboticDev/install/fun4_interfaces/lib/libfun4_interfaces__rosidl_typesupport_introspection_cpp.so" to ""
[1.847s] -- Installing: /home/itoon/Documents/GitHub/Fun4_RoboticDev/install/fun4_interfaces/lib/libfun4_interfaces__rosidl_typesupport_cpp.so
[1.847s] -- Set runtime path of "/home/itoon/Documents/GitHub/Fun4_RoboticDev/install/fun4_interfaces/lib/libfun4_interfaces__rosidl_typesupport_cpp.so" to ""
[1.847s] -- Up-to-date: /home/itoon/Documents/GitHub/Fun4_RoboticDev/install/fun4_interfaces/share/fun4_interfaces/environment/pythonpath.sh
[1.847s] -- Installing: /home/itoon/Documents/GitHub/Fun4_RoboticDev/install/fun4_interfaces/share/fun4_interfaces/environment/pythonpath.dsv
[1.847s] -- Up-to-date: /home/itoon/Documents/GitHub/Fun4_RoboticDev/install/fun4_interfaces/local/lib/python3.10/dist-packages/fun4_interfaces-0.0.0-py3.10.egg-info
[1.847s] -- Installing: /home/itoon/Documents/GitHub/Fun4_RoboticDev/install/fun4_interfaces/local/lib/python3.10/dist-packages/fun4_interfaces-0.0.0-py3.10.egg-info/dependency_links.txt
[1.847s] -- Installing: /home/itoon/Documents/GitHub/Fun4_RoboticDev/install/fun4_interfaces/local/lib/python3.10/dist-packages/fun4_interfaces-0.0.0-py3.10.egg-info/top_level.txt
[1.847s] -- Installing: /home/itoon/Documents/GitHub/Fun4_RoboticDev/install/fun4_interfaces/local/lib/python3.10/dist-packages/fun4_interfaces-0.0.0-py3.10.egg-info/PKG-INFO
[1.848s] -- Installing: /home/itoon/Documents/GitHub/Fun4_RoboticDev/install/fun4_interfaces/local/lib/python3.10/dist-packages/fun4_interfaces-0.0.0-py3.10.egg-info/SOURCES.txt
[1.848s] -- Up-to-date: /home/itoon/Documents/GitHub/Fun4_RoboticDev/install/fun4_interfaces/local/lib/python3.10/dist-packages/fun4_interfaces
[1.848s] -- Installing: /home/itoon/Documents/GitHub/Fun4_RoboticDev/install/fun4_interfaces/local/lib/python3.10/dist-packages/fun4_interfaces/__init__.py
[1.848s] -- Installing: /home/itoon/Documents/GitHub/Fun4_RoboticDev/install/fun4_interfaces/local/lib/python3.10/dist-packages/fun4_interfaces/fun4_interfaces_s__rosidl_typesupport_fastrtps_c.cpython-310-x86_64-linux-gnu.so
[1.848s] -- Installing: /home/itoon/Documents/GitHub/Fun4_RoboticDev/install/fun4_interfaces/local/lib/python3.10/dist-packages/fun4_interfaces/_fun4_interfaces_s.ep.rosidl_typesupport_c.c
[1.848s] -- Installing: /home/itoon/Documents/GitHub/Fun4_RoboticDev/install/fun4_interfaces/local/lib/python3.10/dist-packages/fun4_interfaces/_fun4_interfaces_s.ep.rosidl_typesupport_fastrtps_c.c
[1.848s] -- Installing: /home/itoon/Documents/GitHub/Fun4_RoboticDev/install/fun4_interfaces/local/lib/python3.10/dist-packages/fun4_interfaces/fun4_interfaces_s__rosidl_typesupport_c.cpython-310-x86_64-linux-gnu.so
[1.848s] -- Installing: /home/itoon/Documents/GitHub/Fun4_RoboticDev/install/fun4_interfaces/local/lib/python3.10/dist-packages/fun4_interfaces/libfun4_interfaces__rosidl_generator_py.so
[1.848s] -- Installing: /home/itoon/Documents/GitHub/Fun4_RoboticDev/install/fun4_interfaces/local/lib/python3.10/dist-packages/fun4_interfaces/fun4_interfaces_s__rosidl_typesupport_introspection_c.cpython-310-x86_64-linux-gnu.so
[1.848s] -- Installing: /home/itoon/Documents/GitHub/Fun4_RoboticDev/install/fun4_interfaces/local/lib/python3.10/dist-packages/fun4_interfaces/_fun4_interfaces_s.ep.rosidl_typesupport_introspection_c.c
[1.848s] -- Up-to-date: /home/itoon/Documents/GitHub/Fun4_RoboticDev/install/fun4_interfaces/local/lib/python3.10/dist-packages/fun4_interfaces/srv
[1.848s] -- Installing: /home/itoon/Documents/GitHub/Fun4_RoboticDev/install/fun4_interfaces/local/lib/python3.10/dist-packages/fun4_interfaces/srv/_mode.py
[1.848s] -- Installing: /home/itoon/Documents/GitHub/Fun4_RoboticDev/install/fun4_interfaces/local/lib/python3.10/dist-packages/fun4_interfaces/srv/__init__.py
[1.848s] -- Installing: /home/itoon/Documents/GitHub/Fun4_RoboticDev/install/fun4_interfaces/local/lib/python3.10/dist-packages/fun4_interfaces/srv/_mode_s.c
[1.871s] Listing '/home/itoon/Documents/GitHub/Fun4_RoboticDev/install/fun4_interfaces/local/lib/python3.10/dist-packages/fun4_interfaces'...
[1.871s] Compiling '/home/itoon/Documents/GitHub/Fun4_RoboticDev/install/fun4_interfaces/local/lib/python3.10/dist-packages/fun4_interfaces/__init__.py'...
[1.871s] Listing '/home/itoon/Documents/GitHub/Fun4_RoboticDev/install/fun4_interfaces/local/lib/python3.10/dist-packages/fun4_interfaces/srv'...
[1.871s] Compiling '/home/itoon/Documents/GitHub/Fun4_RoboticDev/install/fun4_interfaces/local/lib/python3.10/dist-packages/fun4_interfaces/srv/__init__.py'...
[1.871s] Compiling '/home/itoon/Documents/GitHub/Fun4_RoboticDev/install/fun4_interfaces/local/lib/python3.10/dist-packages/fun4_interfaces/srv/_mode.py'...
[1.874s] -- Installing: /home/itoon/Documents/GitHub/Fun4_RoboticDev/install/fun4_interfaces/local/lib/python3.10/dist-packages/fun4_interfaces/fun4_interfaces_s__rosidl_typesupport_fastrtps_c.cpython-310-x86_64-linux-gnu.so
[1.874s] -- Set runtime path of "/home/itoon/Documents/GitHub/Fun4_RoboticDev/install/fun4_interfaces/local/lib/python3.10/dist-packages/fun4_interfaces/fun4_interfaces_s__rosidl_typesupport_fastrtps_c.cpython-310-x86_64-linux-gnu.so" to ""
[1.874s] -- Installing: /home/itoon/Documents/GitHub/Fun4_RoboticDev/install/fun4_interfaces/local/lib/python3.10/dist-packages/fun4_interfaces/fun4_interfaces_s__rosidl_typesupport_introspection_c.cpython-310-x86_64-linux-gnu.so
[1.874s] -- Set runtime path of "/home/itoon/Documents/GitHub/Fun4_RoboticDev/install/fun4_interfaces/local/lib/python3.10/dist-packages/fun4_interfaces/fun4_interfaces_s__rosidl_typesupport_introspection_c.cpython-310-x86_64-linux-gnu.so" to ""
[1.874s] -- Installing: /home/itoon/Documents/GitHub/Fun4_RoboticDev/install/fun4_interfaces/local/lib/python3.10/dist-packages/fun4_interfaces/fun4_interfaces_s__rosidl_typesupport_c.cpython-310-x86_64-linux-gnu.so
[1.874s] -- Set runtime path of "/home/itoon/Documents/GitHub/Fun4_RoboticDev/install/fun4_interfaces/local/lib/python3.10/dist-packages/fun4_interfaces/fun4_interfaces_s__rosidl_typesupport_c.cpython-310-x86_64-linux-gnu.so" to ""
[1.874s] -- Installing: /home/itoon/Documents/GitHub/Fun4_RoboticDev/install/fun4_interfaces/lib/libfun4_interfaces__rosidl_generator_py.so
[1.874s] -- Set runtime path of "/home/itoon/Documents/GitHub/Fun4_RoboticDev/install/fun4_interfaces/lib/libfun4_interfaces__rosidl_generator_py.so" to ""
[1.874s] -- Installing: /home/itoon/Documents/GitHub/Fun4_RoboticDev/install/fun4_interfaces/share/fun4_interfaces/srv/Mode.idl
[1.874s] -- Installing: /home/itoon/Documents/GitHub/Fun4_RoboticDev/install/fun4_interfaces/share/fun4_interfaces/srv/Mode.srv
[1.874s] -- Installing: /home/itoon/Documents/GitHub/Fun4_RoboticDev/install/fun4_interfaces/share/fun4_interfaces/srv/Mode_Request.msg
[1.874s] -- Up-to-date: /home/itoon/Documents/GitHub/Fun4_RoboticDev/install/fun4_interfaces/share/fun4_interfaces/srv/Mode_Response.msg
[1.874s] -- Up-to-date: /home/itoon/Documents/GitHub/Fun4_RoboticDev/install/fun4_interfaces/share/ament_index/resource_index/package_run_dependencies/fun4_interfaces
[1.874s] -- Up-to-date: /home/itoon/Documents/GitHub/Fun4_RoboticDev/install/fun4_interfaces/share/ament_index/resource_index/parent_prefix_path/fun4_interfaces
[1.875s] -- Up-to-date: /home/itoon/Documents/GitHub/Fun4_RoboticDev/install/fun4_interfaces/share/fun4_interfaces/environment/ament_prefix_path.sh
[1.875s] -- Installing: /home/itoon/Documents/GitHub/Fun4_RoboticDev/install/fun4_interfaces/share/fun4_interfaces/environment/ament_prefix_path.dsv
[1.875s] -- Up-to-date: /home/itoon/Documents/GitHub/Fun4_RoboticDev/install/fun4_interfaces/share/fun4_interfaces/environment/path.sh
[1.875s] -- Installing: /home/itoon/Documents/GitHub/Fun4_RoboticDev/install/fun4_interfaces/share/fun4_interfaces/environment/path.dsv
[1.875s] -- Up-to-date: /home/itoon/Documents/GitHub/Fun4_RoboticDev/install/fun4_interfaces/share/fun4_interfaces/local_setup.bash
[1.875s] -- Up-to-date: /home/itoon/Documents/GitHub/Fun4_RoboticDev/install/fun4_interfaces/share/fun4_interfaces/local_setup.sh
[1.875s] -- Up-to-date: /home/itoon/Documents/GitHub/Fun4_RoboticDev/install/fun4_interfaces/share/fun4_interfaces/local_setup.zsh
[1.875s] -- Installing: /home/itoon/Documents/GitHub/Fun4_RoboticDev/install/fun4_interfaces/share/fun4_interfaces/local_setup.dsv
[1.875s] -- Installing: /home/itoon/Documents/GitHub/Fun4_RoboticDev/install/fun4_interfaces/share/fun4_interfaces/package.dsv
[1.875s] -- Up-to-date: /home/itoon/Documents/GitHub/Fun4_RoboticDev/install/fun4_interfaces/share/ament_index/resource_index/packages/fun4_interfaces
[1.875s] -- Up-to-date: /home/itoon/Documents/GitHub/Fun4_RoboticDev/install/fun4_interfaces/share/fun4_interfaces/cmake/export_fun4_interfaces__rosidl_generator_cExport.cmake
[1.875s] -- Up-to-date: /home/itoon/Documents/GitHub/Fun4_RoboticDev/install/fun4_interfaces/share/fun4_interfaces/cmake/export_fun4_interfaces__rosidl_generator_cExport-noconfig.cmake
[1.875s] -- Up-to-date: /home/itoon/Documents/GitHub/Fun4_RoboticDev/install/fun4_interfaces/share/fun4_interfaces/cmake/export_fun4_interfaces__rosidl_typesupport_fastrtps_cExport.cmake
[1.875s] -- Up-to-date: /home/itoon/Documents/GitHub/Fun4_RoboticDev/install/fun4_interfaces/share/fun4_interfaces/cmake/export_fun4_interfaces__rosidl_typesupport_fastrtps_cExport-noconfig.cmake
[1.875s] -- Up-to-date: /home/itoon/Documents/GitHub/Fun4_RoboticDev/install/fun4_interfaces/share/fun4_interfaces/cmake/export_fun4_interfaces__rosidl_generator_cppExport.cmake
[1.875s] -- Up-to-date: /home/itoon/Documents/GitHub/Fun4_RoboticDev/install/fun4_interfaces/share/fun4_interfaces/cmake/export_fun4_interfaces__rosidl_typesupport_fastrtps_cppExport.cmake
[1.875s] -- Up-to-date: /home/itoon/Documents/GitHub/Fun4_RoboticDev/install/fun4_interfaces/share/fun4_interfaces/cmake/export_fun4_interfaces__rosidl_typesupport_fastrtps_cppExport-noconfig.cmake
[1.875s] -- Up-to-date: /home/itoon/Documents/GitHub/Fun4_RoboticDev/install/fun4_interfaces/share/fun4_interfaces/cmake/fun4_interfaces__rosidl_typesupport_introspection_cExport.cmake
[1.875s] -- Up-to-date: /home/itoon/Documents/GitHub/Fun4_RoboticDev/install/fun4_interfaces/share/fun4_interfaces/cmake/fun4_interfaces__rosidl_typesupport_introspection_cExport-noconfig.cmake
[1.875s] -- Up-to-date: /home/itoon/Documents/GitHub/Fun4_RoboticDev/install/fun4_interfaces/share/fun4_interfaces/cmake/fun4_interfaces__rosidl_typesupport_cExport.cmake
[1.875s] -- Up-to-date: /home/itoon/Documents/GitHub/Fun4_RoboticDev/install/fun4_interfaces/share/fun4_interfaces/cmake/fun4_interfaces__rosidl_typesupport_cExport-noconfig.cmake
[1.875s] -- Up-to-date: /home/itoon/Documents/GitHub/Fun4_RoboticDev/install/fun4_interfaces/share/fun4_interfaces/cmake/fun4_interfaces__rosidl_typesupport_introspection_cppExport.cmake
[1.875s] -- Up-to-date: /home/itoon/Documents/GitHub/Fun4_RoboticDev/install/fun4_interfaces/share/fun4_interfaces/cmake/fun4_interfaces__rosidl_typesupport_introspection_cppExport-noconfig.cmake
[1.875s] -- Up-to-date: /home/itoon/Documents/GitHub/Fun4_RoboticDev/install/fun4_interfaces/share/fun4_interfaces/cmake/fun4_interfaces__rosidl_typesupport_cppExport.cmake
[1.875s] -- Up-to-date: /home/itoon/Documents/GitHub/Fun4_RoboticDev/install/fun4_interfaces/share/fun4_interfaces/cmake/fun4_interfaces__rosidl_typesupport_cppExport-noconfig.cmake
[1.875s] -- Up-to-date: /home/itoon/Documents/GitHub/Fun4_RoboticDev/install/fun4_interfaces/share/fun4_interfaces/cmake/export_fun4_interfaces__rosidl_generator_pyExport.cmake
[1.875s] -- Up-to-date: /home/itoon/Documents/GitHub/Fun4_RoboticDev/install/fun4_interfaces/share/fun4_interfaces/cmake/export_fun4_interfaces__rosidl_generator_pyExport-noconfig.cmake
[1.875s] -- Up-to-date: /home/itoon/Documents/GitHub/Fun4_RoboticDev/install/fun4_interfaces/share/fun4_interfaces/cmake/rosidl_cmake-extras.cmake
[1.875s] -- Up-to-date: /home/itoon/Documents/GitHub/Fun4_RoboticDev/install/fun4_interfaces/share/fun4_interfaces/cmake/ament_cmake_export_dependencies-extras.cmake
[1.875s] -- Up-to-date: /home/itoon/Documents/GitHub/Fun4_RoboticDev/install/fun4_interfaces/share/fun4_interfaces/cmake/ament_cmake_export_include_directories-extras.cmake
[1.875s] -- Up-to-date: /home/itoon/Documents/GitHub/Fun4_RoboticDev/install/fun4_interfaces/share/fun4_interfaces/cmake/ament_cmake_export_libraries-extras.cmake
[1.875s] -- Up-to-date: /home/itoon/Documents/GitHub/Fun4_RoboticDev/install/fun4_interfaces/share/fun4_interfaces/cmake/ament_cmake_export_targets-extras.cmake
[1.875s] -- Up-to-date: /home/itoon/Documents/GitHub/Fun4_RoboticDev/install/fun4_interfaces/share/fun4_interfaces/cmake/rosidl_cmake_export_typesupport_targets-extras.cmake
[1.875s] -- Up-to-date: /home/itoon/Documents/GitHub/Fun4_RoboticDev/install/fun4_interfaces/share/fun4_interfaces/cmake/rosidl_cmake_export_typesupport_libraries-extras.cmake
[1.875s] -- Up-to-date: /home/itoon/Documents/GitHub/Fun4_RoboticDev/install/fun4_interfaces/share/fun4_interfaces/cmake/fun4_interfacesConfig.cmake
[1.875s] -- Up-to-date: /home/itoon/Documents/GitHub/Fun4_RoboticDev/install/fun4_interfaces/share/fun4_interfaces/cmake/fun4_interfacesConfig-version.cmake
[1.876s] -- Up-to-date: /home/itoon/Documents/GitHub/Fun4_RoboticDev/install/fun4_interfaces/share/fun4_interfaces/package.xml
[1.877s] Invoked command in '/home/itoon/Documents/GitHub/Fun4_RoboticDev/build/fun4_interfaces' returned '0': CMAKE_PREFIX_PATH=${CMAKE_PREFIX_PATH}:/opt/ros/humble /usr/bin/cmake --install /home/itoon/Documents/GitHub/Fun4_RoboticDev/build/fun4_interfaces
