[0.007s] Invoking command in '/home/itoon/Documents/GitHub/Fun4_RoboticDev/build/fun4_pkg': CMAKE_PREFIX_PATH=${CMAKE_PREFIX_PATH}:/opt/ros/humble /usr/bin/cmake /home/itoon/Documents/GitHub/Fun4_RoboticDev/src/RoboticsDev2024 -DCMAKE_INSTALL_PREFIX=/home/itoon/Documents/GitHub/Fun4_RoboticDev/install/fun4_pkg
[0.047s] -- The C compiler identification is GNU 11.4.0
[0.091s] -- The CXX compiler identification is GNU 11.4.0
[0.094s] -- Detecting C compiler ABI info
[0.143s] -- Detecting C compiler ABI info - done
[0.149s] -- Check for working C compiler: /usr/bin/cc - skipped
[0.149s] -- Detecting C compile features
[0.150s] -- Detecting C compile features - done
[0.151s] -- Detecting CXX compiler ABI info
[0.210s] -- Detecting CXX compiler ABI info - done
[0.214s] -- Check for working CXX compiler: /usr/bin/c++ - skipped
[0.214s] -- Detecting CXX compile features
[0.214s] -- Detecting CXX compile features - done
[0.216s] -- Found ament_cmake: 1.3.10 (/opt/ros/humble/share/ament_cmake/cmake)
[0.324s] -- Found Python3: /usr/bin/python3 (found version "3.10.12") found components: Interpreter 
[0.380s] -- Found rclcpp: 16.0.10 (/opt/ros/humble/share/rclcpp/cmake)
[0.404s] -- Found rosidl_generator_c: 3.1.5 (/opt/ros/humble/share/rosidl_generator_c/cmake)
[0.407s] -- Found rosidl_adapter: 3.1.5 (/opt/ros/humble/share/rosidl_adapter/cmake)
[0.412s] -- Found rosidl_generator_cpp: 3.1.5 (/opt/ros/humble/share/rosidl_generator_cpp/cmake)
[0.418s] -- Using all available rosidl_typesupport_c: rosidl_typesupport_fastrtps_c;rosidl_typesupport_introspection_c
[0.427s] -- Using all available rosidl_typesupport_cpp: rosidl_typesupport_fastrtps_cpp;rosidl_typesupport_introspection_cpp
[0.451s] -- Found rmw_implementation_cmake: 6.1.2 (/opt/ros/humble/share/rmw_implementation_cmake/cmake)
[0.453s] -- Found rmw_fastrtps_cpp: 6.2.7 (/opt/ros/humble/share/rmw_fastrtps_cpp/cmake)
[0.517s] -- Found OpenSSL: /usr/lib/x86_64-linux-gnu/libcrypto.so (found version "3.0.2")  
[0.534s] -- Found FastRTPS: /opt/ros/humble/include  
[0.556s] -- Using RMW implementation 'rmw_fastrtps_cpp' as default
[0.561s] -- Looking for pthread.h
[0.609s] -- Looking for pthread.h - found
[0.609s] -- Performing Test CMAKE_HAVE_LIBC_PTHREAD
[0.663s] -- Performing Test CMAKE_HAVE_LIBC_PTHREAD - Success
[0.664s] -- Found Threads: TRUE  
[0.698s] -- Found rclpy: 3.3.14 (/opt/ros/humble/share/rclpy/cmake)
[0.783s] -- Configuring done
[0.787s] -- Generating done
[0.788s] -- Build files have been written to: /home/itoon/Documents/GitHub/Fun4_RoboticDev/build/fun4_pkg
[0.794s] Invoked command in '/home/itoon/Documents/GitHub/Fun4_RoboticDev/build/fun4_pkg' returned '0': CMAKE_PREFIX_PATH=${CMAKE_PREFIX_PATH}:/opt/ros/humble /usr/bin/cmake /home/itoon/Documents/GitHub/Fun4_RoboticDev/src/RoboticsDev2024 -DCMAKE_INSTALL_PREFIX=/home/itoon/Documents/GitHub/Fun4_RoboticDev/install/fun4_pkg
[0.794s] Invoking command in '/home/itoon/Documents/GitHub/Fun4_RoboticDev/build/fun4_pkg': CMAKE_PREFIX_PATH=${CMAKE_PREFIX_PATH}:/opt/ros/humble /usr/bin/cmake --build /home/itoon/Documents/GitHub/Fun4_RoboticDev/build/fun4_pkg -- -j20 -l20
[0.827s] [ 50%] [32mBuilding CXX object CMakeFiles/cpp_node_test.dir/src/cpp_node.cpp.o[0m
[0.829s] [ 50%] Built target ament_cmake_python_copy_fun4_pkg
[0.954s] running egg_info
[0.954s] creating fun4_pkg.egg-info
[0.954s] writing fun4_pkg.egg-info/PKG-INFO
[0.954s] writing dependency_links to fun4_pkg.egg-info/dependency_links.txt
[0.954s] writing top-level names to fun4_pkg.egg-info/top_level.txt
[0.954s] writing manifest file 'fun4_pkg.egg-info/SOURCES.txt'
[0.955s] reading manifest file 'fun4_pkg.egg-info/SOURCES.txt'
[0.956s] writing manifest file 'fun4_pkg.egg-info/SOURCES.txt'
[0.960s] [100%] [32m[1mLinking CXX executable cpp_node_test[0m
[0.970s] [100%] Built target ament_cmake_python_build_fun4_pkg_egg
[1.016s] [100%] Built target cpp_node_test
[1.023s] Invoked command in '/home/itoon/Documents/GitHub/Fun4_RoboticDev/build/fun4_pkg' returned '0': CMAKE_PREFIX_PATH=${CMAKE_PREFIX_PATH}:/opt/ros/humble /usr/bin/cmake --build /home/itoon/Documents/GitHub/Fun4_RoboticDev/build/fun4_pkg -- -j20 -l20
[1.048s] Invoking command in '/home/itoon/Documents/GitHub/Fun4_RoboticDev/build/fun4_pkg': CMAKE_PREFIX_PATH=${CMAKE_PREFIX_PATH}:/opt/ros/humble /usr/bin/cmake --install /home/itoon/Documents/GitHub/Fun4_RoboticDev/build/fun4_pkg
[1.052s] -- Install configuration: ""
[1.052s] -- Installing: /home/itoon/Documents/GitHub/Fun4_RoboticDev/install/fun4_pkg/share/fun4_pkg/environment/pythonpath.sh
[1.052s] -- Installing: /home/itoon/Documents/GitHub/Fun4_RoboticDev/install/fun4_pkg/share/fun4_pkg/environment/pythonpath.dsv
[1.052s] -- Installing: /home/itoon/Documents/GitHub/Fun4_RoboticDev/install/fun4_pkg/local/lib/python3.10/dist-packages/fun4_pkg-0.0.0-py3.10.egg-info
[1.052s] -- Installing: /home/itoon/Documents/GitHub/Fun4_RoboticDev/install/fun4_pkg/local/lib/python3.10/dist-packages/fun4_pkg-0.0.0-py3.10.egg-info/dependency_links.txt
[1.052s] -- Installing: /home/itoon/Documents/GitHub/Fun4_RoboticDev/install/fun4_pkg/local/lib/python3.10/dist-packages/fun4_pkg-0.0.0-py3.10.egg-info/top_level.txt
[1.052s] -- Installing: /home/itoon/Documents/GitHub/Fun4_RoboticDev/install/fun4_pkg/local/lib/python3.10/dist-packages/fun4_pkg-0.0.0-py3.10.egg-info/PKG-INFO
[1.052s] -- Installing: /home/itoon/Documents/GitHub/Fun4_RoboticDev/install/fun4_pkg/local/lib/python3.10/dist-packages/fun4_pkg-0.0.0-py3.10.egg-info/SOURCES.txt
[1.052s] -- Installing: /home/itoon/Documents/GitHub/Fun4_RoboticDev/install/fun4_pkg/local/lib/python3.10/dist-packages/fun4_pkg
[1.052s] -- Installing: /home/itoon/Documents/GitHub/Fun4_RoboticDev/install/fun4_pkg/local/lib/python3.10/dist-packages/fun4_pkg/__init__.py
[1.052s] -- Installing: /home/itoon/Documents/GitHub/Fun4_RoboticDev/install/fun4_pkg/local/lib/python3.10/dist-packages/fun4_pkg/dummy_module.py
[1.073s] Listing '/home/itoon/Documents/GitHub/Fun4_RoboticDev/install/fun4_pkg/local/lib/python3.10/dist-packages/fun4_pkg'...
[1.073s] Compiling '/home/itoon/Documents/GitHub/Fun4_RoboticDev/install/fun4_pkg/local/lib/python3.10/dist-packages/fun4_pkg/__init__.py'...
[1.073s] Compiling '/home/itoon/Documents/GitHub/Fun4_RoboticDev/install/fun4_pkg/local/lib/python3.10/dist-packages/fun4_pkg/dummy_module.py'...
[1.076s] -- Installing: /home/itoon/Documents/GitHub/Fun4_RoboticDev/install/fun4_pkg/lib/fun4_pkg/dummy_script.py
[1.076s] -- Installing: /home/itoon/Documents/GitHub/Fun4_RoboticDev/install/fun4_pkg/lib/fun4_pkg/cpp_node_test
[1.076s] -- Set runtime path of "/home/itoon/Documents/GitHub/Fun4_RoboticDev/install/fun4_pkg/lib/fun4_pkg/cpp_node_test" to ""
[1.076s] -- Installing: /home/itoon/Documents/GitHub/Fun4_RoboticDev/install/fun4_pkg/share/fun4_pkg/config
[1.076s] -- Installing: /home/itoon/Documents/GitHub/Fun4_RoboticDev/install/fun4_pkg/share/fun4_pkg/config/display.rviz
[1.076s] -- Installing: /home/itoon/Documents/GitHub/Fun4_RoboticDev/install/fun4_pkg/share/fun4_pkg/launch
[1.076s] -- Installing: /home/itoon/Documents/GitHub/Fun4_RoboticDev/install/fun4_pkg/share/fun4_pkg/launch/simple_display.launch.py
[1.076s] -- Installing: /home/itoon/Documents/GitHub/Fun4_RoboticDev/install/fun4_pkg/share/fun4_pkg/launch/fun.launch.py
[1.076s] -- Installing: /home/itoon/Documents/GitHub/Fun4_RoboticDev/install/fun4_pkg/share/fun4_pkg/meshes
[1.076s] -- Installing: /home/itoon/Documents/GitHub/Fun4_RoboticDev/install/fun4_pkg/share/fun4_pkg/meshes/link_0.stl
[1.076s] -- Installing: /home/itoon/Documents/GitHub/Fun4_RoboticDev/install/fun4_pkg/share/fun4_pkg/meshes/end_effector.stl
[1.076s] -- Installing: /home/itoon/Documents/GitHub/Fun4_RoboticDev/install/fun4_pkg/share/fun4_pkg/meshes/link_3.stl
[1.076s] -- Installing: /home/itoon/Documents/GitHub/Fun4_RoboticDev/install/fun4_pkg/share/fun4_pkg/meshes/link_1.stl
[1.076s] -- Installing: /home/itoon/Documents/GitHub/Fun4_RoboticDev/install/fun4_pkg/share/fun4_pkg/meshes/link_2.stl
[1.076s] -- Installing: /home/itoon/Documents/GitHub/Fun4_RoboticDev/install/fun4_pkg/share/fun4_pkg/robot
[1.076s] -- Installing: /home/itoon/Documents/GitHub/Fun4_RoboticDev/install/fun4_pkg/share/fun4_pkg/robot/visual
[1.077s] -- Installing: /home/itoon/Documents/GitHub/Fun4_RoboticDev/install/fun4_pkg/share/fun4_pkg/robot/visual/my-robot.xacro
[1.077s] -- Installing: /home/itoon/Documents/GitHub/Fun4_RoboticDev/install/fun4_pkg/share/fun4_pkg/robot/visual/01-myfirst.urdf
[1.077s] -- Installing: /home/itoon/Documents/GitHub/Fun4_RoboticDev/install/fun4_pkg/share/ament_index/resource_index/package_run_dependencies/fun4_pkg
[1.077s] -- Installing: /home/itoon/Documents/GitHub/Fun4_RoboticDev/install/fun4_pkg/share/ament_index/resource_index/parent_prefix_path/fun4_pkg
[1.077s] -- Installing: /home/itoon/Documents/GitHub/Fun4_RoboticDev/install/fun4_pkg/share/fun4_pkg/environment/ament_prefix_path.sh
[1.077s] -- Installing: /home/itoon/Documents/GitHub/Fun4_RoboticDev/install/fun4_pkg/share/fun4_pkg/environment/ament_prefix_path.dsv
[1.077s] -- Installing: /home/itoon/Documents/GitHub/Fun4_RoboticDev/install/fun4_pkg/share/fun4_pkg/environment/path.sh
[1.077s] -- Installing: /home/itoon/Documents/GitHub/Fun4_RoboticDev/install/fun4_pkg/share/fun4_pkg/environment/path.dsv
[1.077s] -- Installing: /home/itoon/Documents/GitHub/Fun4_RoboticDev/install/fun4_pkg/share/fun4_pkg/local_setup.bash
[1.077s] -- Installing: /home/itoon/Documents/GitHub/Fun4_RoboticDev/install/fun4_pkg/share/fun4_pkg/local_setup.sh
[1.077s] -- Installing: /home/itoon/Documents/GitHub/Fun4_RoboticDev/install/fun4_pkg/share/fun4_pkg/local_setup.zsh
[1.077s] -- Installing: /home/itoon/Documents/GitHub/Fun4_RoboticDev/install/fun4_pkg/share/fun4_pkg/local_setup.dsv
[1.077s] -- Installing: /home/itoon/Documents/GitHub/Fun4_RoboticDev/install/fun4_pkg/share/fun4_pkg/package.dsv
[1.077s] -- Installing: /home/itoon/Documents/GitHub/Fun4_RoboticDev/install/fun4_pkg/share/ament_index/resource_index/packages/fun4_pkg
[1.077s] -- Installing: /home/itoon/Documents/GitHub/Fun4_RoboticDev/install/fun4_pkg/share/fun4_pkg/cmake/fun4_pkgConfig.cmake
[1.077s] -- Installing: /home/itoon/Documents/GitHub/Fun4_RoboticDev/install/fun4_pkg/share/fun4_pkg/cmake/fun4_pkgConfig-version.cmake
[1.077s] -- Installing: /home/itoon/Documents/GitHub/Fun4_RoboticDev/install/fun4_pkg/share/fun4_pkg/package.xml
[1.078s] Invoked command in '/home/itoon/Documents/GitHub/Fun4_RoboticDev/build/fun4_pkg' returned '0': CMAKE_PREFIX_PATH=${CMAKE_PREFIX_PATH}:/opt/ros/humble /usr/bin/cmake --install /home/itoon/Documents/GitHub/Fun4_RoboticDev/build/fun4_pkg
