[0.007s] Invoking command in '/home/itoon/Documents/GitHub/Fun4_RoboticDev/build/fun4_pkg': CMAKE_PREFIX_PATH=${CMAKE_PREFIX_PATH}:/opt/ros/humble /usr/bin/cmake --build /home/itoon/Documents/GitHub/Fun4_RoboticDev/build/fun4_pkg -- -j20 -l20
[0.024s] -- Found ament_cmake: 1.3.10 (/opt/ros/humble/share/ament_cmake/cmake)
[0.110s] -- Found rclcpp: 16.0.10 (/opt/ros/humble/share/rclcpp/cmake)
[0.126s] -- Found rosidl_generator_c: 3.1.5 (/opt/ros/humble/share/rosidl_generator_c/cmake)
[0.127s] -- Found rosidl_adapter: 3.1.5 (/opt/ros/humble/share/rosidl_adapter/cmake)
[0.130s] -- Found rosidl_generator_cpp: 3.1.5 (/opt/ros/humble/share/rosidl_generator_cpp/cmake)
[0.135s] -- Using all available rosidl_typesupport_c: rosidl_typesupport_fastrtps_c;rosidl_typesupport_introspection_c
[0.141s] -- Using all available rosidl_typesupport_cpp: rosidl_typesupport_fastrtps_cpp;rosidl_typesupport_introspection_cpp
[0.157s] -- Found rmw_implementation_cmake: 6.1.2 (/opt/ros/humble/share/rmw_implementation_cmake/cmake)
[0.158s] -- Found rmw_fastrtps_cpp: 6.2.7 (/opt/ros/humble/share/rmw_fastrtps_cpp/cmake)
[0.221s] -- Using RMW implementation 'rmw_fastrtps_cpp' as default
[0.252s] -- Found rclpy: 3.3.14 (/opt/ros/humble/share/rclpy/cmake)
[0.338s] -- Configuring done
[0.343s] -- Generating done
[0.344s] -- Build files have been written to: /home/itoon/Documents/GitHub/Fun4_RoboticDev/build/fun4_pkg
[0.363s] [35m[1mConsolidate compiler generated dependencies of target cpp_node_test[0m
[0.374s] [100%] Built target cpp_node_test
[0.376s] [100%] Built target ament_cmake_python_copy_fun4_pkg
[0.508s] running egg_info
[0.508s] writing fun4_pkg.egg-info/PKG-INFO
[0.508s] writing dependency_links to fun4_pkg.egg-info/dependency_links.txt
[0.508s] writing top-level names to fun4_pkg.egg-info/top_level.txt
[0.510s] reading manifest file 'fun4_pkg.egg-info/SOURCES.txt'
[0.510s] writing manifest file 'fun4_pkg.egg-info/SOURCES.txt'
[0.525s] [100%] Built target ament_cmake_python_build_fun4_pkg_egg
[0.533s] Invoked command in '/home/itoon/Documents/GitHub/Fun4_RoboticDev/build/fun4_pkg' returned '0': CMAKE_PREFIX_PATH=${CMAKE_PREFIX_PATH}:/opt/ros/humble /usr/bin/cmake --build /home/itoon/Documents/GitHub/Fun4_RoboticDev/build/fun4_pkg -- -j20 -l20
[0.554s] Invoking command in '/home/itoon/Documents/GitHub/Fun4_RoboticDev/build/fun4_pkg': CMAKE_PREFIX_PATH=${CMAKE_PREFIX_PATH}:/opt/ros/humble /usr/bin/cmake --install /home/itoon/Documents/GitHub/Fun4_RoboticDev/build/fun4_pkg
[0.558s] -- Install configuration: ""
[0.559s] -- Up-to-date: /home/itoon/Documents/GitHub/Fun4_RoboticDev/install/fun4_pkg/share/fun4_pkg/environment/pythonpath.sh
[0.559s] -- Installing: /home/itoon/Documents/GitHub/Fun4_RoboticDev/install/fun4_pkg/share/fun4_pkg/environment/pythonpath.dsv
[0.559s] -- Up-to-date: /home/itoon/Documents/GitHub/Fun4_RoboticDev/install/fun4_pkg/local/lib/python3.10/dist-packages/fun4_pkg-0.0.0-py3.10.egg-info
[0.559s] -- Installing: /home/itoon/Documents/GitHub/Fun4_RoboticDev/install/fun4_pkg/local/lib/python3.10/dist-packages/fun4_pkg-0.0.0-py3.10.egg-info/dependency_links.txt
[0.559s] -- Installing: /home/itoon/Documents/GitHub/Fun4_RoboticDev/install/fun4_pkg/local/lib/python3.10/dist-packages/fun4_pkg-0.0.0-py3.10.egg-info/top_level.txt
[0.559s] -- Installing: /home/itoon/Documents/GitHub/Fun4_RoboticDev/install/fun4_pkg/local/lib/python3.10/dist-packages/fun4_pkg-0.0.0-py3.10.egg-info/PKG-INFO
[0.559s] -- Installing: /home/itoon/Documents/GitHub/Fun4_RoboticDev/install/fun4_pkg/local/lib/python3.10/dist-packages/fun4_pkg-0.0.0-py3.10.egg-info/SOURCES.txt
[0.559s] -- Up-to-date: /home/itoon/Documents/GitHub/Fun4_RoboticDev/install/fun4_pkg/local/lib/python3.10/dist-packages/fun4_pkg
[0.559s] -- Up-to-date: /home/itoon/Documents/GitHub/Fun4_RoboticDev/install/fun4_pkg/local/lib/python3.10/dist-packages/fun4_pkg/__init__.py
[0.559s] -- Up-to-date: /home/itoon/Documents/GitHub/Fun4_RoboticDev/install/fun4_pkg/local/lib/python3.10/dist-packages/fun4_pkg/dummy_module.py
[0.580s] Listing '/home/itoon/Documents/GitHub/Fun4_RoboticDev/install/fun4_pkg/local/lib/python3.10/dist-packages/fun4_pkg'...
[0.582s] -- Up-to-date: /home/itoon/Documents/GitHub/Fun4_RoboticDev/install/fun4_pkg/lib/fun4_pkg/dummy_script.py
[0.582s] -- Up-to-date: /home/itoon/Documents/GitHub/Fun4_RoboticDev/install/fun4_pkg/lib/fun4_pkg/mode_service.py
[0.582s] -- Up-to-date: /home/itoon/Documents/GitHub/Fun4_RoboticDev/install/fun4_pkg/lib/fun4_pkg/check.py
[0.582s] -- Up-to-date: /home/itoon/Documents/GitHub/Fun4_RoboticDev/install/fun4_pkg/lib/fun4_pkg/random_target.py
[0.582s] -- Installing: /home/itoon/Documents/GitHub/Fun4_RoboticDev/install/fun4_pkg/lib/fun4_pkg/jointstate.py
[0.582s] -- Up-to-date: /home/itoon/Documents/GitHub/Fun4_RoboticDev/install/fun4_pkg/lib/fun4_pkg/teleoperation.py
[0.583s] -- Up-to-date: /home/itoon/Documents/GitHub/Fun4_RoboticDev/install/fun4_pkg/lib/fun4_pkg/cpp_node_test
[0.583s] -- Up-to-date: /home/itoon/Documents/GitHub/Fun4_RoboticDev/install/fun4_pkg/share/fun4_pkg/config
[0.583s] -- Up-to-date: /home/itoon/Documents/GitHub/Fun4_RoboticDev/install/fun4_pkg/share/fun4_pkg/config/display.rviz
[0.583s] -- Up-to-date: /home/itoon/Documents/GitHub/Fun4_RoboticDev/install/fun4_pkg/share/fun4_pkg/launch
[0.583s] -- Up-to-date: /home/itoon/Documents/GitHub/Fun4_RoboticDev/install/fun4_pkg/share/fun4_pkg/launch/simple_display.launch.py
[0.583s] -- Installing: /home/itoon/Documents/GitHub/Fun4_RoboticDev/install/fun4_pkg/share/fun4_pkg/launch/fun.launch.py
[0.583s] -- Up-to-date: /home/itoon/Documents/GitHub/Fun4_RoboticDev/install/fun4_pkg/share/fun4_pkg/meshes
[0.583s] -- Up-to-date: /home/itoon/Documents/GitHub/Fun4_RoboticDev/install/fun4_pkg/share/fun4_pkg/meshes/link_0.stl
[0.583s] -- Up-to-date: /home/itoon/Documents/GitHub/Fun4_RoboticDev/install/fun4_pkg/share/fun4_pkg/meshes/end_effector.stl
[0.583s] -- Up-to-date: /home/itoon/Documents/GitHub/Fun4_RoboticDev/install/fun4_pkg/share/fun4_pkg/meshes/link_3.stl
[0.583s] -- Up-to-date: /home/itoon/Documents/GitHub/Fun4_RoboticDev/install/fun4_pkg/share/fun4_pkg/meshes/link_1.stl
[0.583s] -- Up-to-date: /home/itoon/Documents/GitHub/Fun4_RoboticDev/install/fun4_pkg/share/fun4_pkg/meshes/link_2.stl
[0.583s] -- Up-to-date: /home/itoon/Documents/GitHub/Fun4_RoboticDev/install/fun4_pkg/share/fun4_pkg/robot
[0.583s] -- Up-to-date: /home/itoon/Documents/GitHub/Fun4_RoboticDev/install/fun4_pkg/share/fun4_pkg/robot/visual
[0.583s] -- Up-to-date: /home/itoon/Documents/GitHub/Fun4_RoboticDev/install/fun4_pkg/share/fun4_pkg/robot/visual/my-robot.xacro
[0.583s] -- Up-to-date: /home/itoon/Documents/GitHub/Fun4_RoboticDev/install/fun4_pkg/share/fun4_pkg/robot/visual/01-myfirst.urdf
[0.583s] -- Up-to-date: /home/itoon/Documents/GitHub/Fun4_RoboticDev/install/fun4_pkg/share/ament_index/resource_index/package_run_dependencies/fun4_pkg
[0.583s] -- Up-to-date: /home/itoon/Documents/GitHub/Fun4_RoboticDev/install/fun4_pkg/share/ament_index/resource_index/parent_prefix_path/fun4_pkg
[0.583s] -- Up-to-date: /home/itoon/Documents/GitHub/Fun4_RoboticDev/install/fun4_pkg/share/fun4_pkg/environment/ament_prefix_path.sh
[0.583s] -- Installing: /home/itoon/Documents/GitHub/Fun4_RoboticDev/install/fun4_pkg/share/fun4_pkg/environment/ament_prefix_path.dsv
[0.583s] -- Up-to-date: /home/itoon/Documents/GitHub/Fun4_RoboticDev/install/fun4_pkg/share/fun4_pkg/environment/path.sh
[0.583s] -- Installing: /home/itoon/Documents/GitHub/Fun4_RoboticDev/install/fun4_pkg/share/fun4_pkg/environment/path.dsv
[0.583s] -- Up-to-date: /home/itoon/Documents/GitHub/Fun4_RoboticDev/install/fun4_pkg/share/fun4_pkg/local_setup.bash
[0.583s] -- Up-to-date: /home/itoon/Documents/GitHub/Fun4_RoboticDev/install/fun4_pkg/share/fun4_pkg/local_setup.sh
[0.583s] -- Up-to-date: /home/itoon/Documents/GitHub/Fun4_RoboticDev/install/fun4_pkg/share/fun4_pkg/local_setup.zsh
[0.583s] -- Installing: /home/itoon/Documents/GitHub/Fun4_RoboticDev/install/fun4_pkg/share/fun4_pkg/local_setup.dsv
[0.583s] -- Installing: /home/itoon/Documents/GitHub/Fun4_RoboticDev/install/fun4_pkg/share/fun4_pkg/package.dsv
[0.583s] -- Up-to-date: /home/itoon/Documents/GitHub/Fun4_RoboticDev/install/fun4_pkg/share/ament_index/resource_index/packages/fun4_pkg
[0.583s] -- Up-to-date: /home/itoon/Documents/GitHub/Fun4_RoboticDev/install/fun4_pkg/share/fun4_pkg/cmake/fun4_pkgConfig.cmake
[0.583s] -- Up-to-date: /home/itoon/Documents/GitHub/Fun4_RoboticDev/install/fun4_pkg/share/fun4_pkg/cmake/fun4_pkgConfig-version.cmake
[0.584s] -- Up-to-date: /home/itoon/Documents/GitHub/Fun4_RoboticDev/install/fun4_pkg/share/fun4_pkg/package.xml
[0.585s] Invoked command in '/home/itoon/Documents/GitHub/Fun4_RoboticDev/build/fun4_pkg' returned '0': CMAKE_PREFIX_PATH=${CMAKE_PREFIX_PATH}:/opt/ros/humble /usr/bin/cmake --install /home/itoon/Documents/GitHub/Fun4_RoboticDev/build/fun4_pkg
