[ 12%] Built target fun4_interfaces__rosidl_generator_c
[ 12%] Built target fun4_interfaces__cpp
[ 12%] Built target ament_cmake_python_copy_fun4_interfaces
[ 22%] Built target fun4_interfaces__rosidl_typesupport_c
[ 32%] Built target fun4_interfaces__rosidl_typesupport_introspection_c
[ 41%] Built target fun4_interfaces__rosidl_typesupport_fastrtps_c
[ 51%] Built target fun4_interfaces__rosidl_typesupport_introspection_cpp
[ 61%] Built target fun4_interfaces__rosidl_typesupport_cpp
[ 70%] Built target fun4_interfaces__rosidl_typesupport_fastrtps_cpp
[ 70%] Built target fun4_interfaces
[ 74%] Built target fun4_interfaces__py
[ 80%] Built target fun4_interfaces__rosidl_generator_py
[ 87%] Built target fun4_interfaces__rosidl_typesupport_fastrtps_c__pyext
[ 93%] Built target fun4_interfaces__rosidl_typesupport_c__pyext
[100%] Built target fun4_interfaces__rosidl_typesupport_introspection_c__pyext
running egg_info
writing fun4_interfaces.egg-info/PKG-INFO
writing dependency_links to fun4_interfaces.egg-info/dependency_links.txt
writing top-level names to fun4_interfaces.egg-info/top_level.txt
reading manifest file 'fun4_interfaces.egg-info/SOURCES.txt'
writing manifest file 'fun4_interfaces.egg-info/SOURCES.txt'
[100%] Built target ament_cmake_python_build_fun4_interfaces_egg
-- Install configuration: ""
-- Up-to-date: /home/itoon/Documents/GitHub/Fun4_RoboticDev/install/fun4_interfaces/share/ament_index/resource_index/rosidl_interfaces/fun4_interfaces
-- Up-to-date: /home/itoon/Documents/GitHub/Fun4_RoboticDev/install/fun4_interfaces/include/fun4_interfaces/fun4_interfaces
-- Up-to-date: /home/itoon/Documents/GitHub/Fun4_RoboticDev/install/fun4_interfaces/include/fun4_interfaces/fun4_interfaces/msg
-- Up-to-date: /home/itoon/Documents/GitHub/Fun4_RoboticDev/install/fun4_interfaces/include/fun4_interfaces/fun4_interfaces/msg/rosidl_generator_c__visibility_control.h
-- Up-to-date: /home/itoon/Documents/GitHub/Fun4_RoboticDev/install/fun4_interfaces/include/fun4_interfaces/fun4_interfaces/srv
-- Up-to-date: /home/itoon/Documents/GitHub/Fun4_RoboticDev/install/fun4_interfaces/include/fun4_interfaces/fun4_interfaces/srv/mode.h
-- Up-to-date: /home/itoon/Documents/GitHub/Fun4_RoboticDev/install/fun4_interfaces/include/fun4_interfaces/fun4_interfaces/srv/detail
-- Up-to-date: /home/itoon/Documents/GitHub/Fun4_RoboticDev/install/fun4_interfaces/include/fun4_interfaces/fun4_interfaces/srv/detail/mode__functions.h
-- Up-to-date: /home/itoon/Documents/GitHub/Fun4_RoboticDev/install/fun4_interfaces/include/fun4_interfaces/fun4_interfaces/srv/detail/mode__struct.h
-- Up-to-date: /home/itoon/Documents/GitHub/Fun4_RoboticDev/install/fun4_interfaces/include/fun4_interfaces/fun4_interfaces/srv/detail/mode__type_support.h
-- Up-to-date: /home/itoon/Documents/GitHub/Fun4_RoboticDev/install/fun4_interfaces/include/fun4_interfaces/fun4_interfaces/srv/detail/mode__functions.c
-- Up-to-date: /home/itoon/Documents/GitHub/Fun4_RoboticDev/install/fun4_interfaces/share/fun4_interfaces/environment/library_path.sh
-- Up-to-date: /home/itoon/Documents/GitHub/Fun4_RoboticDev/install/fun4_interfaces/share/fun4_interfaces/environment/library_path.dsv
-- Up-to-date: /home/itoon/Documents/GitHub/Fun4_RoboticDev/install/fun4_interfaces/lib/libfun4_interfaces__rosidl_generator_c.so
-- Up-to-date: /home/itoon/Documents/GitHub/Fun4_RoboticDev/install/fun4_interfaces/include/fun4_interfaces/fun4_interfaces
-- Up-to-date: /home/itoon/Documents/GitHub/Fun4_RoboticDev/install/fun4_interfaces/include/fun4_interfaces/fun4_interfaces/msg
-- Up-to-date: /home/itoon/Documents/GitHub/Fun4_RoboticDev/install/fun4_interfaces/include/fun4_interfaces/fun4_interfaces/msg/rosidl_typesupport_fastrtps_c__visibility_control.h
-- Up-to-date: /home/itoon/Documents/GitHub/Fun4_RoboticDev/install/fun4_interfaces/include/fun4_interfaces/fun4_interfaces/srv
-- Up-to-date: /home/itoon/Documents/GitHub/Fun4_RoboticDev/install/fun4_interfaces/include/fun4_interfaces/fun4_interfaces/srv/detail
-- Up-to-date: /home/itoon/Documents/GitHub/Fun4_RoboticDev/install/fun4_interfaces/include/fun4_interfaces/fun4_interfaces/srv/detail/mode__rosidl_typesupport_fastrtps_c.h
-- Up-to-date: /home/itoon/Documents/GitHub/Fun4_RoboticDev/install/fun4_interfaces/lib/libfun4_interfaces__rosidl_typesupport_fastrtps_c.so
-- Up-to-date: /home/itoon/Documents/GitHub/Fun4_RoboticDev/install/fun4_interfaces/include/fun4_interfaces/fun4_interfaces
-- Up-to-date: /home/itoon/Documents/GitHub/Fun4_RoboticDev/install/fun4_interfaces/include/fun4_interfaces/fun4_interfaces/srv
-- Up-to-date: /home/itoon/Documents/GitHub/Fun4_RoboticDev/install/fun4_interfaces/include/fun4_interfaces/fun4_interfaces/srv/detail
-- Up-to-date: /home/itoon/Documents/GitHub/Fun4_RoboticDev/install/fun4_interfaces/include/fun4_interfaces/fun4_interfaces/srv/detail/mode__traits.hpp
-- Up-to-date: /home/itoon/Documents/GitHub/Fun4_RoboticDev/install/fun4_interfaces/include/fun4_interfaces/fun4_interfaces/srv/detail/mode__builder.hpp
-- Up-to-date: /home/itoon/Documents/GitHub/Fun4_RoboticDev/install/fun4_interfaces/include/fun4_interfaces/fun4_interfaces/srv/detail/mode__struct.hpp
-- Up-to-date: /home/itoon/Documents/GitHub/Fun4_RoboticDev/install/fun4_interfaces/include/fun4_interfaces/fun4_interfaces/srv/mode.hpp
-- Up-to-date: /home/itoon/Documents/GitHub/Fun4_RoboticDev/install/fun4_interfaces/include/fun4_interfaces/fun4_interfaces
-- Up-to-date: /home/itoon/Documents/GitHub/Fun4_RoboticDev/install/fun4_interfaces/include/fun4_interfaces/fun4_interfaces/msg
-- Up-to-date: /home/itoon/Documents/GitHub/Fun4_RoboticDev/install/fun4_interfaces/include/fun4_interfaces/fun4_interfaces/msg/rosidl_typesupport_fastrtps_cpp__visibility_control.h
-- Up-to-date: /home/itoon/Documents/GitHub/Fun4_RoboticDev/install/fun4_interfaces/include/fun4_interfaces/fun4_interfaces/srv
-- Up-to-date: /home/itoon/Documents/GitHub/Fun4_RoboticDev/install/fun4_interfaces/include/fun4_interfaces/fun4_interfaces/srv/detail
-- Up-to-date: /home/itoon/Documents/GitHub/Fun4_RoboticDev/install/fun4_interfaces/include/fun4_interfaces/fun4_interfaces/srv/detail/dds_fastrtps
-- Up-to-date: /home/itoon/Documents/GitHub/Fun4_RoboticDev/install/fun4_interfaces/include/fun4_interfaces/fun4_interfaces/srv/detail/mode__rosidl_typesupport_fastrtps_cpp.hpp
-- Up-to-date: /home/itoon/Documents/GitHub/Fun4_RoboticDev/install/fun4_interfaces/lib/libfun4_interfaces__rosidl_typesupport_fastrtps_cpp.so
-- Up-to-date: /home/itoon/Documents/GitHub/Fun4_RoboticDev/install/fun4_interfaces/include/fun4_interfaces/fun4_interfaces
-- Up-to-date: /home/itoon/Documents/GitHub/Fun4_RoboticDev/install/fun4_interfaces/include/fun4_interfaces/fun4_interfaces/msg
-- Up-to-date: /home/itoon/Documents/GitHub/Fun4_RoboticDev/install/fun4_interfaces/include/fun4_interfaces/fun4_interfaces/msg/rosidl_typesupport_introspection_c__visibility_control.h
-- Up-to-date: /home/itoon/Documents/GitHub/Fun4_RoboticDev/install/fun4_interfaces/include/fun4_interfaces/fun4_interfaces/srv
-- Up-to-date: /home/itoon/Documents/GitHub/Fun4_RoboticDev/install/fun4_interfaces/include/fun4_interfaces/fun4_interfaces/srv/detail
-- Up-to-date: /home/itoon/Documents/GitHub/Fun4_RoboticDev/install/fun4_interfaces/include/fun4_interfaces/fun4_interfaces/srv/detail/mode__type_support.c
-- Up-to-date: /home/itoon/Documents/GitHub/Fun4_RoboticDev/install/fun4_interfaces/include/fun4_interfaces/fun4_interfaces/srv/detail/mode__rosidl_typesupport_introspection_c.h
-- Up-to-date: /home/itoon/Documents/GitHub/Fun4_RoboticDev/install/fun4_interfaces/lib/libfun4_interfaces__rosidl_typesupport_introspection_c.so
-- Up-to-date: /home/itoon/Documents/GitHub/Fun4_RoboticDev/install/fun4_interfaces/lib/libfun4_interfaces__rosidl_typesupport_c.so
-- Up-to-date: /home/itoon/Documents/GitHub/Fun4_RoboticDev/install/fun4_interfaces/include/fun4_interfaces/fun4_interfaces
-- Up-to-date: /home/itoon/Documents/GitHub/Fun4_RoboticDev/install/fun4_interfaces/include/fun4_interfaces/fun4_interfaces/srv
-- Up-to-date: /home/itoon/Documents/GitHub/Fun4_RoboticDev/install/fun4_interfaces/include/fun4_interfaces/fun4_interfaces/srv/detail
-- Up-to-date: /home/itoon/Documents/GitHub/Fun4_RoboticDev/install/fun4_interfaces/include/fun4_interfaces/fun4_interfaces/srv/detail/mode__type_support.cpp
-- Up-to-date: /home/itoon/Documents/GitHub/Fun4_RoboticDev/install/fun4_interfaces/include/fun4_interfaces/fun4_interfaces/srv/detail/mode__rosidl_typesupport_introspection_cpp.hpp
-- Up-to-date: /home/itoon/Documents/GitHub/Fun4_RoboticDev/install/fun4_interfaces/lib/libfun4_interfaces__rosidl_typesupport_introspection_cpp.so
-- Up-to-date: /home/itoon/Documents/GitHub/Fun4_RoboticDev/install/fun4_interfaces/lib/libfun4_interfaces__rosidl_typesupport_cpp.so
-- Up-to-date: /home/itoon/Documents/GitHub/Fun4_RoboticDev/install/fun4_interfaces/share/fun4_interfaces/environment/pythonpath.sh
-- Up-to-date: /home/itoon/Documents/GitHub/Fun4_RoboticDev/install/fun4_interfaces/share/fun4_interfaces/environment/pythonpath.dsv
-- Up-to-date: /home/itoon/Documents/GitHub/Fun4_RoboticDev/install/fun4_interfaces/local/lib/python3.10/dist-packages/fun4_interfaces-0.0.0-py3.10.egg-info
-- Installing: /home/itoon/Documents/GitHub/Fun4_RoboticDev/install/fun4_interfaces/local/lib/python3.10/dist-packages/fun4_interfaces-0.0.0-py3.10.egg-info/dependency_links.txt
-- Installing: /home/itoon/Documents/GitHub/Fun4_RoboticDev/install/fun4_interfaces/local/lib/python3.10/dist-packages/fun4_interfaces-0.0.0-py3.10.egg-info/top_level.txt
-- Installing: /home/itoon/Documents/GitHub/Fun4_RoboticDev/install/fun4_interfaces/local/lib/python3.10/dist-packages/fun4_interfaces-0.0.0-py3.10.egg-info/PKG-INFO
-- Installing: /home/itoon/Documents/GitHub/Fun4_RoboticDev/install/fun4_interfaces/local/lib/python3.10/dist-packages/fun4_interfaces-0.0.0-py3.10.egg-info/SOURCES.txt
-- Up-to-date: /home/itoon/Documents/GitHub/Fun4_RoboticDev/install/fun4_interfaces/local/lib/python3.10/dist-packages/fun4_interfaces
-- Up-to-date: /home/itoon/Documents/GitHub/Fun4_RoboticDev/install/fun4_interfaces/local/lib/python3.10/dist-packages/fun4_interfaces/__init__.py
-- Up-to-date: /home/itoon/Documents/GitHub/Fun4_RoboticDev/install/fun4_interfaces/local/lib/python3.10/dist-packages/fun4_interfaces/fun4_interfaces_s__rosidl_typesupport_fastrtps_c.cpython-310-x86_64-linux-gnu.so
-- Up-to-date: /home/itoon/Documents/GitHub/Fun4_RoboticDev/install/fun4_interfaces/local/lib/python3.10/dist-packages/fun4_interfaces/_fun4_interfaces_s.ep.rosidl_typesupport_c.c
-- Up-to-date: /home/itoon/Documents/GitHub/Fun4_RoboticDev/install/fun4_interfaces/local/lib/python3.10/dist-packages/fun4_interfaces/_fun4_interfaces_s.ep.rosidl_typesupport_fastrtps_c.c
-- Up-to-date: /home/itoon/Documents/GitHub/Fun4_RoboticDev/install/fun4_interfaces/local/lib/python3.10/dist-packages/fun4_interfaces/fun4_interfaces_s__rosidl_typesupport_c.cpython-310-x86_64-linux-gnu.so
-- Up-to-date: /home/itoon/Documents/GitHub/Fun4_RoboticDev/install/fun4_interfaces/local/lib/python3.10/dist-packages/fun4_interfaces/libfun4_interfaces__rosidl_generator_py.so
-- Up-to-date: /home/itoon/Documents/GitHub/Fun4_RoboticDev/install/fun4_interfaces/local/lib/python3.10/dist-packages/fun4_interfaces/fun4_interfaces_s__rosidl_typesupport_introspection_c.cpython-310-x86_64-linux-gnu.so
-- Up-to-date: /home/itoon/Documents/GitHub/Fun4_RoboticDev/install/fun4_interfaces/local/lib/python3.10/dist-packages/fun4_interfaces/_fun4_interfaces_s.ep.rosidl_typesupport_introspection_c.c
-- Up-to-date: /home/itoon/Documents/GitHub/Fun4_RoboticDev/install/fun4_interfaces/local/lib/python3.10/dist-packages/fun4_interfaces/srv
-- Up-to-date: /home/itoon/Documents/GitHub/Fun4_RoboticDev/install/fun4_interfaces/local/lib/python3.10/dist-packages/fun4_interfaces/srv/_mode.py
-- Up-to-date: /home/itoon/Documents/GitHub/Fun4_RoboticDev/install/fun4_interfaces/local/lib/python3.10/dist-packages/fun4_interfaces/srv/__init__.py
-- Up-to-date: /home/itoon/Documents/GitHub/Fun4_RoboticDev/install/fun4_interfaces/local/lib/python3.10/dist-packages/fun4_interfaces/srv/_mode_s.c
Listing '/home/itoon/Documents/GitHub/Fun4_RoboticDev/install/fun4_interfaces/local/lib/python3.10/dist-packages/fun4_interfaces'...
Listing '/home/itoon/Documents/GitHub/Fun4_RoboticDev/install/fun4_interfaces/local/lib/python3.10/dist-packages/fun4_interfaces/srv'...
-- Up-to-date: /home/itoon/Documents/GitHub/Fun4_RoboticDev/install/fun4_interfaces/local/lib/python3.10/dist-packages/fun4_interfaces/fun4_interfaces_s__rosidl_typesupport_fastrtps_c.cpython-310-x86_64-linux-gnu.so
-- Up-to-date: /home/itoon/Documents/GitHub/Fun4_RoboticDev/install/fun4_interfaces/local/lib/python3.10/dist-packages/fun4_interfaces/fun4_interfaces_s__rosidl_typesupport_introspection_c.cpython-310-x86_64-linux-gnu.so
-- Up-to-date: /home/itoon/Documents/GitHub/Fun4_RoboticDev/install/fun4_interfaces/local/lib/python3.10/dist-packages/fun4_interfaces/fun4_interfaces_s__rosidl_typesupport_c.cpython-310-x86_64-linux-gnu.so
-- Up-to-date: /home/itoon/Documents/GitHub/Fun4_RoboticDev/install/fun4_interfaces/lib/libfun4_interfaces__rosidl_generator_py.so
-- Up-to-date: /home/itoon/Documents/GitHub/Fun4_RoboticDev/install/fun4_interfaces/share/fun4_interfaces/srv/Mode.idl
-- Up-to-date: /home/itoon/Documents/GitHub/Fun4_RoboticDev/install/fun4_interfaces/share/fun4_interfaces/srv/Mode.srv
-- Up-to-date: /home/itoon/Documents/GitHub/Fun4_RoboticDev/install/fun4_interfaces/share/fun4_interfaces/srv/Mode_Request.msg
-- Up-to-date: /home/itoon/Documents/GitHub/Fun4_RoboticDev/install/fun4_interfaces/share/fun4_interfaces/srv/Mode_Response.msg
-- Up-to-date: /home/itoon/Documents/GitHub/Fun4_RoboticDev/install/fun4_interfaces/share/ament_index/resource_index/package_run_dependencies/fun4_interfaces
-- Up-to-date: /home/itoon/Documents/GitHub/Fun4_RoboticDev/install/fun4_interfaces/share/ament_index/resource_index/parent_prefix_path/fun4_interfaces
-- Up-to-date: /home/itoon/Documents/GitHub/Fun4_RoboticDev/install/fun4_interfaces/share/fun4_interfaces/environment/ament_prefix_path.sh
-- Up-to-date: /home/itoon/Documents/GitHub/Fun4_RoboticDev/install/fun4_interfaces/share/fun4_interfaces/environment/ament_prefix_path.dsv
-- Up-to-date: /home/itoon/Documents/GitHub/Fun4_RoboticDev/install/fun4_interfaces/share/fun4_interfaces/environment/path.sh
-- Up-to-date: /home/itoon/Documents/GitHub/Fun4_RoboticDev/install/fun4_interfaces/share/fun4_interfaces/environment/path.dsv
-- Up-to-date: /home/itoon/Documents/GitHub/Fun4_RoboticDev/install/fun4_interfaces/share/fun4_interfaces/local_setup.bash
-- Up-to-date: /home/itoon/Documents/GitHub/Fun4_RoboticDev/install/fun4_interfaces/share/fun4_interfaces/local_setup.sh
-- Up-to-date: /home/itoon/Documents/GitHub/Fun4_RoboticDev/install/fun4_interfaces/share/fun4_interfaces/local_setup.zsh
-- Up-to-date: /home/itoon/Documents/GitHub/Fun4_RoboticDev/install/fun4_interfaces/share/fun4_interfaces/local_setup.dsv
-- Installing: /home/itoon/Documents/GitHub/Fun4_RoboticDev/install/fun4_interfaces/share/fun4_interfaces/package.dsv
-- Up-to-date: /home/itoon/Documents/GitHub/Fun4_RoboticDev/install/fun4_interfaces/share/ament_index/resource_index/packages/fun4_interfaces
-- Up-to-date: /home/itoon/Documents/GitHub/Fun4_RoboticDev/install/fun4_interfaces/share/fun4_interfaces/cmake/export_fun4_interfaces__rosidl_generator_cExport.cmake
-- Up-to-date: /home/itoon/Documents/GitHub/Fun4_RoboticDev/install/fun4_interfaces/share/fun4_interfaces/cmake/export_fun4_interfaces__rosidl_generator_cExport-noconfig.cmake
-- Up-to-date: /home/itoon/Documents/GitHub/Fun4_RoboticDev/install/fun4_interfaces/share/fun4_interfaces/cmake/export_fun4_interfaces__rosidl_typesupport_fastrtps_cExport.cmake
-- Up-to-date: /home/itoon/Documents/GitHub/Fun4_RoboticDev/install/fun4_interfaces/share/fun4_interfaces/cmake/export_fun4_interfaces__rosidl_typesupport_fastrtps_cExport-noconfig.cmake
-- Up-to-date: /home/itoon/Documents/GitHub/Fun4_RoboticDev/install/fun4_interfaces/share/fun4_interfaces/cmake/export_fun4_interfaces__rosidl_generator_cppExport.cmake
-- Up-to-date: /home/itoon/Documents/GitHub/Fun4_RoboticDev/install/fun4_interfaces/share/fun4_interfaces/cmake/export_fun4_interfaces__rosidl_typesupport_fastrtps_cppExport.cmake
-- Up-to-date: /home/itoon/Documents/GitHub/Fun4_RoboticDev/install/fun4_interfaces/share/fun4_interfaces/cmake/export_fun4_interfaces__rosidl_typesupport_fastrtps_cppExport-noconfig.cmake
-- Up-to-date: /home/itoon/Documents/GitHub/Fun4_RoboticDev/install/fun4_interfaces/share/fun4_interfaces/cmake/fun4_interfaces__rosidl_typesupport_introspection_cExport.cmake
-- Up-to-date: /home/itoon/Documents/GitHub/Fun4_RoboticDev/install/fun4_interfaces/share/fun4_interfaces/cmake/fun4_interfaces__rosidl_typesupport_introspection_cExport-noconfig.cmake
-- Up-to-date: /home/itoon/Documents/GitHub/Fun4_RoboticDev/install/fun4_interfaces/share/fun4_interfaces/cmake/fun4_interfaces__rosidl_typesupport_cExport.cmake
-- Up-to-date: /home/itoon/Documents/GitHub/Fun4_RoboticDev/install/fun4_interfaces/share/fun4_interfaces/cmake/fun4_interfaces__rosidl_typesupport_cExport-noconfig.cmake
-- Up-to-date: /home/itoon/Documents/GitHub/Fun4_RoboticDev/install/fun4_interfaces/share/fun4_interfaces/cmake/fun4_interfaces__rosidl_typesupport_introspection_cppExport.cmake
-- Up-to-date: /home/itoon/Documents/GitHub/Fun4_RoboticDev/install/fun4_interfaces/share/fun4_interfaces/cmake/fun4_interfaces__rosidl_typesupport_introspection_cppExport-noconfig.cmake
-- Up-to-date: /home/itoon/Documents/GitHub/Fun4_RoboticDev/install/fun4_interfaces/share/fun4_interfaces/cmake/fun4_interfaces__rosidl_typesupport_cppExport.cmake
-- Up-to-date: /home/itoon/Documents/GitHub/Fun4_RoboticDev/install/fun4_interfaces/share/fun4_interfaces/cmake/fun4_interfaces__rosidl_typesupport_cppExport-noconfig.cmake
-- Up-to-date: /home/itoon/Documents/GitHub/Fun4_RoboticDev/install/fun4_interfaces/share/fun4_interfaces/cmake/export_fun4_interfaces__rosidl_generator_pyExport.cmake
-- Up-to-date: /home/itoon/Documents/GitHub/Fun4_RoboticDev/install/fun4_interfaces/share/fun4_interfaces/cmake/export_fun4_interfaces__rosidl_generator_pyExport-noconfig.cmake
-- Up-to-date: /home/itoon/Documents/GitHub/Fun4_RoboticDev/install/fun4_interfaces/share/fun4_interfaces/cmake/rosidl_cmake-extras.cmake
-- Up-to-date: /home/itoon/Documents/GitHub/Fun4_RoboticDev/install/fun4_interfaces/share/fun4_interfaces/cmake/ament_cmake_export_dependencies-extras.cmake
-- Up-to-date: /home/itoon/Documents/GitHub/Fun4_RoboticDev/install/fun4_interfaces/share/fun4_interfaces/cmake/ament_cmake_export_include_directories-extras.cmake
-- Up-to-date: /home/itoon/Documents/GitHub/Fun4_RoboticDev/install/fun4_interfaces/share/fun4_interfaces/cmake/ament_cmake_export_libraries-extras.cmake
-- Up-to-date: /home/itoon/Documents/GitHub/Fun4_RoboticDev/install/fun4_interfaces/share/fun4_interfaces/cmake/ament_cmake_export_targets-extras.cmake
-- Up-to-date: /home/itoon/Documents/GitHub/Fun4_RoboticDev/install/fun4_interfaces/share/fun4_interfaces/cmake/rosidl_cmake_export_typesupport_targets-extras.cmake
-- Up-to-date: /home/itoon/Documents/GitHub/Fun4_RoboticDev/install/fun4_interfaces/share/fun4_interfaces/cmake/rosidl_cmake_export_typesupport_libraries-extras.cmake
-- Up-to-date: /home/itoon/Documents/GitHub/Fun4_RoboticDev/install/fun4_interfaces/share/fun4_interfaces/cmake/fun4_interfacesConfig.cmake
-- Up-to-date: /home/itoon/Documents/GitHub/Fun4_RoboticDev/install/fun4_interfaces/share/fun4_interfaces/cmake/fun4_interfacesConfig-version.cmake
-- Up-to-date: /home/itoon/Documents/GitHub/Fun4_RoboticDev/install/fun4_interfaces/share/fun4_interfaces/package.xml
