[0.012s] Invoking command in '/home/itoon/Documents/GitHub/Fun4_RoboticDev/build/example_description': CMAKE_PREFIX_PATH=${CMAKE_PREFIX_PATH}:/opt/ros/humble /usr/bin/cmake /home/itoon/Documents/GitHub/Fun4_RoboticDev/src/example_description -DCMAKE_INSTALL_PREFIX=/home/itoon/Documents/GitHub/Fun4_RoboticDev/install/example_description
[0.128s] -- The C compiler identification is GNU 11.4.0
[0.189s] -- The CXX compiler identification is GNU 11.4.0
[0.194s] -- Detecting C compiler ABI info
[0.246s] -- Detecting C compiler ABI info - done
[0.251s] -- Check for working C compiler: /usr/bin/cc - skipped
[0.251s] -- Detecting C compile features
[0.251s] -- Detecting C compile features - done
[0.253s] -- Detecting CXX compiler ABI info
[0.302s] -- Detecting CXX compiler ABI info - done
[0.306s] -- Check for working CXX compiler: /usr/bin/c++ - skipped
[0.306s] -- Detecting CXX compile features
[0.306s] -- Detecting CXX compile features - done
[0.310s] -- Found ament_cmake: 1.3.10 (/opt/ros/humble/share/ament_cmake/cmake)
[0.429s] -- Found Python3: /usr/bin/python3 (found version "3.10.12") found components: Interpreter 
[0.497s] -- Found rclcpp: 16.0.10 (/opt/ros/humble/share/rclcpp/cmake)
[0.533s] -- Found rosidl_generator_c: 3.1.5 (/opt/ros/humble/share/rosidl_generator_c/cmake)
[0.537s] -- Found rosidl_adapter: 3.1.5 (/opt/ros/humble/share/rosidl_adapter/cmake)
[0.545s] -- Found rosidl_generator_cpp: 3.1.5 (/opt/ros/humble/share/rosidl_generator_cpp/cmake)
[0.555s] -- Using all available rosidl_typesupport_c: rosidl_typesupport_fastrtps_c;rosidl_typesupport_introspection_c
[0.568s] -- Using all available rosidl_typesupport_cpp: rosidl_typesupport_fastrtps_cpp;rosidl_typesupport_introspection_cpp
[0.605s] -- Found rmw_implementation_cmake: 6.1.2 (/opt/ros/humble/share/rmw_implementation_cmake/cmake)
[0.607s] -- Found rmw_fastrtps_cpp: 6.2.7 (/opt/ros/humble/share/rmw_fastrtps_cpp/cmake)
[0.676s] -- Found OpenSSL: /usr/lib/x86_64-linux-gnu/libcrypto.so (found version "3.0.2")  
[0.700s] -- Found FastRTPS: /opt/ros/humble/include  
[0.730s] -- Using RMW implementation 'rmw_fastrtps_cpp' as default
[0.735s] -- Looking for pthread.h
[0.780s] -- Looking for pthread.h - found
[0.780s] -- Performing Test CMAKE_HAVE_LIBC_PTHREAD
[0.826s] -- Performing Test CMAKE_HAVE_LIBC_PTHREAD - Success
[0.827s] -- Found Threads: TRUE  
[0.860s] -- Found rclpy: 3.3.14 (/opt/ros/humble/share/rclpy/cmake)
[0.956s] -- Configuring done
[0.961s] -- Generating done
[0.962s] -- Build files have been written to: /home/itoon/Documents/GitHub/Fun4_RoboticDev/build/example_description
[0.969s] Invoked command in '/home/itoon/Documents/GitHub/Fun4_RoboticDev/build/example_description' returned '0': CMAKE_PREFIX_PATH=${CMAKE_PREFIX_PATH}:/opt/ros/humble /usr/bin/cmake /home/itoon/Documents/GitHub/Fun4_RoboticDev/src/example_description -DCMAKE_INSTALL_PREFIX=/home/itoon/Documents/GitHub/Fun4_RoboticDev/install/example_description
[0.970s] Invoking command in '/home/itoon/Documents/GitHub/Fun4_RoboticDev/build/example_description': CMAKE_PREFIX_PATH=${CMAKE_PREFIX_PATH}:/opt/ros/humble /usr/bin/cmake --build /home/itoon/Documents/GitHub/Fun4_RoboticDev/build/example_description -- -j20 -l20
[1.002s] [ 50%] [32mBuilding CXX object CMakeFiles/cpp_node_test.dir/src/cpp_node.cpp.o[0m
[1.006s] [ 50%] Built target ament_cmake_python_copy_example_description
[1.147s] running egg_info
[1.147s] creating example_description.egg-info
[1.147s] writing example_description.egg-info/PKG-INFO
[1.148s] writing dependency_links to example_description.egg-info/dependency_links.txt
[1.148s] writing top-level names to example_description.egg-info/top_level.txt
[1.148s] writing manifest file 'example_description.egg-info/SOURCES.txt'
[1.149s] reading manifest file 'example_description.egg-info/SOURCES.txt'
[1.149s] writing manifest file 'example_description.egg-info/SOURCES.txt'
[1.168s] [ 50%] Built target ament_cmake_python_build_example_description_egg
[1.169s] [100%] [32m[1mLinking CXX executable cpp_node_test[0m
[1.233s] [100%] Built target cpp_node_test
[1.242s] Invoked command in '/home/itoon/Documents/GitHub/Fun4_RoboticDev/build/example_description' returned '0': CMAKE_PREFIX_PATH=${CMAKE_PREFIX_PATH}:/opt/ros/humble /usr/bin/cmake --build /home/itoon/Documents/GitHub/Fun4_RoboticDev/build/example_description -- -j20 -l20
[1.269s] Invoking command in '/home/itoon/Documents/GitHub/Fun4_RoboticDev/build/example_description': CMAKE_PREFIX_PATH=${CMAKE_PREFIX_PATH}:/opt/ros/humble /usr/bin/cmake --install /home/itoon/Documents/GitHub/Fun4_RoboticDev/build/example_description
[1.274s] -- Install configuration: ""
[1.274s] -- Installing: /home/itoon/Documents/GitHub/Fun4_RoboticDev/install/example_description/share/example_description/environment/pythonpath.sh
[1.274s] -- Installing: /home/itoon/Documents/GitHub/Fun4_RoboticDev/install/example_description/share/example_description/environment/pythonpath.dsv
[1.275s] -- Installing: /home/itoon/Documents/GitHub/Fun4_RoboticDev/install/example_description/local/lib/python3.10/dist-packages/example_description-0.0.0-py3.10.egg-info
[1.275s] -- Installing: /home/itoon/Documents/GitHub/Fun4_RoboticDev/install/example_description/local/lib/python3.10/dist-packages/example_description-0.0.0-py3.10.egg-info/dependency_links.txt
[1.275s] -- Installing: /home/itoon/Documents/GitHub/Fun4_RoboticDev/install/example_description/local/lib/python3.10/dist-packages/example_description-0.0.0-py3.10.egg-info/top_level.txt
[1.275s] -- Installing: /home/itoon/Documents/GitHub/Fun4_RoboticDev/install/example_description/local/lib/python3.10/dist-packages/example_description-0.0.0-py3.10.egg-info/PKG-INFO
[1.275s] -- Installing: /home/itoon/Documents/GitHub/Fun4_RoboticDev/install/example_description/local/lib/python3.10/dist-packages/example_description-0.0.0-py3.10.egg-info/SOURCES.txt
[1.275s] -- Installing: /home/itoon/Documents/GitHub/Fun4_RoboticDev/install/example_description/local/lib/python3.10/dist-packages/example_description
[1.275s] -- Installing: /home/itoon/Documents/GitHub/Fun4_RoboticDev/install/example_description/local/lib/python3.10/dist-packages/example_description/__init__.py
[1.275s] -- Installing: /home/itoon/Documents/GitHub/Fun4_RoboticDev/install/example_description/local/lib/python3.10/dist-packages/example_description/dummy_module.py
[1.297s] Listing '/home/itoon/Documents/GitHub/Fun4_RoboticDev/install/example_description/local/lib/python3.10/dist-packages/example_description'...
[1.297s] Compiling '/home/itoon/Documents/GitHub/Fun4_RoboticDev/install/example_description/local/lib/python3.10/dist-packages/example_description/__init__.py'...
[1.297s] Compiling '/home/itoon/Documents/GitHub/Fun4_RoboticDev/install/example_description/local/lib/python3.10/dist-packages/example_description/dummy_module.py'...
[1.301s] -- Installing: /home/itoon/Documents/GitHub/Fun4_RoboticDev/install/example_description/lib/example_description/dummy_script.py
[1.301s] -- Installing: /home/itoon/Documents/GitHub/Fun4_RoboticDev/install/example_description/lib/example_description/cpp_node_test
[1.301s] -- Set runtime path of "/home/itoon/Documents/GitHub/Fun4_RoboticDev/install/example_description/lib/example_description/cpp_node_test" to ""
[1.301s] -- Installing: /home/itoon/Documents/GitHub/Fun4_RoboticDev/install/example_description/share/example_description/config
[1.302s] -- Installing: /home/itoon/Documents/GitHub/Fun4_RoboticDev/install/example_description/share/example_description/launch
[1.302s] -- Installing: /home/itoon/Documents/GitHub/Fun4_RoboticDev/install/example_description/share/example_description/meshes
[1.302s] -- Installing: /home/itoon/Documents/GitHub/Fun4_RoboticDev/install/example_description/share/example_description/meshes/link_0.stl
[1.302s] -- Installing: /home/itoon/Documents/GitHub/Fun4_RoboticDev/install/example_description/share/example_description/meshes/end_effector.stl
[1.302s] -- Installing: /home/itoon/Documents/GitHub/Fun4_RoboticDev/install/example_description/share/example_description/meshes/link_3.stl
[1.302s] -- Installing: /home/itoon/Documents/GitHub/Fun4_RoboticDev/install/example_description/share/example_description/meshes/link_1.stl
[1.302s] -- Installing: /home/itoon/Documents/GitHub/Fun4_RoboticDev/install/example_description/share/example_description/meshes/link_2.stl
[1.302s] -- Installing: /home/itoon/Documents/GitHub/Fun4_RoboticDev/install/example_description/share/example_description/robot
[1.302s] -- Installing: /home/itoon/Documents/GitHub/Fun4_RoboticDev/install/example_description/share/example_description/robot/visual
[1.302s] -- Installing: /home/itoon/Documents/GitHub/Fun4_RoboticDev/install/example_description/share/example_description/robot/visual/my-robot.xacro
[1.302s] -- Installing: /home/itoon/Documents/GitHub/Fun4_RoboticDev/install/example_description/share/example_description/robot/visual/01-myfirst.urdf
[1.302s] -- Installing: /home/itoon/Documents/GitHub/Fun4_RoboticDev/install/example_description/share/ament_index/resource_index/package_run_dependencies/example_description
[1.302s] -- Installing: /home/itoon/Documents/GitHub/Fun4_RoboticDev/install/example_description/share/ament_index/resource_index/parent_prefix_path/example_description
[1.303s] -- Installing: /home/itoon/Documents/GitHub/Fun4_RoboticDev/install/example_description/share/example_description/environment/ament_prefix_path.sh
[1.303s] -- Installing: /home/itoon/Documents/GitHub/Fun4_RoboticDev/install/example_description/share/example_description/environment/ament_prefix_path.dsv
[1.303s] -- Installing: /home/itoon/Documents/GitHub/Fun4_RoboticDev/install/example_description/share/example_description/environment/path.sh
[1.303s] -- Installing: /home/itoon/Documents/GitHub/Fun4_RoboticDev/install/example_description/share/example_description/environment/path.dsv
[1.303s] -- Installing: /home/itoon/Documents/GitHub/Fun4_RoboticDev/install/example_description/share/example_description/local_setup.bash
[1.303s] -- Installing: /home/itoon/Documents/GitHub/Fun4_RoboticDev/install/example_description/share/example_description/local_setup.sh
[1.303s] -- Installing: /home/itoon/Documents/GitHub/Fun4_RoboticDev/install/example_description/share/example_description/local_setup.zsh
[1.303s] -- Installing: /home/itoon/Documents/GitHub/Fun4_RoboticDev/install/example_description/share/example_description/local_setup.dsv
[1.303s] -- Installing: /home/itoon/Documents/GitHub/Fun4_RoboticDev/install/example_description/share/example_description/package.dsv
[1.303s] -- Installing: /home/itoon/Documents/GitHub/Fun4_RoboticDev/install/example_description/share/ament_index/resource_index/packages/example_description
[1.303s] -- Installing: /home/itoon/Documents/GitHub/Fun4_RoboticDev/install/example_description/share/example_description/cmake/example_descriptionConfig.cmake
[1.303s] -- Installing: /home/itoon/Documents/GitHub/Fun4_RoboticDev/install/example_description/share/example_description/cmake/example_descriptionConfig-version.cmake
[1.303s] -- Installing: /home/itoon/Documents/GitHub/Fun4_RoboticDev/install/example_description/share/example_description/package.xml
[1.305s] Invoked command in '/home/itoon/Documents/GitHub/Fun4_RoboticDev/build/example_description' returned '0': CMAKE_PREFIX_PATH=${CMAKE_PREFIX_PATH}:/opt/ros/humble /usr/bin/cmake --install /home/itoon/Documents/GitHub/Fun4_RoboticDev/build/example_description
