[0.012s] Invoking command in '/home/itoon/Documents/GitHub/Fun4_RoboticDev/build/example_description': CMAKE_PREFIX_PATH=${CMAKE_PREFIX_PATH}:/opt/ros/humble /usr/bin/cmake --build /home/itoon/Documents/GitHub/Fun4_RoboticDev/build/example_description -- -j20 -l20
[0.048s] [100%] Built target cpp_node_test
[0.051s] [100%] Built target ament_cmake_python_copy_example_description
[0.191s] running egg_info
[0.191s] writing example_description.egg-info/PKG-INFO
[0.191s] writing dependency_links to example_description.egg-info/dependency_links.txt
[0.191s] writing top-level names to example_description.egg-info/top_level.txt
[0.193s] reading manifest file 'example_description.egg-info/SOURCES.txt'
[0.193s] writing manifest file 'example_description.egg-info/SOURCES.txt'
[0.214s] [100%] Built target ament_cmake_python_build_example_description_egg
[0.221s] Invoked command in '/home/itoon/Documents/GitHub/Fun4_RoboticDev/build/example_description' returned '0': CMAKE_PREFIX_PATH=${CMAKE_PREFIX_PATH}:/opt/ros/humble /usr/bin/cmake --build /home/itoon/Documents/GitHub/Fun4_RoboticDev/build/example_description -- -j20 -l20
[0.248s] Invoking command in '/home/itoon/Documents/GitHub/Fun4_RoboticDev/build/example_description': CMAKE_PREFIX_PATH=${CMAKE_PREFIX_PATH}:/opt/ros/humble /usr/bin/cmake --install /home/itoon/Documents/GitHub/Fun4_RoboticDev/build/example_description
[0.254s] -- Install configuration: ""
[0.254s] -- Up-to-date: /home/itoon/Documents/GitHub/Fun4_RoboticDev/install/example_description/share/example_description/environment/pythonpath.sh
[0.254s] -- Up-to-date: /home/itoon/Documents/GitHub/Fun4_RoboticDev/install/example_description/share/example_description/environment/pythonpath.dsv
[0.255s] -- Up-to-date: /home/itoon/Documents/GitHub/Fun4_RoboticDev/install/example_description/local/lib/python3.10/dist-packages/example_description-0.0.0-py3.10.egg-info
[0.255s] -- Installing: /home/itoon/Documents/GitHub/Fun4_RoboticDev/install/example_description/local/lib/python3.10/dist-packages/example_description-0.0.0-py3.10.egg-info/dependency_links.txt
[0.255s] -- Installing: /home/itoon/Documents/GitHub/Fun4_RoboticDev/install/example_description/local/lib/python3.10/dist-packages/example_description-0.0.0-py3.10.egg-info/top_level.txt
[0.255s] -- Installing: /home/itoon/Documents/GitHub/Fun4_RoboticDev/install/example_description/local/lib/python3.10/dist-packages/example_description-0.0.0-py3.10.egg-info/PKG-INFO
[0.255s] -- Installing: /home/itoon/Documents/GitHub/Fun4_RoboticDev/install/example_description/local/lib/python3.10/dist-packages/example_description-0.0.0-py3.10.egg-info/SOURCES.txt
[0.255s] -- Up-to-date: /home/itoon/Documents/GitHub/Fun4_RoboticDev/install/example_description/local/lib/python3.10/dist-packages/example_description
[0.255s] -- Up-to-date: /home/itoon/Documents/GitHub/Fun4_RoboticDev/install/example_description/local/lib/python3.10/dist-packages/example_description/__init__.py
[0.255s] -- Up-to-date: /home/itoon/Documents/GitHub/Fun4_RoboticDev/install/example_description/local/lib/python3.10/dist-packages/example_description/dummy_module.py
[0.277s] Listing '/home/itoon/Documents/GitHub/Fun4_RoboticDev/install/example_description/local/lib/python3.10/dist-packages/example_description'...
[0.279s] -- Up-to-date: /home/itoon/Documents/GitHub/Fun4_RoboticDev/install/example_description/lib/example_description/dummy_script.py
[0.280s] -- Up-to-date: /home/itoon/Documents/GitHub/Fun4_RoboticDev/install/example_description/lib/example_description/cpp_node_test
[0.280s] -- Up-to-date: /home/itoon/Documents/GitHub/Fun4_RoboticDev/install/example_description/share/example_description/config
[0.280s] -- Up-to-date: /home/itoon/Documents/GitHub/Fun4_RoboticDev/install/example_description/share/example_description/launch
[0.280s] -- Installing: /home/itoon/Documents/GitHub/Fun4_RoboticDev/install/example_description/share/example_description/launch/simple_display.launch.py
[0.280s] -- Up-to-date: /home/itoon/Documents/GitHub/Fun4_RoboticDev/install/example_description/share/example_description/meshes
[0.280s] -- Up-to-date: /home/itoon/Documents/GitHub/Fun4_RoboticDev/install/example_description/share/example_description/meshes/link_0.stl
[0.280s] -- Up-to-date: /home/itoon/Documents/GitHub/Fun4_RoboticDev/install/example_description/share/example_description/meshes/end_effector.stl
[0.280s] -- Up-to-date: /home/itoon/Documents/GitHub/Fun4_RoboticDev/install/example_description/share/example_description/meshes/link_3.stl
[0.280s] -- Up-to-date: /home/itoon/Documents/GitHub/Fun4_RoboticDev/install/example_description/share/example_description/meshes/link_1.stl
[0.280s] -- Up-to-date: /home/itoon/Documents/GitHub/Fun4_RoboticDev/install/example_description/share/example_description/meshes/link_2.stl
[0.280s] -- Up-to-date: /home/itoon/Documents/GitHub/Fun4_RoboticDev/install/example_description/share/example_description/robot
[0.280s] -- Up-to-date: /home/itoon/Documents/GitHub/Fun4_RoboticDev/install/example_description/share/example_description/robot/visual
[0.280s] -- Up-to-date: /home/itoon/Documents/GitHub/Fun4_RoboticDev/install/example_description/share/example_description/robot/visual/my-robot.xacro
[0.280s] -- Up-to-date: /home/itoon/Documents/GitHub/Fun4_RoboticDev/install/example_description/share/example_description/robot/visual/01-myfirst.urdf
[0.280s] -- Up-to-date: /home/itoon/Documents/GitHub/Fun4_RoboticDev/install/example_description/share/ament_index/resource_index/package_run_dependencies/example_description
[0.280s] -- Up-to-date: /home/itoon/Documents/GitHub/Fun4_RoboticDev/install/example_description/share/ament_index/resource_index/parent_prefix_path/example_description
[0.281s] -- Up-to-date: /home/itoon/Documents/GitHub/Fun4_RoboticDev/install/example_description/share/example_description/environment/ament_prefix_path.sh
[0.281s] -- Up-to-date: /home/itoon/Documents/GitHub/Fun4_RoboticDev/install/example_description/share/example_description/environment/ament_prefix_path.dsv
[0.281s] -- Up-to-date: /home/itoon/Documents/GitHub/Fun4_RoboticDev/install/example_description/share/example_description/environment/path.sh
[0.281s] -- Up-to-date: /home/itoon/Documents/GitHub/Fun4_RoboticDev/install/example_description/share/example_description/environment/path.dsv
[0.281s] -- Up-to-date: /home/itoon/Documents/GitHub/Fun4_RoboticDev/install/example_description/share/example_description/local_setup.bash
[0.281s] -- Up-to-date: /home/itoon/Documents/GitHub/Fun4_RoboticDev/install/example_description/share/example_description/local_setup.sh
[0.281s] -- Up-to-date: /home/itoon/Documents/GitHub/Fun4_RoboticDev/install/example_description/share/example_description/local_setup.zsh
[0.281s] -- Up-to-date: /home/itoon/Documents/GitHub/Fun4_RoboticDev/install/example_description/share/example_description/local_setup.dsv
[0.281s] -- Installing: /home/itoon/Documents/GitHub/Fun4_RoboticDev/install/example_description/share/example_description/package.dsv
[0.281s] -- Up-to-date: /home/itoon/Documents/GitHub/Fun4_RoboticDev/install/example_description/share/ament_index/resource_index/packages/example_description
[0.281s] -- Up-to-date: /home/itoon/Documents/GitHub/Fun4_RoboticDev/install/example_description/share/example_description/cmake/example_descriptionConfig.cmake
[0.281s] -- Up-to-date: /home/itoon/Documents/GitHub/Fun4_RoboticDev/install/example_description/share/example_description/cmake/example_descriptionConfig-version.cmake
[0.281s] -- Up-to-date: /home/itoon/Documents/GitHub/Fun4_RoboticDev/install/example_description/share/example_description/package.xml
[0.290s] Invoked command in '/home/itoon/Documents/GitHub/Fun4_RoboticDev/build/example_description' returned '0': CMAKE_PREFIX_PATH=${CMAKE_PREFIX_PATH}:/opt/ros/humble /usr/bin/cmake --install /home/itoon/Documents/GitHub/Fun4_RoboticDev/build/example_description
