[0.075s] DEBUG:colcon:Command line arguments: ['/usr/bin/colcon', 'build']
[0.075s] DEBUG:colcon:Parsed command line arguments: Namespace(log_base=None, log_level=None, verb_name='build', build_base='build', install_base='install', merge_install=False, symlink_install=False, test_result_base=None, continue_on_error=False, executor='parallel', parallel_workers=20, event_handlers=None, ignore_user_meta=False, metas=['./colcon.meta'], base_paths=['.'], packages_ignore=None, packages_ignore_regex=None, paths=None, packages_up_to=None, packages_up_to_regex=None, packages_above=None, packages_above_and_dependencies=None, packages_above_depth=None, packages_select_by_dep=None, packages_skip_by_dep=None, packages_skip_up_to=None, packages_select_build_failed=False, packages_skip_build_finished=False, packages_select_test_failures=False, packages_skip_test_passed=False, packages_select=None, packages_skip=None, packages_select_regex=None, packages_skip_regex=None, packages_start=None, packages_end=None, allow_overriding=[], cmake_args=None, cmake_target=None, cmake_target_skip_unavailable=False, cmake_clean_cache=False, cmake_clean_first=False, cmake_force_configure=False, ament_cmake_args=None, catkin_cmake_args=None, catkin_skip_building_tests=False, verb_parser=<colcon_defaults.argument_parser.defaults.DefaultArgumentsDecorator object at 0x7307f16ee1d0>, verb_extension=<colcon_core.verb.build.BuildVerb object at 0x7307f16ed390>, main=<bound method BuildVerb.main of <colcon_core.verb.build.BuildVerb object at 0x7307f16ed390>>)
[0.162s] Level 1:colcon.colcon_core.package_discovery:discover_packages(colcon_meta) check parameters
[0.162s] Level 1:colcon.colcon_core.package_discovery:discover_packages(recursive) check parameters
[0.162s] Level 1:colcon.colcon_core.package_discovery:discover_packages(ignore) check parameters
[0.162s] Level 1:colcon.colcon_core.package_discovery:discover_packages(path) check parameters
[0.162s] Level 1:colcon.colcon_core.package_discovery:discover_packages(colcon_meta) discover
[0.162s] Level 1:colcon.colcon_core.package_discovery:discover_packages(recursive) discover
[0.162s] INFO:colcon.colcon_core.package_discovery:Crawling recursively for packages in '/home/itoon/Documents/GitHub/Fun4_RoboticDev'
[0.162s] Level 1:colcon.colcon_core.package_identification:_identify(.) by extensions ['ignore', 'ignore_ament_install']
[0.162s] Level 1:colcon.colcon_core.package_identification:_identify(.) by extension 'ignore'
[0.162s] Level 1:colcon.colcon_core.package_identification:_identify(.) by extension 'ignore_ament_install'
[0.162s] Level 1:colcon.colcon_core.package_identification:_identify(.) by extensions ['colcon_pkg']
[0.162s] Level 1:colcon.colcon_core.package_identification:_identify(.) by extension 'colcon_pkg'
[0.162s] Level 1:colcon.colcon_core.package_identification:_identify(.) by extensions ['colcon_meta']
[0.162s] Level 1:colcon.colcon_core.package_identification:_identify(.) by extension 'colcon_meta'
[0.162s] Level 1:colcon.colcon_core.package_identification:_identify(.) by extensions ['ros']
[0.162s] Level 1:colcon.colcon_core.package_identification:_identify(.) by extension 'ros'
[0.168s] Level 1:colcon.colcon_core.package_identification:_identify(.) by extensions ['cmake', 'python']
[0.169s] Level 1:colcon.colcon_core.package_identification:_identify(.) by extension 'cmake'
[0.169s] Level 1:colcon.colcon_core.package_identification:_identify(.) by extension 'python'
[0.169s] Level 1:colcon.colcon_core.package_identification:_identify(.) by extensions ['python_setup_py']
[0.169s] Level 1:colcon.colcon_core.package_identification:_identify(.) by extension 'python_setup_py'
[0.169s] Level 1:colcon.colcon_core.package_identification:_identify(build) by extensions ['ignore', 'ignore_ament_install']
[0.169s] Level 1:colcon.colcon_core.package_identification:_identify(build) by extension 'ignore'
[0.169s] Level 1:colcon.colcon_core.package_identification:_identify(build) ignored
[0.169s] Level 1:colcon.colcon_core.package_identification:_identify(install) by extensions ['ignore', 'ignore_ament_install']
[0.169s] Level 1:colcon.colcon_core.package_identification:_identify(install) by extension 'ignore'
[0.169s] Level 1:colcon.colcon_core.package_identification:_identify(install) ignored
[0.169s] Level 1:colcon.colcon_core.package_identification:_identify(log) by extensions ['ignore', 'ignore_ament_install']
[0.169s] Level 1:colcon.colcon_core.package_identification:_identify(log) by extension 'ignore'
[0.169s] Level 1:colcon.colcon_core.package_identification:_identify(log) ignored
[0.169s] Level 1:colcon.colcon_core.package_identification:_identify(src) by extensions ['ignore', 'ignore_ament_install']
[0.169s] Level 1:colcon.colcon_core.package_identification:_identify(src) by extension 'ignore'
[0.169s] Level 1:colcon.colcon_core.package_identification:_identify(src) by extension 'ignore_ament_install'
[0.169s] Level 1:colcon.colcon_core.package_identification:_identify(src) by extensions ['colcon_pkg']
[0.169s] Level 1:colcon.colcon_core.package_identification:_identify(src) by extension 'colcon_pkg'
[0.169s] Level 1:colcon.colcon_core.package_identification:_identify(src) by extensions ['colcon_meta']
[0.169s] Level 1:colcon.colcon_core.package_identification:_identify(src) by extension 'colcon_meta'
[0.169s] Level 1:colcon.colcon_core.package_identification:_identify(src) by extensions ['ros']
[0.169s] Level 1:colcon.colcon_core.package_identification:_identify(src) by extension 'ros'
[0.169s] Level 1:colcon.colcon_core.package_identification:_identify(src) by extensions ['cmake', 'python']
[0.169s] Level 1:colcon.colcon_core.package_identification:_identify(src) by extension 'cmake'
[0.169s] Level 1:colcon.colcon_core.package_identification:_identify(src) by extension 'python'
[0.169s] Level 1:colcon.colcon_core.package_identification:_identify(src) by extensions ['python_setup_py']
[0.169s] Level 1:colcon.colcon_core.package_identification:_identify(src) by extension 'python_setup_py'
[0.169s] Level 1:colcon.colcon_core.package_identification:_identify(src/RoboticsDev2024) by extensions ['ignore', 'ignore_ament_install']
[0.169s] Level 1:colcon.colcon_core.package_identification:_identify(src/RoboticsDev2024) by extension 'ignore'
[0.169s] Level 1:colcon.colcon_core.package_identification:_identify(src/RoboticsDev2024) by extension 'ignore_ament_install'
[0.169s] Level 1:colcon.colcon_core.package_identification:_identify(src/RoboticsDev2024) by extensions ['colcon_pkg']
[0.169s] Level 1:colcon.colcon_core.package_identification:_identify(src/RoboticsDev2024) by extension 'colcon_pkg'
[0.169s] Level 1:colcon.colcon_core.package_identification:_identify(src/RoboticsDev2024) by extensions ['colcon_meta']
[0.169s] Level 1:colcon.colcon_core.package_identification:_identify(src/RoboticsDev2024) by extension 'colcon_meta'
[0.169s] Level 1:colcon.colcon_core.package_identification:_identify(src/RoboticsDev2024) by extensions ['ros']
[0.169s] Level 1:colcon.colcon_core.package_identification:_identify(src/RoboticsDev2024) by extension 'ros'
[0.172s] DEBUG:colcon.colcon_core.package_identification:Package 'src/RoboticsDev2024' with type 'ros.ament_cmake' and name 'fun4_pkg'
[0.172s] Level 1:colcon.colcon_core.package_identification:_identify(src/fun4_interfaces) by extensions ['ignore', 'ignore_ament_install']
[0.172s] Level 1:colcon.colcon_core.package_identification:_identify(src/fun4_interfaces) by extension 'ignore'
[0.172s] Level 1:colcon.colcon_core.package_identification:_identify(src/fun4_interfaces) by extension 'ignore_ament_install'
[0.172s] Level 1:colcon.colcon_core.package_identification:_identify(src/fun4_interfaces) by extensions ['colcon_pkg']
[0.172s] Level 1:colcon.colcon_core.package_identification:_identify(src/fun4_interfaces) by extension 'colcon_pkg'
[0.172s] Level 1:colcon.colcon_core.package_identification:_identify(src/fun4_interfaces) by extensions ['colcon_meta']
[0.172s] Level 1:colcon.colcon_core.package_identification:_identify(src/fun4_interfaces) by extension 'colcon_meta'
[0.172s] Level 1:colcon.colcon_core.package_identification:_identify(src/fun4_interfaces) by extensions ['ros']
[0.172s] Level 1:colcon.colcon_core.package_identification:_identify(src/fun4_interfaces) by extension 'ros'
[0.172s] DEBUG:colcon.colcon_core.package_identification:Package 'src/fun4_interfaces' with type 'ros.ament_cmake' and name 'fun4_interfaces'
[0.172s] Level 1:colcon.colcon_core.package_discovery:discover_packages(recursive) using defaults
[0.172s] Level 1:colcon.colcon_core.package_discovery:discover_packages(ignore) discover
[0.172s] Level 1:colcon.colcon_core.package_discovery:discover_packages(ignore) using defaults
[0.172s] Level 1:colcon.colcon_core.package_discovery:discover_packages(path) discover
[0.172s] Level 1:colcon.colcon_core.package_discovery:discover_packages(path) using defaults
[0.187s] Level 1:colcon.colcon_core.package_discovery:discover_packages(prefix_path) check parameters
[0.187s] Level 1:colcon.colcon_core.package_discovery:discover_packages(prefix_path) discover
[0.189s] DEBUG:colcon.colcon_installed_package_information.package_discovery:Found 1 installed packages in /home/itoon/Documents/GitHub/ROS2-Exam-1/install
[0.189s] DEBUG:colcon.colcon_installed_package_information.package_discovery:Found 10 installed packages in /home/itoon/ros2_ws/install
[0.190s] DEBUG:colcon.colcon_installed_package_information.package_discovery:Found 2 installed packages in /home/itoon/RoboticsDev2024/RoboticsDev2024/install
[0.190s] DEBUG:colcon.colcon_installed_package_information.package_discovery:Found 313 installed packages in /opt/ros/humble
[0.191s] Level 1:colcon.colcon_core.package_discovery:discover_packages(prefix_path) using defaults
[0.218s] Level 5:colcon.colcon_core.verb:set package 'fun4_interfaces' build argument 'cmake_args' from command line to 'None'
[0.218s] Level 5:colcon.colcon_core.verb:set package 'fun4_interfaces' build argument 'cmake_target' from command line to 'None'
[0.218s] Level 5:colcon.colcon_core.verb:set package 'fun4_interfaces' build argument 'cmake_target_skip_unavailable' from command line to 'False'
[0.218s] Level 5:colcon.colcon_core.verb:set package 'fun4_interfaces' build argument 'cmake_clean_cache' from command line to 'False'
[0.218s] Level 5:colcon.colcon_core.verb:set package 'fun4_interfaces' build argument 'cmake_clean_first' from command line to 'False'
[0.218s] Level 5:colcon.colcon_core.verb:set package 'fun4_interfaces' build argument 'cmake_force_configure' from command line to 'False'
[0.218s] Level 5:colcon.colcon_core.verb:set package 'fun4_interfaces' build argument 'ament_cmake_args' from command line to 'None'
[0.218s] Level 5:colcon.colcon_core.verb:set package 'fun4_interfaces' build argument 'catkin_cmake_args' from command line to 'None'
[0.218s] Level 5:colcon.colcon_core.verb:set package 'fun4_interfaces' build argument 'catkin_skip_building_tests' from command line to 'False'
[0.218s] DEBUG:colcon.colcon_core.verb:Building package 'fun4_interfaces' with the following arguments: {'ament_cmake_args': None, 'build_base': '/home/itoon/Documents/GitHub/Fun4_RoboticDev/build/fun4_interfaces', 'catkin_cmake_args': None, 'catkin_skip_building_tests': False, 'cmake_args': None, 'cmake_clean_cache': False, 'cmake_clean_first': False, 'cmake_force_configure': False, 'cmake_target': None, 'cmake_target_skip_unavailable': False, 'install_base': '/home/itoon/Documents/GitHub/Fun4_RoboticDev/install/fun4_interfaces', 'merge_install': False, 'path': '/home/itoon/Documents/GitHub/Fun4_RoboticDev/src/fun4_interfaces', 'symlink_install': False, 'test_result_base': None}
[0.219s] Level 5:colcon.colcon_core.verb:set package 'fun4_pkg' build argument 'cmake_args' from command line to 'None'
[0.219s] Level 5:colcon.colcon_core.verb:set package 'fun4_pkg' build argument 'cmake_target' from command line to 'None'
[0.219s] Level 5:colcon.colcon_core.verb:set package 'fun4_pkg' build argument 'cmake_target_skip_unavailable' from command line to 'False'
[0.219s] Level 5:colcon.colcon_core.verb:set package 'fun4_pkg' build argument 'cmake_clean_cache' from command line to 'False'
[0.219s] Level 5:colcon.colcon_core.verb:set package 'fun4_pkg' build argument 'cmake_clean_first' from command line to 'False'
[0.219s] Level 5:colcon.colcon_core.verb:set package 'fun4_pkg' build argument 'cmake_force_configure' from command line to 'False'
[0.219s] Level 5:colcon.colcon_core.verb:set package 'fun4_pkg' build argument 'ament_cmake_args' from command line to 'None'
[0.219s] Level 5:colcon.colcon_core.verb:set package 'fun4_pkg' build argument 'catkin_cmake_args' from command line to 'None'
[0.219s] Level 5:colcon.colcon_core.verb:set package 'fun4_pkg' build argument 'catkin_skip_building_tests' from command line to 'False'
[0.219s] DEBUG:colcon.colcon_core.verb:Building package 'fun4_pkg' with the following arguments: {'ament_cmake_args': None, 'build_base': '/home/itoon/Documents/GitHub/Fun4_RoboticDev/build/fun4_pkg', 'catkin_cmake_args': None, 'catkin_skip_building_tests': False, 'cmake_args': None, 'cmake_clean_cache': False, 'cmake_clean_first': False, 'cmake_force_configure': False, 'cmake_target': None, 'cmake_target_skip_unavailable': False, 'install_base': '/home/itoon/Documents/GitHub/Fun4_RoboticDev/install/fun4_pkg', 'merge_install': False, 'path': '/home/itoon/Documents/GitHub/Fun4_RoboticDev/src/RoboticsDev2024', 'symlink_install': False, 'test_result_base': None}
[0.219s] INFO:colcon.colcon_core.executor:Executing jobs using 'parallel' executor
[0.219s] DEBUG:colcon.colcon_parallel_executor.executor.parallel:run_until_complete
[0.219s] INFO:colcon.colcon_ros.task.ament_cmake.build:Building ROS package in '/home/itoon/Documents/GitHub/Fun4_RoboticDev/src/fun4_interfaces' with build type 'ament_cmake'
[0.219s] INFO:colcon.colcon_cmake.task.cmake.build:Building CMake package in '/home/itoon/Documents/GitHub/Fun4_RoboticDev/src/fun4_interfaces'
[0.222s] INFO:colcon.colcon_core.plugin_system:Skipping extension 'colcon_core.shell.bat': Not used on non-Windows systems
[0.222s] INFO:colcon.colcon_core.shell:Skip shell extension 'powershell' for command environment: Not usable outside of PowerShell
[0.222s] DEBUG:colcon.colcon_core.shell:Skip shell extension 'dsv' for command environment
[0.225s] INFO:colcon.colcon_ros.task.ament_cmake.build:Building ROS package in '/home/itoon/Documents/GitHub/Fun4_RoboticDev/src/RoboticsDev2024' with build type 'ament_cmake'
[0.225s] INFO:colcon.colcon_cmake.task.cmake.build:Building CMake package in '/home/itoon/Documents/GitHub/Fun4_RoboticDev/src/RoboticsDev2024'
[0.225s] INFO:colcon.colcon_core.shell:Skip shell extension 'powershell' for command environment: Not usable outside of PowerShell
[0.225s] DEBUG:colcon.colcon_core.shell:Skip shell extension 'dsv' for command environment
[0.230s] DEBUG:colcon.colcon_core.event_handler.log_command:Invoking command in '/home/itoon/Documents/GitHub/Fun4_RoboticDev/build/fun4_interfaces': CMAKE_PREFIX_PATH=${CMAKE_PREFIX_PATH}:/opt/ros/humble /usr/bin/cmake --build /home/itoon/Documents/GitHub/Fun4_RoboticDev/build/fun4_interfaces -- -j20 -l20
[0.233s] DEBUG:colcon.colcon_core.event_handler.log_command:Invoking command in '/home/itoon/Documents/GitHub/Fun4_RoboticDev/build/fun4_pkg': CMAKE_PREFIX_PATH=${CMAKE_PREFIX_PATH}:/opt/ros/humble /usr/bin/cmake --build /home/itoon/Documents/GitHub/Fun4_RoboticDev/build/fun4_pkg -- -j20 -l20
[0.441s] DEBUG:colcon.colcon_core.event_handler.log_command:Invoked command in '/home/itoon/Documents/GitHub/Fun4_RoboticDev/build/fun4_pkg' returned '0': CMAKE_PREFIX_PATH=${CMAKE_PREFIX_PATH}:/opt/ros/humble /usr/bin/cmake --build /home/itoon/Documents/GitHub/Fun4_RoboticDev/build/fun4_pkg -- -j20 -l20
[0.444s] DEBUG:colcon.colcon_core.event_handler.log_command:Invoked command in '/home/itoon/Documents/GitHub/Fun4_RoboticDev/build/fun4_interfaces' returned '0': CMAKE_PREFIX_PATH=${CMAKE_PREFIX_PATH}:/opt/ros/humble /usr/bin/cmake --build /home/itoon/Documents/GitHub/Fun4_RoboticDev/build/fun4_interfaces -- -j20 -l20
[0.465s] DEBUG:colcon.colcon_core.event_handler.log_command:Invoking command in '/home/itoon/Documents/GitHub/Fun4_RoboticDev/build/fun4_pkg': CMAKE_PREFIX_PATH=${CMAKE_PREFIX_PATH}:/opt/ros/humble /usr/bin/cmake --install /home/itoon/Documents/GitHub/Fun4_RoboticDev/build/fun4_pkg
[0.487s] DEBUG:colcon.colcon_core.event_handler.log_command:Invoking command in '/home/itoon/Documents/GitHub/Fun4_RoboticDev/build/fun4_interfaces': CMAKE_PREFIX_PATH=${CMAKE_PREFIX_PATH}:/opt/ros/humble /usr/bin/cmake --install /home/itoon/Documents/GitHub/Fun4_RoboticDev/build/fun4_interfaces
[0.497s] Level 1:colcon.colcon_core.environment:create_environment_scripts_only(fun4_pkg)
[0.497s] DEBUG:colcon.colcon_core.event_handler.log_command:Invoked command in '/home/itoon/Documents/GitHub/Fun4_RoboticDev/build/fun4_pkg' returned '0': CMAKE_PREFIX_PATH=${CMAKE_PREFIX_PATH}:/opt/ros/humble /usr/bin/cmake --install /home/itoon/Documents/GitHub/Fun4_RoboticDev/build/fun4_pkg
[0.501s] Level 1:colcon.colcon_core.environment:checking '/home/itoon/Documents/GitHub/Fun4_RoboticDev/install/fun4_pkg' for CMake module files
[0.502s] Level 1:colcon.colcon_core.environment:checking '/home/itoon/Documents/GitHub/Fun4_RoboticDev/install/fun4_pkg' for CMake config files
[0.502s] Level 1:colcon.colcon_core.shell:create_environment_hook('fun4_pkg', 'cmake_prefix_path')
[0.503s] INFO:colcon.colcon_core.shell:Creating environment hook '/home/itoon/Documents/GitHub/Fun4_RoboticDev/install/fun4_pkg/share/fun4_pkg/hook/cmake_prefix_path.ps1'
[0.503s] INFO:colcon.colcon_core.shell:Creating environment descriptor '/home/itoon/Documents/GitHub/Fun4_RoboticDev/install/fun4_pkg/share/fun4_pkg/hook/cmake_prefix_path.dsv'
[0.504s] INFO:colcon.colcon_core.shell:Creating environment hook '/home/itoon/Documents/GitHub/Fun4_RoboticDev/install/fun4_pkg/share/fun4_pkg/hook/cmake_prefix_path.sh'
[0.505s] Level 1:colcon.colcon_core.environment:checking '/home/itoon/Documents/GitHub/Fun4_RoboticDev/install/fun4_pkg/lib'
[0.505s] Level 1:colcon.colcon_core.environment:checking '/home/itoon/Documents/GitHub/Fun4_RoboticDev/install/fun4_pkg/bin'
[0.505s] Level 1:colcon.colcon_core.environment:checking '/home/itoon/Documents/GitHub/Fun4_RoboticDev/install/fun4_pkg/lib/pkgconfig/fun4_pkg.pc'
[0.505s] Level 1:colcon.colcon_core.environment:checking '/home/itoon/Documents/GitHub/Fun4_RoboticDev/install/fun4_pkg/lib/python3.10/site-packages'
[0.505s] Level 1:colcon.colcon_core.environment:checking '/home/itoon/Documents/GitHub/Fun4_RoboticDev/install/fun4_pkg/bin'
[0.505s] INFO:colcon.colcon_core.shell:Creating package script '/home/itoon/Documents/GitHub/Fun4_RoboticDev/install/fun4_pkg/share/fun4_pkg/package.ps1'
[0.506s] INFO:colcon.colcon_core.shell:Creating package descriptor '/home/itoon/Documents/GitHub/Fun4_RoboticDev/install/fun4_pkg/share/fun4_pkg/package.dsv'
[0.507s] INFO:colcon.colcon_core.shell:Creating package script '/home/itoon/Documents/GitHub/Fun4_RoboticDev/install/fun4_pkg/share/fun4_pkg/package.sh'
[0.507s] INFO:colcon.colcon_core.shell:Creating package script '/home/itoon/Documents/GitHub/Fun4_RoboticDev/install/fun4_pkg/share/fun4_pkg/package.bash'
[0.508s] INFO:colcon.colcon_core.shell:Creating package script '/home/itoon/Documents/GitHub/Fun4_RoboticDev/install/fun4_pkg/share/fun4_pkg/package.zsh'
[0.508s] Level 1:colcon.colcon_core.environment:create_file_with_runtime_dependencies(/home/itoon/Documents/GitHub/Fun4_RoboticDev/install/fun4_pkg/share/colcon-core/packages/fun4_pkg)
[0.527s] Level 1:colcon.colcon_core.environment:create_environment_scripts_only(fun4_pkg)
[0.527s] Level 1:colcon.colcon_core.environment:checking '/home/itoon/Documents/GitHub/Fun4_RoboticDev/install/fun4_pkg' for CMake module files
[0.527s] Level 1:colcon.colcon_core.environment:checking '/home/itoon/Documents/GitHub/Fun4_RoboticDev/install/fun4_pkg' for CMake config files
[0.527s] Level 1:colcon.colcon_core.shell:create_environment_hook('fun4_pkg', 'cmake_prefix_path')
[0.527s] INFO:colcon.colcon_core.shell:Creating environment hook '/home/itoon/Documents/GitHub/Fun4_RoboticDev/install/fun4_pkg/share/fun4_pkg/hook/cmake_prefix_path.ps1'
[0.528s] INFO:colcon.colcon_core.shell:Creating environment descriptor '/home/itoon/Documents/GitHub/Fun4_RoboticDev/install/fun4_pkg/share/fun4_pkg/hook/cmake_prefix_path.dsv'
[0.528s] INFO:colcon.colcon_core.shell:Creating environment hook '/home/itoon/Documents/GitHub/Fun4_RoboticDev/install/fun4_pkg/share/fun4_pkg/hook/cmake_prefix_path.sh'
[0.528s] Level 1:colcon.colcon_core.environment:checking '/home/itoon/Documents/GitHub/Fun4_RoboticDev/install/fun4_pkg/lib'
[0.528s] Level 1:colcon.colcon_core.environment:checking '/home/itoon/Documents/GitHub/Fun4_RoboticDev/install/fun4_pkg/bin'
[0.528s] Level 1:colcon.colcon_core.environment:checking '/home/itoon/Documents/GitHub/Fun4_RoboticDev/install/fun4_pkg/lib/pkgconfig/fun4_pkg.pc'
[0.528s] Level 1:colcon.colcon_core.environment:checking '/home/itoon/Documents/GitHub/Fun4_RoboticDev/install/fun4_pkg/lib/python3.10/site-packages'
[0.528s] Level 1:colcon.colcon_core.environment:checking '/home/itoon/Documents/GitHub/Fun4_RoboticDev/install/fun4_pkg/bin'
[0.528s] INFO:colcon.colcon_core.shell:Creating package script '/home/itoon/Documents/GitHub/Fun4_RoboticDev/install/fun4_pkg/share/fun4_pkg/package.ps1'
[0.529s] INFO:colcon.colcon_core.shell:Creating package descriptor '/home/itoon/Documents/GitHub/Fun4_RoboticDev/install/fun4_pkg/share/fun4_pkg/package.dsv'
[0.529s] INFO:colcon.colcon_core.shell:Creating package script '/home/itoon/Documents/GitHub/Fun4_RoboticDev/install/fun4_pkg/share/fun4_pkg/package.sh'
[0.529s] INFO:colcon.colcon_core.shell:Creating package script '/home/itoon/Documents/GitHub/Fun4_RoboticDev/install/fun4_pkg/share/fun4_pkg/package.bash'
[0.529s] INFO:colcon.colcon_core.shell:Creating package script '/home/itoon/Documents/GitHub/Fun4_RoboticDev/install/fun4_pkg/share/fun4_pkg/package.zsh'
[0.529s] Level 1:colcon.colcon_core.environment:create_file_with_runtime_dependencies(/home/itoon/Documents/GitHub/Fun4_RoboticDev/install/fun4_pkg/share/colcon-core/packages/fun4_pkg)
[0.530s] Level 1:colcon.colcon_core.environment:create_environment_scripts_only(fun4_interfaces)
[0.530s] DEBUG:colcon.colcon_core.event_handler.log_command:Invoked command in '/home/itoon/Documents/GitHub/Fun4_RoboticDev/build/fun4_interfaces' returned '0': CMAKE_PREFIX_PATH=${CMAKE_PREFIX_PATH}:/opt/ros/humble /usr/bin/cmake --install /home/itoon/Documents/GitHub/Fun4_RoboticDev/build/fun4_interfaces
[0.530s] Level 1:colcon.colcon_core.environment:checking '/home/itoon/Documents/GitHub/Fun4_RoboticDev/install/fun4_interfaces' for CMake module files
[0.531s] Level 1:colcon.colcon_core.environment:checking '/home/itoon/Documents/GitHub/Fun4_RoboticDev/install/fun4_interfaces' for CMake config files
[0.531s] Level 1:colcon.colcon_core.shell:create_environment_hook('fun4_interfaces', 'cmake_prefix_path')
[0.532s] INFO:colcon.colcon_core.shell:Creating environment hook '/home/itoon/Documents/GitHub/Fun4_RoboticDev/install/fun4_interfaces/share/fun4_interfaces/hook/cmake_prefix_path.ps1'
[0.532s] INFO:colcon.colcon_core.shell:Creating environment descriptor '/home/itoon/Documents/GitHub/Fun4_RoboticDev/install/fun4_interfaces/share/fun4_interfaces/hook/cmake_prefix_path.dsv'
[0.532s] INFO:colcon.colcon_core.shell:Creating environment hook '/home/itoon/Documents/GitHub/Fun4_RoboticDev/install/fun4_interfaces/share/fun4_interfaces/hook/cmake_prefix_path.sh'
[0.533s] Level 1:colcon.colcon_core.environment:checking '/home/itoon/Documents/GitHub/Fun4_RoboticDev/install/fun4_interfaces/lib'
[0.533s] Level 1:colcon.colcon_core.shell:create_environment_hook('fun4_interfaces', 'ld_library_path_lib')
[0.533s] INFO:colcon.colcon_core.shell:Creating environment hook '/home/itoon/Documents/GitHub/Fun4_RoboticDev/install/fun4_interfaces/share/fun4_interfaces/hook/ld_library_path_lib.ps1'
[0.533s] INFO:colcon.colcon_core.shell:Creating environment descriptor '/home/itoon/Documents/GitHub/Fun4_RoboticDev/install/fun4_interfaces/share/fun4_interfaces/hook/ld_library_path_lib.dsv'
[0.533s] INFO:colcon.colcon_core.shell:Creating environment hook '/home/itoon/Documents/GitHub/Fun4_RoboticDev/install/fun4_interfaces/share/fun4_interfaces/hook/ld_library_path_lib.sh'
[0.533s] Level 1:colcon.colcon_core.environment:checking '/home/itoon/Documents/GitHub/Fun4_RoboticDev/install/fun4_interfaces/bin'
[0.533s] Level 1:colcon.colcon_core.environment:checking '/home/itoon/Documents/GitHub/Fun4_RoboticDev/install/fun4_interfaces/lib/pkgconfig/fun4_interfaces.pc'
[0.533s] Level 1:colcon.colcon_core.environment:checking '/home/itoon/Documents/GitHub/Fun4_RoboticDev/install/fun4_interfaces/lib/python3.10/site-packages'
[0.534s] Level 1:colcon.colcon_core.environment:checking '/home/itoon/Documents/GitHub/Fun4_RoboticDev/install/fun4_interfaces/bin'
[0.534s] INFO:colcon.colcon_core.shell:Creating package script '/home/itoon/Documents/GitHub/Fun4_RoboticDev/install/fun4_interfaces/share/fun4_interfaces/package.ps1'
[0.534s] INFO:colcon.colcon_core.shell:Creating package descriptor '/home/itoon/Documents/GitHub/Fun4_RoboticDev/install/fun4_interfaces/share/fun4_interfaces/package.dsv'
[0.534s] INFO:colcon.colcon_core.shell:Creating package script '/home/itoon/Documents/GitHub/Fun4_RoboticDev/install/fun4_interfaces/share/fun4_interfaces/package.sh'
[0.534s] INFO:colcon.colcon_core.shell:Creating package script '/home/itoon/Documents/GitHub/Fun4_RoboticDev/install/fun4_interfaces/share/fun4_interfaces/package.bash'
[0.534s] INFO:colcon.colcon_core.shell:Creating package script '/home/itoon/Documents/GitHub/Fun4_RoboticDev/install/fun4_interfaces/share/fun4_interfaces/package.zsh'
[0.534s] Level 1:colcon.colcon_core.environment:create_file_with_runtime_dependencies(/home/itoon/Documents/GitHub/Fun4_RoboticDev/install/fun4_interfaces/share/colcon-core/packages/fun4_interfaces)
[0.583s] Level 1:colcon.colcon_core.environment:create_environment_scripts_only(fun4_interfaces)
[0.583s] Level 1:colcon.colcon_core.environment:checking '/home/itoon/Documents/GitHub/Fun4_RoboticDev/install/fun4_interfaces' for CMake module files
[0.583s] Level 1:colcon.colcon_core.environment:checking '/home/itoon/Documents/GitHub/Fun4_RoboticDev/install/fun4_interfaces' for CMake config files
[0.583s] Level 1:colcon.colcon_core.shell:create_environment_hook('fun4_interfaces', 'cmake_prefix_path')
[0.583s] INFO:colcon.colcon_core.shell:Creating environment hook '/home/itoon/Documents/GitHub/Fun4_RoboticDev/install/fun4_interfaces/share/fun4_interfaces/hook/cmake_prefix_path.ps1'
[0.584s] INFO:colcon.colcon_core.shell:Creating environment descriptor '/home/itoon/Documents/GitHub/Fun4_RoboticDev/install/fun4_interfaces/share/fun4_interfaces/hook/cmake_prefix_path.dsv'
[0.584s] INFO:colcon.colcon_core.shell:Creating environment hook '/home/itoon/Documents/GitHub/Fun4_RoboticDev/install/fun4_interfaces/share/fun4_interfaces/hook/cmake_prefix_path.sh'
[0.584s] Level 1:colcon.colcon_core.environment:checking '/home/itoon/Documents/GitHub/Fun4_RoboticDev/install/fun4_interfaces/lib'
[0.584s] Level 1:colcon.colcon_core.shell:create_environment_hook('fun4_interfaces', 'ld_library_path_lib')
[0.584s] INFO:colcon.colcon_core.shell:Creating environment hook '/home/itoon/Documents/GitHub/Fun4_RoboticDev/install/fun4_interfaces/share/fun4_interfaces/hook/ld_library_path_lib.ps1'
[0.584s] INFO:colcon.colcon_core.shell:Creating environment descriptor '/home/itoon/Documents/GitHub/Fun4_RoboticDev/install/fun4_interfaces/share/fun4_interfaces/hook/ld_library_path_lib.dsv'
[0.585s] INFO:colcon.colcon_core.shell:Creating environment hook '/home/itoon/Documents/GitHub/Fun4_RoboticDev/install/fun4_interfaces/share/fun4_interfaces/hook/ld_library_path_lib.sh'
[0.585s] Level 1:colcon.colcon_core.environment:checking '/home/itoon/Documents/GitHub/Fun4_RoboticDev/install/fun4_interfaces/bin'
[0.585s] Level 1:colcon.colcon_core.environment:checking '/home/itoon/Documents/GitHub/Fun4_RoboticDev/install/fun4_interfaces/lib/pkgconfig/fun4_interfaces.pc'
[0.585s] Level 1:colcon.colcon_core.environment:checking '/home/itoon/Documents/GitHub/Fun4_RoboticDev/install/fun4_interfaces/lib/python3.10/site-packages'
[0.585s] Level 1:colcon.colcon_core.environment:checking '/home/itoon/Documents/GitHub/Fun4_RoboticDev/install/fun4_interfaces/bin'
[0.585s] INFO:colcon.colcon_core.shell:Creating package script '/home/itoon/Documents/GitHub/Fun4_RoboticDev/install/fun4_interfaces/share/fun4_interfaces/package.ps1'
[0.586s] INFO:colcon.colcon_core.shell:Creating package descriptor '/home/itoon/Documents/GitHub/Fun4_RoboticDev/install/fun4_interfaces/share/fun4_interfaces/package.dsv'
[0.586s] INFO:colcon.colcon_core.shell:Creating package script '/home/itoon/Documents/GitHub/Fun4_RoboticDev/install/fun4_interfaces/share/fun4_interfaces/package.sh'
[0.586s] INFO:colcon.colcon_core.shell:Creating package script '/home/itoon/Documents/GitHub/Fun4_RoboticDev/install/fun4_interfaces/share/fun4_interfaces/package.bash'
[0.586s] INFO:colcon.colcon_core.shell:Creating package script '/home/itoon/Documents/GitHub/Fun4_RoboticDev/install/fun4_interfaces/share/fun4_interfaces/package.zsh'
[0.586s] Level 1:colcon.colcon_core.environment:create_file_with_runtime_dependencies(/home/itoon/Documents/GitHub/Fun4_RoboticDev/install/fun4_interfaces/share/colcon-core/packages/fun4_interfaces)
[0.586s] DEBUG:colcon.colcon_parallel_executor.executor.parallel:closing loop
[0.587s] DEBUG:colcon.colcon_parallel_executor.executor.parallel:loop closed
[0.587s] DEBUG:colcon.colcon_parallel_executor.executor.parallel:run_until_complete finished with '0'
[0.587s] DEBUG:colcon.colcon_core.event_reactor:joining thread
[0.590s] INFO:colcon.colcon_core.plugin_system:Skipping extension 'colcon_notification.desktop_notification.terminal_notifier': Not used on non-Darwin systems
[0.590s] INFO:colcon.colcon_core.plugin_system:Skipping extension 'colcon_notification.desktop_notification.win32': Not used on non-Windows systems
[0.590s] INFO:colcon.colcon_notification.desktop_notification:Sending desktop notification using 'notify2'
[0.601s] DEBUG:colcon.colcon_core.event_reactor:joined thread
[0.601s] INFO:colcon.colcon_core.shell:Creating prefix script '/home/itoon/Documents/GitHub/Fun4_RoboticDev/install/local_setup.ps1'
[0.602s] INFO:colcon.colcon_core.shell:Creating prefix util module '/home/itoon/Documents/GitHub/Fun4_RoboticDev/install/_local_setup_util_ps1.py'
[0.603s] INFO:colcon.colcon_core.shell:Creating prefix chain script '/home/itoon/Documents/GitHub/Fun4_RoboticDev/install/setup.ps1'
[0.604s] INFO:colcon.colcon_core.shell:Creating prefix script '/home/itoon/Documents/GitHub/Fun4_RoboticDev/install/local_setup.sh'
[0.604s] INFO:colcon.colcon_core.shell:Creating prefix util module '/home/itoon/Documents/GitHub/Fun4_RoboticDev/install/_local_setup_util_sh.py'
[0.604s] INFO:colcon.colcon_core.shell:Creating prefix chain script '/home/itoon/Documents/GitHub/Fun4_RoboticDev/install/setup.sh'
[0.605s] INFO:colcon.colcon_core.shell:Creating prefix script '/home/itoon/Documents/GitHub/Fun4_RoboticDev/install/local_setup.bash'
[0.605s] INFO:colcon.colcon_core.shell:Creating prefix chain script '/home/itoon/Documents/GitHub/Fun4_RoboticDev/install/setup.bash'
[0.606s] INFO:colcon.colcon_core.shell:Creating prefix script '/home/itoon/Documents/GitHub/Fun4_RoboticDev/install/local_setup.zsh'
[0.606s] INFO:colcon.colcon_core.shell:Creating prefix chain script '/home/itoon/Documents/GitHub/Fun4_RoboticDev/install/setup.zsh'
