[0.013s] Invoking command in '/home/itoon/Documents/GitHub/Fun4_RoboticDev/build/fun4_pkg': CMAKE_PREFIX_PATH=${CMAKE_PREFIX_PATH}:/opt/ros/humble /usr/bin/cmake --build /home/itoon/Documents/GitHub/Fun4_RoboticDev/build/fun4_pkg -- -j20 -l20
[0.031s] -- Found ament_cmake: 1.3.10 (/opt/ros/humble/share/ament_cmake/cmake)
[0.112s] -- Found rclcpp: 16.0.10 (/opt/ros/humble/share/rclcpp/cmake)
[0.127s] -- Found rosidl_generator_c: 3.1.5 (/opt/ros/humble/share/rosidl_generator_c/cmake)
[0.129s] -- Found rosidl_adapter: 3.1.5 (/opt/ros/humble/share/rosidl_adapter/cmake)
[0.132s] -- Found rosidl_generator_cpp: 3.1.5 (/opt/ros/humble/share/rosidl_generator_cpp/cmake)
[0.137s] -- Using all available rosidl_typesupport_c: rosidl_typesupport_fastrtps_c;rosidl_typesupport_introspection_c
[0.143s] -- Using all available rosidl_typesupport_cpp: rosidl_typesupport_fastrtps_cpp;rosidl_typesupport_introspection_cpp
[0.159s] -- Found rmw_implementation_cmake: 6.1.2 (/opt/ros/humble/share/rmw_implementation_cmake/cmake)
[0.160s] -- Found rmw_fastrtps_cpp: 6.2.7 (/opt/ros/humble/share/rmw_fastrtps_cpp/cmake)
[0.225s] -- Using RMW implementation 'rmw_fastrtps_cpp' as default
[0.250s] -- Found rclpy: 3.3.14 (/opt/ros/humble/share/rclpy/cmake)
[0.330s] -- Configuring done
[0.334s] -- Generating done
[0.335s] -- Build files have been written to: /home/itoon/Documents/GitHub/Fun4_RoboticDev/build/fun4_pkg
[0.352s] [35m[1mConsolidate compiler generated dependencies of target cpp_node_test[0m
[0.360s] [100%] Built target cpp_node_test
[0.364s] [100%] Built target ament_cmake_python_copy_fun4_pkg
[0.493s] running egg_info
[0.493s] writing fun4_pkg.egg-info/PKG-INFO
[0.493s] writing dependency_links to fun4_pkg.egg-info/dependency_links.txt
[0.493s] writing top-level names to fun4_pkg.egg-info/top_level.txt
[0.494s] reading manifest file 'fun4_pkg.egg-info/SOURCES.txt'
[0.494s] writing manifest file 'fun4_pkg.egg-info/SOURCES.txt'
[0.511s] [100%] Built target ament_cmake_python_build_fun4_pkg_egg
