[0.007s] Invoking command in '/home/itoon/Documents/GitHub/Fun4_RoboticDev/build/fun4_pkg': CMAKE_PREFIX_PATH=${CMAKE_PREFIX_PATH}:/opt/ros/humble /usr/bin/cmake /home/itoon/Documents/GitHub/Fun4_RoboticDev/src/RoboticsDev2024 -DCMAKE_INSTALL_PREFIX=/home/itoon/Documents/GitHub/Fun4_RoboticDev/install/fun4_pkg
[0.120s] -- The C compiler identification is GNU 11.4.0
[0.180s] -- The CXX compiler identification is GNU 11.4.0
[0.186s] -- Detecting C compiler ABI info
[0.236s] -- Detecting C compiler ABI info - done
[0.241s] -- Check for working C compiler: /usr/bin/cc - skipped
[0.241s] -- Detecting C compile features
[0.241s] -- Detecting C compile features - done
[0.243s] -- Detecting CXX compiler ABI info
[0.295s] -- Detecting CXX compiler ABI info - done
[0.299s] -- Check for working CXX compiler: /usr/bin/c++ - skipped
[0.299s] -- Detecting CXX compile features
[0.299s] -- Detecting CXX compile features - done
[0.302s] -- Found ament_cmake: 1.3.10 (/opt/ros/humble/share/ament_cmake/cmake)
[0.418s] -- Found Python3: /usr/bin/python3 (found version "3.10.12") found components: Interpreter 
[0.488s] -- Found rclcpp: 16.0.10 (/opt/ros/humble/share/rclcpp/cmake)
[0.525s] -- Found rosidl_generator_c: 3.1.5 (/opt/ros/humble/share/rosidl_generator_c/cmake)
[0.529s] -- Found rosidl_adapter: 3.1.5 (/opt/ros/humble/share/rosidl_adapter/cmake)
[0.537s] -- Found rosidl_generator_cpp: 3.1.5 (/opt/ros/humble/share/rosidl_generator_cpp/cmake)
[0.547s] -- Using all available rosidl_typesupport_c: rosidl_typesupport_fastrtps_c;rosidl_typesupport_introspection_c
[0.560s] -- Using all available rosidl_typesupport_cpp: rosidl_typesupport_fastrtps_cpp;rosidl_typesupport_introspection_cpp
[0.600s] -- Found rmw_implementation_cmake: 6.1.2 (/opt/ros/humble/share/rmw_implementation_cmake/cmake)
[0.602s] -- Found rmw_fastrtps_cpp: 6.2.7 (/opt/ros/humble/share/rmw_fastrtps_cpp/cmake)
[0.668s] -- Found OpenSSL: /usr/lib/x86_64-linux-gnu/libcrypto.so (found version "3.0.2")  
[0.684s] -- Found FastRTPS: /opt/ros/humble/include  
[0.707s] -- Using RMW implementation 'rmw_fastrtps_cpp' as default
[0.714s] -- Looking for pthread.h
[0.768s] -- Looking for pthread.h - found
[0.769s] -- Performing Test CMAKE_HAVE_LIBC_PTHREAD
[0.814s] -- Performing Test CMAKE_HAVE_LIBC_PTHREAD - Success
[0.814s] -- Found Threads: TRUE  
[0.852s] -- Found rclpy: 3.3.14 (/opt/ros/humble/share/rclpy/cmake)
[0.947s] -- Configuring done
[0.951s] -- Generating done
[0.952s] -- Build files have been written to: /home/itoon/Documents/GitHub/Fun4_RoboticDev/build/fun4_pkg
[0.960s] Invoked command in '/home/itoon/Documents/GitHub/Fun4_RoboticDev/build/fun4_pkg' returned '0': CMAKE_PREFIX_PATH=${CMAKE_PREFIX_PATH}:/opt/ros/humble /usr/bin/cmake /home/itoon/Documents/GitHub/Fun4_RoboticDev/src/RoboticsDev2024 -DCMAKE_INSTALL_PREFIX=/home/itoon/Documents/GitHub/Fun4_RoboticDev/install/fun4_pkg
[0.960s] Invoking command in '/home/itoon/Documents/GitHub/Fun4_RoboticDev/build/fun4_pkg': CMAKE_PREFIX_PATH=${CMAKE_PREFIX_PATH}:/opt/ros/humble /usr/bin/cmake --build /home/itoon/Documents/GitHub/Fun4_RoboticDev/build/fun4_pkg -- -j20 -l20
[0.993s] [ 50%] [32mBuilding CXX object CMakeFiles/cpp_node_test.dir/src/cpp_node.cpp.o[0m
[0.998s] [ 50%] Built target ament_cmake_python_copy_fun4_pkg
[1.138s] running egg_info
[1.138s] creating fun4_pkg.egg-info
[1.138s] writing fun4_pkg.egg-info/PKG-INFO
[1.138s] writing dependency_links to fun4_pkg.egg-info/dependency_links.txt
[1.138s] writing top-level names to fun4_pkg.egg-info/top_level.txt
[1.138s] writing manifest file 'fun4_pkg.egg-info/SOURCES.txt'
[1.139s] reading manifest file 'fun4_pkg.egg-info/SOURCES.txt'
[1.140s] writing manifest file 'fun4_pkg.egg-info/SOURCES.txt'
[1.160s] [ 50%] Built target ament_cmake_python_build_fun4_pkg_egg
[1.194s] [100%] [32m[1mLinking CXX executable cpp_node_test[0m
[1.258s] [100%] Built target cpp_node_test
[1.265s] Invoked command in '/home/itoon/Documents/GitHub/Fun4_RoboticDev/build/fun4_pkg' returned '0': CMAKE_PREFIX_PATH=${CMAKE_PREFIX_PATH}:/opt/ros/humble /usr/bin/cmake --build /home/itoon/Documents/GitHub/Fun4_RoboticDev/build/fun4_pkg -- -j20 -l20
[1.285s] Invoking command in '/home/itoon/Documents/GitHub/Fun4_RoboticDev/build/fun4_pkg': CMAKE_PREFIX_PATH=${CMAKE_PREFIX_PATH}:/opt/ros/humble /usr/bin/cmake --install /home/itoon/Documents/GitHub/Fun4_RoboticDev/build/fun4_pkg
[1.290s] -- Install configuration: ""
[1.290s] -- Installing: /home/itoon/Documents/GitHub/Fun4_RoboticDev/install/fun4_pkg/share/fun4_pkg/environment/pythonpath.sh
[1.290s] -- Installing: /home/itoon/Documents/GitHub/Fun4_RoboticDev/install/fun4_pkg/share/fun4_pkg/environment/pythonpath.dsv
[1.290s] -- Installing: /home/itoon/Documents/GitHub/Fun4_RoboticDev/install/fun4_pkg/local/lib/python3.10/dist-packages/fun4_pkg-0.0.0-py3.10.egg-info
[1.291s] -- Installing: /home/itoon/Documents/GitHub/Fun4_RoboticDev/install/fun4_pkg/local/lib/python3.10/dist-packages/fun4_pkg-0.0.0-py3.10.egg-info/dependency_links.txt
[1.291s] -- Installing: /home/itoon/Documents/GitHub/Fun4_RoboticDev/install/fun4_pkg/local/lib/python3.10/dist-packages/fun4_pkg-0.0.0-py3.10.egg-info/top_level.txt
[1.291s] -- Installing: /home/itoon/Documents/GitHub/Fun4_RoboticDev/install/fun4_pkg/local/lib/python3.10/dist-packages/fun4_pkg-0.0.0-py3.10.egg-info/PKG-INFO
[1.291s] -- Installing: /home/itoon/Documents/GitHub/Fun4_RoboticDev/install/fun4_pkg/local/lib/python3.10/dist-packages/fun4_pkg-0.0.0-py3.10.egg-info/SOURCES.txt
[1.291s] -- Installing: /home/itoon/Documents/GitHub/Fun4_RoboticDev/install/fun4_pkg/local/lib/python3.10/dist-packages/fun4_pkg
[1.291s] -- Installing: /home/itoon/Documents/GitHub/Fun4_RoboticDev/install/fun4_pkg/local/lib/python3.10/dist-packages/fun4_pkg/__init__.py
[1.291s] -- Installing: /home/itoon/Documents/GitHub/Fun4_RoboticDev/install/fun4_pkg/local/lib/python3.10/dist-packages/fun4_pkg/dummy_module.py
[1.317s] Listing '/home/itoon/Documents/GitHub/Fun4_RoboticDev/install/fun4_pkg/local/lib/python3.10/dist-packages/fun4_pkg'...
[1.317s] Compiling '/home/itoon/Documents/GitHub/Fun4_RoboticDev/install/fun4_pkg/local/lib/python3.10/dist-packages/fun4_pkg/__init__.py'...
[1.318s] Compiling '/home/itoon/Documents/GitHub/Fun4_RoboticDev/install/fun4_pkg/local/lib/python3.10/dist-packages/fun4_pkg/dummy_module.py'...
[1.321s] -- Installing: /home/itoon/Documents/GitHub/Fun4_RoboticDev/install/fun4_pkg/lib/fun4_pkg/dummy_script.py
[1.321s] -- Installing: /home/itoon/Documents/GitHub/Fun4_RoboticDev/install/fun4_pkg/lib/fun4_pkg/mode_service.py
[1.321s] -- Installing: /home/itoon/Documents/GitHub/Fun4_RoboticDev/install/fun4_pkg/lib/fun4_pkg/check.py
[1.321s] -- Installing: /home/itoon/Documents/GitHub/Fun4_RoboticDev/install/fun4_pkg/lib/fun4_pkg/random_target.py
[1.321s] -- Installing: /home/itoon/Documents/GitHub/Fun4_RoboticDev/install/fun4_pkg/lib/fun4_pkg/jointstate.py
[1.321s] -- Installing: /home/itoon/Documents/GitHub/Fun4_RoboticDev/install/fun4_pkg/lib/fun4_pkg/teleoperation.py
[1.321s] -- Installing: /home/itoon/Documents/GitHub/Fun4_RoboticDev/install/fun4_pkg/lib/fun4_pkg/cpp_node_test
[1.321s] -- Set runtime path of "/home/itoon/Documents/GitHub/Fun4_RoboticDev/install/fun4_pkg/lib/fun4_pkg/cpp_node_test" to ""
[1.322s] -- Installing: /home/itoon/Documents/GitHub/Fun4_RoboticDev/install/fun4_pkg/share/fun4_pkg/config
[1.322s] -- Installing: /home/itoon/Documents/GitHub/Fun4_RoboticDev/install/fun4_pkg/share/fun4_pkg/config/display.rviz
[1.322s] -- Installing: /home/itoon/Documents/GitHub/Fun4_RoboticDev/install/fun4_pkg/share/fun4_pkg/launch
[1.322s] -- Installing: /home/itoon/Documents/GitHub/Fun4_RoboticDev/install/fun4_pkg/share/fun4_pkg/launch/simple_display.launch.py
[1.322s] -- Installing: /home/itoon/Documents/GitHub/Fun4_RoboticDev/install/fun4_pkg/share/fun4_pkg/launch/fun.launch.py
[1.322s] -- Installing: /home/itoon/Documents/GitHub/Fun4_RoboticDev/install/fun4_pkg/share/fun4_pkg/meshes
[1.322s] -- Installing: /home/itoon/Documents/GitHub/Fun4_RoboticDev/install/fun4_pkg/share/fun4_pkg/meshes/link_0.stl
[1.322s] -- Installing: /home/itoon/Documents/GitHub/Fun4_RoboticDev/install/fun4_pkg/share/fun4_pkg/meshes/end_effector.stl
[1.322s] -- Installing: /home/itoon/Documents/GitHub/Fun4_RoboticDev/install/fun4_pkg/share/fun4_pkg/meshes/link_3.stl
[1.322s] -- Installing: /home/itoon/Documents/GitHub/Fun4_RoboticDev/install/fun4_pkg/share/fun4_pkg/meshes/link_1.stl
[1.323s] -- Installing: /home/itoon/Documents/GitHub/Fun4_RoboticDev/install/fun4_pkg/share/fun4_pkg/meshes/link_2.stl
[1.323s] -- Installing: /home/itoon/Documents/GitHub/Fun4_RoboticDev/install/fun4_pkg/share/fun4_pkg/robot
[1.323s] -- Installing: /home/itoon/Documents/GitHub/Fun4_RoboticDev/install/fun4_pkg/share/fun4_pkg/robot/visual
[1.323s] -- Installing: /home/itoon/Documents/GitHub/Fun4_RoboticDev/install/fun4_pkg/share/fun4_pkg/robot/visual/my-robot.xacro
[1.323s] -- Installing: /home/itoon/Documents/GitHub/Fun4_RoboticDev/install/fun4_pkg/share/fun4_pkg/robot/visual/01-myfirst.urdf
[1.323s] -- Installing: /home/itoon/Documents/GitHub/Fun4_RoboticDev/install/fun4_pkg/share/ament_index/resource_index/package_run_dependencies/fun4_pkg
[1.323s] -- Installing: /home/itoon/Documents/GitHub/Fun4_RoboticDev/install/fun4_pkg/share/ament_index/resource_index/parent_prefix_path/fun4_pkg
[1.323s] -- Installing: /home/itoon/Documents/GitHub/Fun4_RoboticDev/install/fun4_pkg/share/fun4_pkg/environment/ament_prefix_path.sh
[1.324s] -- Installing: /home/itoon/Documents/GitHub/Fun4_RoboticDev/install/fun4_pkg/share/fun4_pkg/environment/ament_prefix_path.dsv
[1.324s] -- Installing: /home/itoon/Documents/GitHub/Fun4_RoboticDev/install/fun4_pkg/share/fun4_pkg/environment/path.sh
[1.324s] -- Installing: /home/itoon/Documents/GitHub/Fun4_RoboticDev/install/fun4_pkg/share/fun4_pkg/environment/path.dsv
[1.324s] -- Installing: /home/itoon/Documents/GitHub/Fun4_RoboticDev/install/fun4_pkg/share/fun4_pkg/local_setup.bash
[1.324s] -- Installing: /home/itoon/Documents/GitHub/Fun4_RoboticDev/install/fun4_pkg/share/fun4_pkg/local_setup.sh
[1.324s] -- Installing: /home/itoon/Documents/GitHub/Fun4_RoboticDev/install/fun4_pkg/share/fun4_pkg/local_setup.zsh
[1.324s] -- Installing: /home/itoon/Documents/GitHub/Fun4_RoboticDev/install/fun4_pkg/share/fun4_pkg/local_setup.dsv
[1.324s] -- Installing: /home/itoon/Documents/GitHub/Fun4_RoboticDev/install/fun4_pkg/share/fun4_pkg/package.dsv
[1.324s] -- Installing: /home/itoon/Documents/GitHub/Fun4_RoboticDev/install/fun4_pkg/share/ament_index/resource_index/packages/fun4_pkg
[1.324s] -- Installing: /home/itoon/Documents/GitHub/Fun4_RoboticDev/install/fun4_pkg/share/fun4_pkg/cmake/fun4_pkgConfig.cmake
[1.324s] -- Installing: /home/itoon/Documents/GitHub/Fun4_RoboticDev/install/fun4_pkg/share/fun4_pkg/cmake/fun4_pkgConfig-version.cmake
[1.324s] -- Installing: /home/itoon/Documents/GitHub/Fun4_RoboticDev/install/fun4_pkg/share/fun4_pkg/package.xml
[1.326s] Invoked command in '/home/itoon/Documents/GitHub/Fun4_RoboticDev/build/fun4_pkg' returned '0': CMAKE_PREFIX_PATH=${CMAKE_PREFIX_PATH}:/opt/ros/humble /usr/bin/cmake --install /home/itoon/Documents/GitHub/Fun4_RoboticDev/build/fun4_pkg
